2025-12-19 02:58:39 - [INFO] - ğŸš€ æ—¥å¿—ç³»ç»Ÿåˆå§‹åŒ–å®Œæˆã€‚æ—¥å¿—æ–‡ä»¶è·¯å¾„: /root/KGPRAG/logs/kgprag_eval_20251219_025839.log
2025-12-19 02:58:39 - [INFO] - 
================================================================================
2025-12-19 02:58:39 - [INFO] - ğŸš€ æ­£åœ¨å¯åŠ¨ Advanced GraphRAG å¼•æ“ (å…¨é‡å»ºå›¾ + é™å®šæ£€ç´¢æ¨¡å¼)...
2025-12-19 02:58:39 - [INFO] -    ğŸ“‚ ç´¢å¼•ç›®å½•: /root/KGPRAG/data/hotpotqa
2025-12-19 02:58:39 - [INFO] -    âœ… å¯¹æ ‡ KG2RAG è®ºæ–‡å®éªŒè®¾ç½®
2025-12-19 02:58:39 - [INFO] -    âœ… å…¨é‡å›¾è°± + doc_filter é™åˆ¶æ£€ç´¢èŒƒå›´
2025-12-19 02:58:39 - [INFO] -    âœ… å¤šä¿¡å·å¯ä¿¡åº¦è¯„åˆ†: Enabled
2025-12-19 02:58:39 - [INFO] - ================================================================================

2025-12-19 02:58:39 - [INFO] - ğŸ“ åŠ è½½æ ·æœ¬-æ–‡æ¡£æ˜ å°„: 7405 ä¸ªæ ·æœ¬
2025-12-19 03:01:38 - [INFO] - ğŸ“‚ æ­£åœ¨åŠ è½½æ•°æ®é›†: /root/KGPRAG/data/hotpot_dev_distractor_v1.json ...
2025-12-19 03:01:38 - [INFO] - âœ… æˆåŠŸåŠ è½½ 7405 æ¡æ•°æ®ã€‚
2025-12-19 03:01:38 - [INFO] - 
ğŸ¯ å¼€å§‹è¯„æµ‹ (è·‘ 800 æ¡æ•°æ®)
2025-12-19 03:01:38 - [INFO] - âš™ï¸ å‚æ•°: Beam Width=5, Hops=3
2025-12-19 03:01:38 - [INFO] - ğŸ’¾ ç»“æœå°†å®æ—¶ä¿å­˜åˆ°: /root/KGPRAG/data/advanced_rag_results.jsonl

2025-12-19 03:01:38 - [INFO] - ------------------------------------------------------------
2025-12-19 03:01:38 - [INFO] - è¿›åº¦: [1/800] | Query ID: 5a8b57f25542995d1e6f1371
2025-12-19 03:01:38 - [INFO] - â“ é—®é¢˜: Were Scott Derrickson and Ed Wood of the same nationality?
2025-12-19 03:01:38 - [INFO] - ğŸ“‹ doc_filter: 10 ä¸ªæ–‡æ¡£
2025-12-19 03:15:15 - [INFO] - ğŸ¤– é¢„æµ‹: American
2025-12-19 03:15:15 - [INFO] - âœ… çœŸå€¼: yes
2025-12-19 03:15:15 - [INFO] - ğŸ“Š æŒ‡æ ‡: F1=0.00 | P=0.00 | R=0.00 | âŒ MISS (è€—æ—¶: 817.21s)
2025-12-19 03:15:15 - [INFO] - ------------------------------------------------------------
2025-12-19 03:15:15 - [INFO] - è¿›åº¦: [2/800] | Query ID: 5a8c7595554299585d9e36b6
2025-12-19 03:15:15 - [INFO] - â“ é—®é¢˜: What government position was held by the woman who portrayed Corliss Archer in the film Kiss and Tell?
2025-12-19 03:15:15 - [INFO] - ğŸ“‹ doc_filter: 10 ä¸ªæ–‡æ¡£
2025-12-19 03:15:25 - [INFO] - ğŸ¤– é¢„æµ‹: Chief of Protocol of the United States
2025-12-19 03:15:25 - [INFO] - âœ… çœŸå€¼: Chief of Protocol
2025-12-19 03:15:25 - [INFO] - âš–ï¸ è£åˆ¤: âœ… è¯­ä¹‰ä¸€è‡´ (è™½ç„¶ F1=0.67)
2025-12-19 03:15:25 - [INFO] - ğŸ“Š æŒ‡æ ‡: F1=0.67 | P=0.50 | R=1.00 | âœ… Sem-Match (è€—æ—¶: 9.92s)
2025-12-19 03:15:25 - [INFO] - ------------------------------------------------------------
2025-12-19 03:15:25 - [INFO] - è¿›åº¦: [3/800] | Query ID: 5a85ea095542994775f606a8
2025-12-19 03:15:25 - [INFO] - â“ é—®é¢˜: What science fantasy young adult series, told in first person, has a set of companion books narrating the stories of enslaved worlds and alien species?
2025-12-19 03:15:25 - [INFO] - ğŸ“‹ doc_filter: 10 ä¸ªæ–‡æ¡£
2025-12-19 03:15:34 - [INFO] - ğŸ¤– é¢„æµ‹: Animorphs
2025-12-19 03:15:34 - [INFO] - âœ… çœŸå€¼: Animorphs
2025-12-19 03:15:34 - [INFO] - ğŸ“Š æŒ‡æ ‡: F1=1.00 | P=1.00 | R=1.00 | ğŸ‰ High F1 (1.00) (è€—æ—¶: 9.05s)
2025-12-19 03:15:34 - [INFO] - ------------------------------------------------------------
2025-12-19 03:15:34 - [INFO] - è¿›åº¦: [4/800] | Query ID: 5adbf0a255429947ff17385a
2025-12-19 03:15:34 - [INFO] - â“ é—®é¢˜: Are the Laleli Mosque and Esma Sultan Mansion located in the same neighborhood?
2025-12-19 03:15:34 - [INFO] - ğŸ“‹ doc_filter: 10 ä¸ªæ–‡æ¡£
2025-12-19 03:15:43 - [INFO] - ğŸ¤– é¢„æµ‹: No
2025-12-19 03:15:43 - [INFO] - âœ… çœŸå€¼: no
2025-12-19 03:15:43 - [INFO] - ğŸ“Š æŒ‡æ ‡: F1=1.00 | P=1.00 | R=1.00 | ğŸ‰ High F1 (1.00) (è€—æ—¶: 8.58s)
2025-12-19 03:15:43 - [INFO] - ------------------------------------------------------------
2025-12-19 03:15:43 - [INFO] - è¿›åº¦: [5/800] | Query ID: 5a8e3ea95542995a26add48d
2025-12-19 03:15:43 - [INFO] - â“ é—®é¢˜: The director of the romantic comedy "Big Stone Gap" is based in what New York city?
2025-12-19 03:15:43 - [INFO] - ğŸ“‹ doc_filter: 10 ä¸ªæ–‡æ¡£
2025-12-19 03:15:52 - [INFO] - ğŸ¤– é¢„æµ‹: Greenwich Village
2025-12-19 03:15:52 - [INFO] - âœ… çœŸå€¼: Greenwich Village, New York City
2025-12-19 03:15:52 - [INFO] - âš–ï¸ è£åˆ¤: âœ… è¯­ä¹‰ä¸€è‡´ (è™½ç„¶ F1=0.57)
2025-12-19 03:15:52 - [INFO] - ğŸ“Š æŒ‡æ ‡: F1=0.57 | P=1.00 | R=0.40 | âœ… Sem-Match (è€—æ—¶: 9.13s)
2025-12-19 03:15:52 - [INFO] - ------------------------------------------------------------
2025-12-19 03:15:52 - [INFO] - è¿›åº¦: [6/800] | Query ID: 5abd94525542992ac4f382d2
2025-12-19 03:15:52 - [INFO] - â“ é—®é¢˜: 2014 S/S is the debut album of a South Korean boy group that was formed by who?
2025-12-19 03:15:52 - [INFO] - ğŸ“‹ doc_filter: 10 ä¸ªæ–‡æ¡£
2025-12-19 03:16:01 - [INFO] - ğŸ¤– é¢„æµ‹: YG Entertainment
2025-12-19 03:16:01 - [INFO] - âœ… çœŸå€¼: YG Entertainment
2025-12-19 03:16:01 - [INFO] - ğŸ“Š æŒ‡æ ‡: F1=1.00 | P=1.00 | R=1.00 | ğŸ‰ High F1 (1.00) (è€—æ—¶: 8.83s)
2025-12-19 03:16:01 - [INFO] - ------------------------------------------------------------
2025-12-19 03:16:01 - [INFO] - è¿›åº¦: [7/800] | Query ID: 5a85b2d95542997b5ce40028
2025-12-19 03:16:01 - [INFO] - â“ é—®é¢˜: Who was known by his stage name Aladin and helped organizations improve their performance as a consultant?
2025-12-19 03:16:01 - [INFO] - ğŸ“‹ doc_filter: 10 ä¸ªæ–‡æ¡£
2025-12-19 03:16:11 - [INFO] - ğŸ¤– é¢„æµ‹: Eenasul Fateh (Aladin)
2025-12-19 03:16:11 - [INFO] - âœ… çœŸå€¼: Eenasul Fateh
2025-12-19 03:16:11 - [INFO] - ğŸ“Š æŒ‡æ ‡: F1=0.80 | P=0.67 | R=1.00 | ğŸ‰ High F1 (0.80) (è€—æ—¶: 9.69s)
2025-12-19 03:16:11 - [INFO] - ------------------------------------------------------------
2025-12-19 03:16:11 - [INFO] - è¿›åº¦: [8/800] | Query ID: 5a87ab905542996e4f3088c1
2025-12-19 03:16:11 - [INFO] - â“ é—®é¢˜: The arena where the Lewiston Maineiacs played their home games can seat how many people?
2025-12-19 03:16:11 - [INFO] - ğŸ“‹ doc_filter: 10 ä¸ªæ–‡æ¡£
2025-12-19 03:16:20 - [INFO] - ğŸ¤– é¢„æµ‹: 3,677
2025-12-19 03:16:20 - [INFO] - âœ… çœŸå€¼: 3,677 seated
2025-12-19 03:16:20 - [INFO] - âš–ï¸ è£åˆ¤: âœ… è¯­ä¹‰ä¸€è‡´ (è™½ç„¶ F1=0.67)
2025-12-19 03:16:20 - [INFO] - ğŸ“Š æŒ‡æ ‡: F1=0.67 | P=1.00 | R=0.50 | âœ… Sem-Match (è€—æ—¶: 9.29s)
2025-12-19 03:16:20 - [INFO] - ------------------------------------------------------------
2025-12-19 03:16:20 - [INFO] - è¿›åº¦: [9/800] | Query ID: 5a7bbb64554299042af8f7cc
2025-12-19 03:16:20 - [INFO] - â“ é—®é¢˜: Who is older, Annie Morton or Terry Richardson?
2025-12-19 03:16:20 - [INFO] - ğŸ“‹ doc_filter: 10 ä¸ªæ–‡æ¡£
2025-12-19 03:16:30 - [INFO] - ğŸ¤– é¢„æµ‹: Annie Morton (born October 8, 1970) vs. Terry Richardson (born August 14, 1965)
2025-12-19 03:16:30 - [INFO] - âœ… çœŸå€¼: Terry Richardson
2025-12-19 03:16:30 - [INFO] - ğŸ“Š æŒ‡æ ‡: F1=0.27 | P=0.15 | R=1.00 | âš ï¸ Low F1 (0.27) (è€—æ—¶: 9.91s)
2025-12-19 03:16:30 - [INFO] - ------------------------------------------------------------
2025-12-19 03:16:30 - [INFO] - è¿›åº¦: [10/800] | Query ID: 5a8db19d5542994ba4e3dd00
2025-12-19 03:16:30 - [INFO] - â“ é—®é¢˜: Are Local H and For Against both from the United States?
2025-12-19 03:16:30 - [INFO] - ğŸ“‹ doc_filter: 10 ä¸ªæ–‡æ¡£
2025-12-19 03:16:39 - [INFO] - ğŸ¤– é¢„æµ‹: yes
2025-12-19 03:16:39 - [INFO] - âœ… çœŸå€¼: yes
2025-12-19 03:16:39 - [INFO] - ğŸ“Š æŒ‡æ ‡: F1=1.00 | P=1.00 | R=1.00 | ğŸ‰ High F1 (1.00) (è€—æ—¶: 8.78s)
2025-12-19 03:16:39 - [INFO] - ------------------------------------------------------------
2025-12-19 03:16:39 - [INFO] - è¿›åº¦: [11/800] | Query ID: 5a7166395542994082a3e814
2025-12-19 03:16:39 - [INFO] - â“ é—®é¢˜: What is the name of the fight song of the university whose main campus is in Lawrence, Kansas and whose branch campuses are in the Kansas City metropolitan area?
2025-12-19 03:16:39 - [INFO] - ğŸ“‹ doc_filter: 10 ä¸ªæ–‡æ¡£
2025-12-19 03:16:48 - [INFO] - ğŸ¤– é¢„æµ‹: Kansas Song (Weâ€™re From Kansas)
2025-12-19 03:16:48 - [INFO] - âœ… çœŸå€¼: Kansas Song
2025-12-19 03:16:48 - [INFO] - âš–ï¸ è£åˆ¤: âœ… è¯­ä¹‰ä¸€è‡´ (è™½ç„¶ F1=0.57)
2025-12-19 03:16:48 - [INFO] - ğŸ“Š æŒ‡æ ‡: F1=0.57 | P=0.40 | R=1.00 | âœ… Sem-Match (è€—æ—¶: 9.58s)
2025-12-19 03:16:48 - [INFO] - ------------------------------------------------------------
2025-12-19 03:16:48 - [INFO] - è¿›åº¦: [12/800] | Query ID: 5a877e5d5542993e715abf7d
2025-12-19 03:16:48 - [INFO] - â“ é—®é¢˜: What screenwriter with credits for "Evolution" co-wrote a film starring Nicolas Cage and TÃ©a Leoni?
2025-12-19 03:16:48 - [INFO] - ğŸ“‹ doc_filter: 10 ä¸ªæ–‡æ¡£
2025-12-19 03:16:57 - [INFO] - ğŸ¤– é¢„æµ‹: David Weissman
2025-12-19 03:16:57 - [INFO] - âœ… çœŸå€¼: David Weissman
2025-12-19 03:16:57 - [INFO] - ğŸ“Š æŒ‡æ ‡: F1=1.00 | P=1.00 | R=1.00 | ğŸ‰ High F1 (1.00) (è€—æ—¶: 9.25s)
2025-12-19 03:16:57 - [INFO] - ------------------------------------------------------------
2025-12-19 03:16:57 - [INFO] - è¿›åº¦: [13/800] | Query ID: 5ab3b0bf5542992ade7c6e39
2025-12-19 03:16:57 - [INFO] - â“ é—®é¢˜: What year did Guns N Roses perform a promo for a movie starring Arnold Schwarzenegger as a former New York Police detective?
2025-12-19 03:16:57 - [INFO] - ğŸ“‹ doc_filter: 10 ä¸ªæ–‡æ¡£
2025-12-19 03:17:06 - [INFO] - ğŸ¤– é¢„æµ‹: 1999
2025-12-19 03:17:06 - [INFO] - âœ… çœŸå€¼: 1999
2025-12-19 03:17:06 - [INFO] - ğŸ“Š æŒ‡æ ‡: F1=1.00 | P=1.00 | R=1.00 | ğŸ‰ High F1 (1.00) (è€—æ—¶: 8.90s)
2025-12-19 03:17:06 - [INFO] - ------------------------------------------------------------
2025-12-19 03:17:06 - [INFO] - è¿›åº¦: [14/800] | Query ID: 5ab56e32554299637185c594
2025-12-19 03:17:06 - [INFO] - â“ é—®é¢˜: Are Random House Tower and 888 7th Avenue both used for real estate?
2025-12-19 03:17:06 - [INFO] - ğŸ“‹ doc_filter: 10 ä¸ªæ–‡æ¡£
2025-12-19 03:17:16 - [INFO] - ğŸ¤– é¢„æµ‹: yes
2025-12-19 03:17:16 - [INFO] - âœ… çœŸå€¼: no
2025-12-19 03:17:16 - [INFO] - ğŸ“Š æŒ‡æ ‡: F1=0.00 | P=0.00 | R=0.00 | âŒ MISS (è€—æ—¶: 9.39s)
2025-12-19 03:17:16 - [INFO] - ------------------------------------------------------------
2025-12-19 03:17:16 - [INFO] - è¿›åº¦: [15/800] | Query ID: 5ab6d09255429954757d337d
2025-12-19 03:17:16 - [INFO] - â“ é—®é¢˜: The football manager who recruited David Beckham managed Manchester United during what timeframe?
2025-12-19 03:17:16 - [INFO] - ğŸ“‹ doc_filter: 10 ä¸ªæ–‡æ¡£
2025-12-19 03:17:25 - [INFO] - ğŸ¤– é¢„æµ‹: Sir Alexander Chapman Ferguson, CBE (1986-2013)
2025-12-19 03:17:25 - [INFO] - âœ… çœŸå€¼: from 1986 to 2013
2025-12-19 03:17:25 - [INFO] - âš–ï¸ è£åˆ¤: âœ… è¯­ä¹‰ä¸€è‡´ (è™½ç„¶ F1=0.36)
2025-12-19 03:17:25 - [INFO] - ğŸ“Š æŒ‡æ ‡: F1=0.36 | P=0.29 | R=0.50 | âœ… Sem-Match (è€—æ—¶: 9.33s)
2025-12-19 03:17:25 - [INFO] - ------------------------------------------------------------
2025-12-19 03:17:25 - [INFO] - è¿›åº¦: [16/800] | Query ID: 5a75e05c55429976ec32bc5f
2025-12-19 03:17:25 - [INFO] - â“ é—®é¢˜: Brown State Fishing Lake is in a country that has a population of how many inhabitants ?
2025-12-19 03:17:25 - [INFO] - ğŸ“‹ doc_filter: 10 ä¸ªæ–‡æ¡£
2025-12-19 03:17:35 - [INFO] - ğŸ¤– é¢„æµ‹: United States, 9,984
2025-12-19 03:17:35 - [INFO] - âœ… çœŸå€¼: 9,984
2025-12-19 03:17:35 - [INFO] - âš–ï¸ è£åˆ¤: âœ… è¯­ä¹‰ä¸€è‡´ (è™½ç„¶ F1=0.50)
2025-12-19 03:17:35 - [INFO] - ğŸ“Š æŒ‡æ ‡: F1=0.50 | P=0.33 | R=1.00 | âœ… Sem-Match (è€—æ—¶: 9.64s)
2025-12-19 03:17:35 - [INFO] - ------------------------------------------------------------
2025-12-19 03:17:35 - [INFO] - è¿›åº¦: [17/800] | Query ID: 5ab3e45655429976abd1bcd4
2025-12-19 03:17:35 - [INFO] - â“ é—®é¢˜: The Vermont Catamounts men's soccer team currently competes in a conference that was formerly known as what from 1988 to 1996?
2025-12-19 03:17:35 - [INFO] - ğŸ“‹ doc_filter: 10 ä¸ªæ–‡æ¡£
2025-12-19 03:17:44 - [INFO] - ğŸ¤– é¢„æµ‹: North Atlantic Conference
2025-12-19 03:17:44 - [INFO] - âœ… çœŸå€¼: the North Atlantic Conference
2025-12-19 03:17:44 - [INFO] - ğŸ“Š æŒ‡æ ‡: F1=1.00 | P=1.00 | R=1.00 | ğŸ‰ High F1 (1.00) (è€—æ—¶: 8.90s)
2025-12-19 03:17:44 - [INFO] - ------------------------------------------------------------
2025-12-19 03:17:44 - [INFO] - è¿›åº¦: [18/800] | Query ID: 5ab29c24554299449642c932
2025-12-19 03:17:44 - [INFO] - â“ é—®é¢˜: Are Giuseppe Verdi and Ambroise Thomas both Opera composers ?
2025-12-19 03:17:44 - [INFO] - ğŸ“‹ doc_filter: 10 ä¸ªæ–‡æ¡£
2025-12-19 03:17:52 - [INFO] - ğŸ¤– é¢„æµ‹: yes
2025-12-19 03:17:52 - [INFO] - âœ… çœŸå€¼: yes
2025-12-19 03:17:52 - [INFO] - ğŸ“Š æŒ‡æ ‡: F1=1.00 | P=1.00 | R=1.00 | ğŸ‰ High F1 (1.00) (è€—æ—¶: 8.93s)
2025-12-19 03:17:52 - [INFO] - ------------------------------------------------------------
2025-12-19 03:17:52 - [INFO] - è¿›åº¦: [19/800] | Query ID: 5ae0d4c9554299603e418468
2025-12-19 03:17:52 - [INFO] - â“ é—®é¢˜: Roger O. Egeberg was Assistant Secretary for Health and Scientific Affairs during the administration of a president that served during what years?
2025-12-19 03:17:52 - [INFO] - ğŸ“‹ doc_filter: 10 ä¸ªæ–‡æ¡£
2025-12-19 03:18:02 - [INFO] - ğŸ¤– é¢„æµ‹: Nixon
2025-12-19 03:18:02 - [INFO] - âœ… çœŸå€¼: 1969 until 1974
2025-12-19 03:18:02 - [INFO] - ğŸ“Š æŒ‡æ ‡: F1=0.00 | P=0.00 | R=0.00 | âŒ MISS (è€—æ—¶: 9.45s)
2025-12-19 03:18:02 - [INFO] - ------------------------------------------------------------
2025-12-19 03:18:02 - [INFO] - è¿›åº¦: [20/800] | Query ID: 5a8133725542995ce29dcbdb
2025-12-19 03:18:02 - [INFO] - â“ é—®é¢˜: Which writer was from England, Henry Roth or Robert Erskine Childers?
2025-12-19 03:18:02 - [INFO] - ğŸ“‹ doc_filter: 10 ä¸ªæ–‡æ¡£
2025-12-19 03:18:11 - [INFO] - ğŸ¤– é¢„æµ‹: Robert Erskine Childers
2025-12-19 03:18:11 - [INFO] - âœ… çœŸå€¼: Robert Erskine Childers DSC
2025-12-19 03:18:11 - [INFO] - ğŸ“Š æŒ‡æ ‡: F1=0.86 | P=1.00 | R=0.75 | ğŸ‰ High F1 (0.86) (è€—æ—¶: 9.44s)
2025-12-19 03:18:11 - [INFO] - ------------------------------------------------------------
2025-12-19 03:18:11 - [INFO] - è¿›åº¦: [21/800] | Query ID: 5ae7a8175542993210983ed8
2025-12-19 03:18:11 - [INFO] - â“ é—®é¢˜: Which other Mexican Formula One race car driver has held the podium besides the Force India driver born in 1990?
2025-12-19 03:18:11 - [INFO] - ğŸ“‹ doc_filter: 10 ä¸ªæ–‡æ¡£
2025-12-19 03:18:20 - [INFO] - ğŸ¤– é¢„æµ‹: Pedro RodrÃ­guez
2025-12-19 03:18:20 - [INFO] - âœ… çœŸå€¼: Pedro RodrÃ­guez
2025-12-19 03:18:20 - [INFO] - ğŸ“Š æŒ‡æ ‡: F1=1.00 | P=1.00 | R=1.00 | ğŸ‰ High F1 (1.00) (è€—æ—¶: 8.64s)
2025-12-19 03:18:20 - [INFO] - ------------------------------------------------------------
2025-12-19 03:18:20 - [INFO] - è¿›åº¦: [22/800] | Query ID: 5ae6050f55429929b0807a5e
2025-12-19 03:18:20 - [INFO] - â“ é—®é¢˜: This singer of A Rather Blustery Day also voiced what hedgehog?
2025-12-19 03:18:20 - [INFO] - ğŸ“‹ doc_filter: 10 ä¸ªæ–‡æ¡£
2025-12-19 03:18:30 - [INFO] - ğŸ¤– é¢„æµ‹: Dr. Robotnik
2025-12-19 03:18:30 - [INFO] - âœ… çœŸå€¼: Sonic
2025-12-19 03:18:30 - [INFO] - ğŸ“Š æŒ‡æ ‡: F1=0.00 | P=0.00 | R=0.00 | âŒ MISS (è€—æ—¶: 9.63s)
2025-12-19 03:18:30 - [INFO] - ------------------------------------------------------------
2025-12-19 03:18:30 - [INFO] - è¿›åº¦: [23/800] | Query ID: 5adddccd5542997dc7907069
2025-12-19 03:18:30 - [INFO] - â“ é—®é¢˜: Aside from the Apple Remote, what other device can control the program Apple Remote was originally designed to interact with?
2025-12-19 03:18:30 - [INFO] - ğŸ“‹ doc_filter: 10 ä¸ªæ–‡æ¡£
2025-12-19 03:18:39 - [INFO] - ğŸ¤– é¢„æµ‹: Front Row
2025-12-19 03:18:39 - [INFO] - âœ… çœŸå€¼: keyboard function keys
2025-12-19 03:18:39 - [INFO] - ğŸ“Š æŒ‡æ ‡: F1=0.00 | P=0.00 | R=0.00 | âŒ MISS (è€—æ—¶: 9.38s)
2025-12-19 03:18:39 - [INFO] - ------------------------------------------------------------
2025-12-19 03:18:39 - [INFO] - è¿›åº¦: [24/800] | Query ID: 5ae2070a5542994d89d5b313
2025-12-19 03:18:39 - [INFO] - â“ é—®é¢˜: Which performance act has a higher instrument to person ratio, Badly Drawn Boy or Wolf Alice? 
2025-12-19 03:18:39 - [INFO] - ğŸ“‹ doc_filter: 10 ä¸ªæ–‡æ¡£
2025-12-19 03:18:48 - [INFO] - ğŸ¤– é¢„æµ‹: Badly Drawn Boy
2025-12-19 03:18:48 - [INFO] - âœ… çœŸå€¼: Badly Drawn Boy
2025-12-19 03:18:48 - [INFO] - ğŸ“Š æŒ‡æ ‡: F1=1.00 | P=1.00 | R=1.00 | ğŸ‰ High F1 (1.00) (è€—æ—¶: 9.27s)
2025-12-19 03:18:48 - [INFO] - ------------------------------------------------------------
2025-12-19 03:18:48 - [INFO] - è¿›åº¦: [25/800] | Query ID: 5ae22b8d554299234fd0440f
2025-12-19 03:18:48 - [INFO] - â“ é—®é¢˜: What was the father of Kasper Schmeichel voted to be by the IFFHS in 1992?
2025-12-19 03:18:48 - [INFO] - ğŸ“‹ doc_filter: 10 ä¸ªæ–‡æ¡£
2025-12-19 03:18:58 - [INFO] - ğŸ¤– é¢„æµ‹: Peter Schmeichel
2025-12-19 03:18:58 - [INFO] - âœ… çœŸå€¼: World's Best Goalkeeper
2025-12-19 03:18:58 - [INFO] - âš–ï¸ è£åˆ¤: âœ… è¯­ä¹‰ä¸€è‡´ (è™½ç„¶ F1=0.00)
2025-12-19 03:18:58 - [INFO] - ğŸ“Š æŒ‡æ ‡: F1=0.00 | P=0.00 | R=0.00 | âœ… Sem-Match (è€—æ—¶: 9.62s)
2025-12-19 03:18:58 - [INFO] - ------------------------------------------------------------
2025-12-19 03:18:58 - [INFO] - è¿›åº¦: [26/800] | Query ID: 5a722b8655429971e9dc9329
2025-12-19 03:18:58 - [INFO] - â“ é—®é¢˜: Who was the writer of These Boots Are Made for Walkin' and who died in 2007?
2025-12-19 03:18:58 - [INFO] - ğŸ“‹ doc_filter: 10 ä¸ªæ–‡æ¡£
2025-12-19 03:19:07 - [INFO] - ğŸ¤– é¢„æµ‹: Lee Hazlewood, Frank Sinatra
2025-12-19 03:19:07 - [INFO] - âœ… çœŸå€¼: Barton Lee Hazlewood
2025-12-19 03:19:07 - [INFO] - ğŸ“Š æŒ‡æ ‡: F1=0.57 | P=0.50 | R=0.67 | ğŸ‰ High F1 (0.57) (è€—æ—¶: 9.45s)
2025-12-19 03:19:07 - [INFO] - ------------------------------------------------------------
2025-12-19 03:19:07 - [INFO] - è¿›åº¦: [27/800] | Query ID: 5adf37a95542995ec70e8f97
2025-12-19 03:19:07 - [INFO] - â“ é—®é¢˜: The 2011â€“12 VCU Rams men's basketball team, led by third year head coach Shaka Smart, represented Virginia Commonwealth University which was founded in what year?
2025-12-19 03:19:07 - [INFO] - ğŸ“‹ doc_filter: 10 ä¸ªæ–‡æ¡£
2025-12-19 03:19:17 - [INFO] - ğŸ¤– é¢„æµ‹: 1838
2025-12-19 03:19:17 - [INFO] - âœ… çœŸå€¼: 1838
2025-12-19 03:19:17 - [INFO] - ğŸ“Š æŒ‡æ ‡: F1=1.00 | P=1.00 | R=1.00 | ğŸ‰ High F1 (1.00) (è€—æ—¶: 9.21s)
2025-12-19 03:19:17 - [INFO] - ------------------------------------------------------------
2025-12-19 03:19:17 - [INFO] - è¿›åº¦: [28/800] | Query ID: 5abd259d55429924427fcf1a
2025-12-19 03:19:17 - [INFO] - â“ é—®é¢˜: Are both Dictyosperma, and Huernia described as a genus?
2025-12-19 03:19:17 - [INFO] - ğŸ“‹ doc_filter: 2 ä¸ªæ–‡æ¡£
2025-12-19 03:19:26 - [INFO] - ğŸ¤– é¢„æµ‹: yes
2025-12-19 03:19:26 - [INFO] - âœ… çœŸå€¼: yes
2025-12-19 03:19:26 - [INFO] - ğŸ“Š æŒ‡æ ‡: F1=1.00 | P=1.00 | R=1.00 | ğŸ‰ High F1 (1.00) (è€—æ—¶: 8.99s)
2025-12-19 03:19:26 - [INFO] - ------------------------------------------------------------
2025-12-19 03:19:26 - [INFO] - è¿›åº¦: [29/800] | Query ID: 5a828c8355429966c78a6a50
2025-12-19 03:19:26 - [INFO] - â“ é—®é¢˜: Kaiser Ventures corporation was founded by an American industrialist who became known as the father of modern American shipbuilding?
2025-12-19 03:19:26 - [INFO] - ğŸ“‹ doc_filter: 10 ä¸ªæ–‡æ¡£
2025-12-19 03:19:35 - [INFO] - ğŸ¤– é¢„æµ‹: Henry J. Kaiser
2025-12-19 03:19:35 - [INFO] - âœ… çœŸå€¼: Henry J. Kaiser
2025-12-19 03:19:35 - [INFO] - ğŸ“Š æŒ‡æ ‡: F1=1.00 | P=1.00 | R=1.00 | ğŸ‰ High F1 (1.00) (è€—æ—¶: 8.96s)
2025-12-19 03:19:35 - [INFO] - ------------------------------------------------------------
2025-12-19 03:19:35 - [INFO] - è¿›åº¦: [30/800] | Query ID: 5a8a3e745542996c9b8d5e70
2025-12-19 03:19:35 - [INFO] - â“ é—®é¢˜: What is the name for the adventure in "Tunnels and Trolls", a game designed by Ken St. Andre?
2025-12-19 03:19:35 - [INFO] - ğŸ“‹ doc_filter: 10 ä¸ªæ–‡æ¡£
2025-12-19 03:19:44 - [INFO] - ğŸ¤– é¢„æµ‹: Arena of Khazan
2025-12-19 03:19:44 - [INFO] - âœ… çœŸå€¼: Arena of Khazan
2025-12-19 03:19:44 - [INFO] - ğŸ“Š æŒ‡æ ‡: F1=1.00 | P=1.00 | R=1.00 | ğŸ‰ High F1 (1.00) (è€—æ—¶: 9.14s)
2025-12-19 03:19:44 - [INFO] - ------------------------------------------------------------
2025-12-19 03:19:44 - [INFO] - è¿›åº¦: [31/800] | Query ID: 5ac23ff0554299636651994d
2025-12-19 03:19:44 - [INFO] - â“ é—®é¢˜: When was Poison's album "Shut Up, Make Love" released?
2025-12-19 03:19:44 - [INFO] - ğŸ“‹ doc_filter: 10 ä¸ªæ–‡æ¡£
2025-12-19 03:19:53 - [INFO] - ğŸ¤– é¢„æµ‹: March 14, 2000
2025-12-19 03:19:53 - [INFO] - âœ… çœŸå€¼: 2000
2025-12-19 03:19:53 - [INFO] - âš–ï¸ è£åˆ¤: âœ… è¯­ä¹‰ä¸€è‡´ (è™½ç„¶ F1=0.50)
2025-12-19 03:19:53 - [INFO] - ğŸ“Š æŒ‡æ ‡: F1=0.50 | P=0.33 | R=1.00 | âœ… Sem-Match (è€—æ—¶: 9.44s)
2025-12-19 03:19:53 - [INFO] - ------------------------------------------------------------
2025-12-19 03:19:53 - [INFO] - è¿›åº¦: [32/800] | Query ID: 5ae4a3265542995ad6573de5
2025-12-19 03:19:53 - [INFO] - â“ é—®é¢˜: Hayden is a singer-songwriter from Canada, but where does Buck-Tick hail from?
2025-12-19 03:19:53 - [INFO] - ğŸ“‹ doc_filter: 10 ä¸ªæ–‡æ¡£
2025-12-19 03:20:03 - [INFO] - ğŸ¤– é¢„æµ‹: Japan
2025-12-19 03:20:03 - [INFO] - âœ… çœŸå€¼: Fujioka, Gunma
2025-12-19 03:20:03 - [INFO] - ğŸ“Š æŒ‡æ ‡: F1=0.00 | P=0.00 | R=0.00 | âŒ MISS (è€—æ—¶: 9.73s)
2025-12-19 03:20:03 - [INFO] - ------------------------------------------------------------
2025-12-19 03:20:03 - [INFO] - è¿›åº¦: [33/800] | Query ID: 5ae0361155429925eb1afc2c
2025-12-19 03:20:03 - [INFO] - â“ é—®é¢˜: Which  French ace pilot and adventurer fly L'Oiseau Blanc
2025-12-19 03:20:03 - [INFO] - ğŸ“‹ doc_filter: 10 ä¸ªæ–‡æ¡£
2025-12-19 03:20:12 - [INFO] - ğŸ¤– é¢„æµ‹: FranÃ§ois Coli
2025-12-19 03:20:12 - [INFO] - âœ… çœŸå€¼: Charles EugÃ¨ne
2025-12-19 03:20:12 - [INFO] - ğŸ“Š æŒ‡æ ‡: F1=0.00 | P=0.00 | R=0.00 | âŒ MISS (è€—æ—¶: 9.17s)
2025-12-19 03:20:12 - [INFO] - ------------------------------------------------------------
2025-12-19 03:20:12 - [INFO] - è¿›åº¦: [34/800] | Query ID: 5abc0a5d5542993f40c73c64
2025-12-19 03:20:12 - [INFO] - â“ é—®é¢˜: Are Freakonomics and In the Realm of the Hackers both American documentaries?
2025-12-19 03:20:12 - [INFO] - ğŸ“‹ doc_filter: 10 ä¸ªæ–‡æ¡£
2025-12-19 03:20:21 - [INFO] - ğŸ¤– é¢„æµ‹: no
2025-12-19 03:20:21 - [INFO] - âœ… çœŸå€¼: no
2025-12-19 03:20:21 - [INFO] - ğŸ“Š æŒ‡æ ‡: F1=1.00 | P=1.00 | R=1.00 | ğŸ‰ High F1 (1.00) (è€—æ—¶: 8.55s)
2025-12-19 03:20:21 - [INFO] - ------------------------------------------------------------
2025-12-19 03:20:21 - [INFO] - è¿›åº¦: [35/800] | Query ID: 5a7cc50e554299452d57ba3e
2025-12-19 03:20:21 - [INFO] - â“ é—®é¢˜: Which band, Letters to Cleo or Screaming Trees, had more members?
2025-12-19 03:20:21 - [INFO] - ğŸ“‹ doc_filter: 10 ä¸ªæ–‡æ¡£
2025-12-19 03:20:30 - [INFO] - ğŸ¤– é¢„æµ‹: Screaming Trees
2025-12-19 03:20:30 - [INFO] - âœ… çœŸå€¼: Letters to Cleo
2025-12-19 03:20:30 - [INFO] - ğŸ“Š æŒ‡æ ‡: F1=0.00 | P=0.00 | R=0.00 | âŒ MISS (è€—æ—¶: 9.55s)
2025-12-19 03:20:30 - [INFO] - ------------------------------------------------------------
2025-12-19 03:20:30 - [INFO] - è¿›åº¦: [36/800] | Query ID: 5abf63f15542997ec76fd3ea
2025-12-19 03:20:30 - [INFO] - â“ é—®é¢˜: Alexander Kerensky was defeated and destroyed by the Bolsheviks in the course of a civil war that ended when ?
2025-12-19 03:20:30 - [INFO] - ğŸ“‹ doc_filter: 10 ä¸ªæ–‡æ¡£
2025-12-19 03:20:40 - [INFO] - ğŸ¤– é¢„æµ‹: Russian Civil War
2025-12-19 03:20:40 - [INFO] - âœ… çœŸå€¼: October 1922
2025-12-19 03:20:40 - [INFO] - ğŸ“Š æŒ‡æ ‡: F1=0.00 | P=0.00 | R=0.00 | âŒ MISS (è€—æ—¶: 9.67s)
2025-12-19 03:20:40 - [INFO] - ------------------------------------------------------------
2025-12-19 03:20:40 - [INFO] - è¿›åº¦: [37/800] | Query ID: 5a8ef2a75542995a26add583
2025-12-19 03:20:40 - [INFO] - â“ é—®é¢˜: Seven Brief Lessons on Physics was written by an Italian physicist that has worked in France since what year?
2025-12-19 03:20:40 - [INFO] - ğŸ“‹ doc_filter: 10 ä¸ªæ–‡æ¡£
2025-12-19 03:20:49 - [INFO] - ğŸ¤– é¢„æµ‹: 2000
2025-12-19 03:20:49 - [INFO] - âœ… çœŸå€¼: 2000
2025-12-19 03:20:49 - [INFO] - ğŸ“Š æŒ‡æ ‡: F1=1.00 | P=1.00 | R=1.00 | ğŸ‰ High F1 (1.00) (è€—æ—¶: 8.85s)
2025-12-19 03:20:49 - [INFO] - ------------------------------------------------------------
2025-12-19 03:20:49 - [INFO] - è¿›åº¦: [38/800] | Query ID: 5a80721b554299485f5985ef
2025-12-19 03:20:49 - [INFO] - â“ é—®é¢˜: The Livesey Hal War Memorial commemorates the fallen of which war, that had over 60 million casualties?
2025-12-19 03:20:49 - [INFO] - ğŸ“‹ doc_filter: 10 ä¸ªæ–‡æ¡£
2025-12-19 03:20:57 - [INFO] - ğŸ¤– é¢„æµ‹: World War II
2025-12-19 03:20:57 - [INFO] - âœ… çœŸå€¼: World War II
2025-12-19 03:20:57 - [INFO] - ğŸ“Š æŒ‡æ ‡: F1=1.00 | P=1.00 | R=1.00 | ğŸ‰ High F1 (1.00) (è€—æ—¶: 8.76s)
2025-12-19 03:20:57 - [INFO] - ------------------------------------------------------------
2025-12-19 03:20:57 - [INFO] - è¿›åº¦: [39/800] | Query ID: 5ab51dae5542991779162d82
2025-12-19 03:20:57 - [INFO] - â“ é—®é¢˜: Are both Elko Regional Airport and Gerald R. Ford International Airport located in Michigan?
2025-12-19 03:20:57 - [INFO] - ğŸ“‹ doc_filter: 10 ä¸ªæ–‡æ¡£
2025-12-19 03:21:06 - [INFO] - ğŸ¤– é¢„æµ‹: no
2025-12-19 03:21:06 - [INFO] - âœ… çœŸå€¼: no
2025-12-19 03:21:06 - [INFO] - ğŸ“Š æŒ‡æ ‡: F1=1.00 | P=1.00 | R=1.00 | ğŸ‰ High F1 (1.00) (è€—æ—¶: 8.69s)
2025-12-19 03:21:06 - [INFO] - ------------------------------------------------------------
2025-12-19 03:21:06 - [INFO] - è¿›åº¦: [40/800] | Query ID: 5a7571135542992d0ec05f98
2025-12-19 03:21:06 - [INFO] - â“ é—®é¢˜: Ralph Hefferline was a psychology professor at a university that is located in what city?
2025-12-19 03:21:06 - [INFO] - ğŸ“‹ doc_filter: 10 ä¸ªæ–‡æ¡£
2025-12-19 03:21:15 - [INFO] - ğŸ¤– é¢„æµ‹: Berkeley
2025-12-19 03:21:15 - [INFO] - âœ… çœŸå€¼: New York City
2025-12-19 03:21:15 - [INFO] - ğŸ“Š æŒ‡æ ‡: F1=0.00 | P=0.00 | R=0.00 | âŒ MISS (è€—æ—¶: 9.30s)
2025-12-19 03:21:15 - [INFO] - ------------------------------------------------------------
2025-12-19 03:21:15 - [INFO] - è¿›åº¦: [41/800] | Query ID: 5a7a0e1e5542990783324e1a
2025-12-19 03:21:15 - [INFO] - â“ é—®é¢˜: Which dog's ancestors include Gordon and Irish Setters: the Manchester Terrier or the Scotch Collie?
2025-12-19 03:21:15 - [INFO] - ğŸ“‹ doc_filter: 10 ä¸ªæ–‡æ¡£
2025-12-19 03:21:25 - [INFO] - ğŸ¤– é¢„æµ‹: Scotch Collie
2025-12-19 03:21:25 - [INFO] - âœ… çœŸå€¼: Scotch Collie
2025-12-19 03:21:25 - [INFO] - ğŸ“Š æŒ‡æ ‡: F1=1.00 | P=1.00 | R=1.00 | ğŸ‰ High F1 (1.00) (è€—æ—¶: 9.48s)
2025-12-19 03:21:25 - [INFO] - ------------------------------------------------------------
2025-12-19 03:21:25 - [INFO] - è¿›åº¦: [42/800] | Query ID: 5a74106b55429979e288289e
2025-12-19 03:21:25 - [INFO] - â“ é—®é¢˜: Where is the company that Sachin Warrier worked for as a software engineer headquartered? 
2025-12-19 03:21:25 - [INFO] - ğŸ“‹ doc_filter: 10 ä¸ªæ–‡æ¡£
2025-12-19 03:21:34 - [INFO] - ğŸ¤– é¢„æµ‹: Cisco Systems, Inc.
2025-12-19 03:21:34 - [INFO] - âœ… çœŸå€¼: Mumbai
2025-12-19 03:21:34 - [INFO] - ğŸ“Š æŒ‡æ ‡: F1=0.00 | P=0.00 | R=0.00 | âŒ MISS (è€—æ—¶: 9.57s)
2025-12-19 03:21:34 - [INFO] - ------------------------------------------------------------
2025-12-19 03:21:34 - [INFO] - è¿›åº¦: [43/800] | Query ID: 5a79311755429970f5fffe67
2025-12-19 03:21:34 - [INFO] - â“ é—®é¢˜: A Japanese manga series based on a 16 year old high school student Ichitaka Seto, is written and illustrated by someone born in what year?
2025-12-19 03:21:34 - [INFO] - ğŸ“‹ doc_filter: 10 ä¸ªæ–‡æ¡£
2025-12-19 03:21:43 - [INFO] - ğŸ¤– é¢„æµ‹: 1962
2025-12-19 03:21:43 - [INFO] - âœ… çœŸå€¼: 1962
2025-12-19 03:21:43 - [INFO] - ğŸ“Š æŒ‡æ ‡: F1=1.00 | P=1.00 | R=1.00 | ğŸ‰ High F1 (1.00) (è€—æ—¶: 8.80s)
2025-12-19 03:21:43 - [INFO] - ------------------------------------------------------------
2025-12-19 03:21:43 - [INFO] - è¿›åº¦: [44/800] | Query ID: 5ab2d3df554299194fa9352c
2025-12-19 03:21:43 - [INFO] - â“ é—®é¢˜: The battle in which Giuseppe Arimondi lost his life secured what for Ethiopia?
2025-12-19 03:21:43 - [INFO] - ğŸ“‹ doc_filter: 10 ä¸ªæ–‡æ¡£
2025-12-19 03:21:52 - [INFO] - ğŸ¤– é¢„æµ‹: Sovereignty
2025-12-19 03:21:52 - [INFO] - âœ… çœŸå€¼: sovereignty
2025-12-19 03:21:52 - [INFO] - ğŸ“Š æŒ‡æ ‡: F1=1.00 | P=1.00 | R=1.00 | ğŸ‰ High F1 (1.00) (è€—æ—¶: 9.07s)
2025-12-19 03:21:52 - [INFO] - ------------------------------------------------------------
2025-12-19 03:21:52 - [INFO] - è¿›åº¦: [45/800] | Query ID: 5a760ab65542994ccc918697
2025-12-19 03:21:52 - [INFO] - â“ é—®é¢˜: Alfred Balk served as the secretary of the Committee on the Employment of Minority Groups in the News Media under which United States Vice President?
2025-12-19 03:21:52 - [INFO] - ğŸ“‹ doc_filter: 10 ä¸ªæ–‡æ¡£
2025-12-19 03:22:01 - [INFO] - ğŸ¤– é¢„æµ‹: Nelson Rockefeller
2025-12-19 03:22:01 - [INFO] - âœ… çœŸå€¼: Nelson Rockefeller
2025-12-19 03:22:01 - [INFO] - ğŸ“Š æŒ‡æ ‡: F1=1.00 | P=1.00 | R=1.00 | ğŸ‰ High F1 (1.00) (è€—æ—¶: 8.96s)
2025-12-19 03:22:01 - [INFO] - ------------------------------------------------------------
2025-12-19 03:22:01 - [INFO] - è¿›åº¦: [46/800] | Query ID: 5a7d54165542995f4f402256
2025-12-19 03:22:01 - [INFO] - â“ é—®é¢˜: A medieval fortress in Dirleton, East Lothian, Scotland borders on the south side of what coastal area?
2025-12-19 03:22:01 - [INFO] - ğŸ“‹ doc_filter: 10 ä¸ªæ–‡æ¡£
2025-12-19 03:22:11 - [INFO] - ğŸ¤– é¢„æµ‹: Dirleton Castle -> Dirleton, East Lothian, Scotland -> Yellowcraig
2025-12-19 03:22:11 - [INFO] - âœ… çœŸå€¼: Yellowcraig
2025-12-19 03:22:11 - [INFO] - ğŸ“Š æŒ‡æ ‡: F1=0.25 | P=0.14 | R=1.00 | âš ï¸ Low F1 (0.25) (è€—æ—¶: 10.01s)
2025-12-19 03:22:11 - [INFO] - ------------------------------------------------------------
2025-12-19 03:22:11 - [INFO] - è¿›åº¦: [47/800] | Query ID: 5ab859a955429934fafe6d7b
2025-12-19 03:22:11 - [INFO] - â“ é—®é¢˜: Who is the writer of this song that was inspired by words on a tombstone and was the first track on the box set Back to Mono?
2025-12-19 03:22:11 - [INFO] - ğŸ“‹ doc_filter: 10 ä¸ªæ–‡æ¡£
2025-12-19 03:22:21 - [INFO] - ğŸ¤– é¢„æµ‹: Phil Spector
2025-12-19 03:22:21 - [INFO] - âœ… çœŸå€¼: Phil Spector
2025-12-19 03:22:21 - [INFO] - ğŸ“Š æŒ‡æ ‡: F1=1.00 | P=1.00 | R=1.00 | ğŸ‰ High F1 (1.00) (è€—æ—¶: 9.65s)
2025-12-19 03:22:21 - [INFO] - ------------------------------------------------------------
2025-12-19 03:22:21 - [INFO] - è¿›åº¦: [48/800] | Query ID: 5add61d65542995b365fab21
2025-12-19 03:22:21 - [INFO] - â“ é—®é¢˜: What type of forum did a former Soviet statesman initiate?
2025-12-19 03:22:21 - [INFO] - ğŸ“‹ doc_filter: 10 ä¸ªæ–‡æ¡£
2025-12-19 03:22:30 - [INFO] - ğŸ¤– é¢„æµ‹: Stevan Harnad
2025-12-19 03:22:30 - [INFO] - âœ… çœŸå€¼: Organizations could come together to address global issues
2025-12-19 03:22:30 - [INFO] - ğŸ“Š æŒ‡æ ‡: F1=0.00 | P=0.00 | R=0.00 | âŒ MISS (è€—æ—¶: 9.51s)
2025-12-19 03:22:30 - [INFO] - ------------------------------------------------------------
2025-12-19 03:22:30 - [INFO] - è¿›åº¦: [49/800] | Query ID: 5a8e068b5542995085b37384
2025-12-19 03:22:30 - [INFO] - â“ é—®é¢˜: Are Ferocactus and Silene both types of plant?
2025-12-19 03:22:30 - [INFO] - ğŸ“‹ doc_filter: 10 ä¸ªæ–‡æ¡£
2025-12-19 03:22:40 - [INFO] - ğŸ¤– é¢„æµ‹: yes
2025-12-19 03:22:40 - [INFO] - âœ… çœŸå€¼: yes
2025-12-19 03:22:40 - [INFO] - ğŸ“Š æŒ‡æ ‡: F1=1.00 | P=1.00 | R=1.00 | ğŸ‰ High F1 (1.00) (è€—æ—¶: 9.19s)
2025-12-19 03:22:40 - [INFO] - ------------------------------------------------------------
2025-12-19 03:22:40 - [INFO] - è¿›åº¦: [50/800] | Query ID: 5abbf698554299114383a0b5
2025-12-19 03:22:40 - [INFO] - â“ é—®é¢˜: Which British first-generation jet-powered medium bomber was used in the South West Pacific theatre of World War II?
2025-12-19 03:22:40 - [INFO] - ğŸ“‹ doc_filter: 10 ä¸ªæ–‡æ¡£
2025-12-19 03:22:49 - [INFO] - ğŸ¤– é¢„æµ‹: I don't know
2025-12-19 03:22:49 - [INFO] - âœ… çœŸå€¼: English Electric Canberra
2025-12-19 03:22:49 - [INFO] - ğŸ“Š æŒ‡æ ‡: F1=0.00 | P=0.00 | R=0.00 | âŒ MISS (è€—æ—¶: 9.54s)
2025-12-19 03:22:49 - [INFO] - ------------------------------------------------------------
2025-12-19 03:22:49 - [INFO] - è¿›åº¦: [51/800] | Query ID: 5a8e1027554299653c1aa15f
2025-12-19 03:22:49 - [INFO] - â“ é—®é¢˜: Which year and which conference was the 14th season for this conference as part of the NCAA Division that the Colorado Buffaloes played in with a record of 2-6 in conference play?
2025-12-19 03:22:49 - [INFO] - ğŸ“‹ doc_filter: 10 ä¸ªæ–‡æ¡£
2025-12-19 03:22:59 - [INFO] - ğŸ¤– é¢„æµ‹: 2009, Big 12
2025-12-19 03:22:59 - [INFO] - âœ… çœŸå€¼: 2009 Big 12 Conference
2025-12-19 03:22:59 - [INFO] - ğŸ“Š æŒ‡æ ‡: F1=0.86 | P=1.00 | R=0.75 | ğŸ‰ High F1 (0.86) (è€—æ—¶: 9.41s)
2025-12-19 03:22:59 - [INFO] - ------------------------------------------------------------
2025-12-19 03:22:59 - [INFO] - è¿›åº¦: [52/800] | Query ID: 5ab84bf555429916710eb01f
2025-12-19 03:22:59 - [INFO] - â“ é—®é¢˜: In 1991 EuromarchÃ© was bought by a chain that operated how any hypermarkets at the end of 2016?
2025-12-19 03:22:59 - [INFO] - ğŸ“‹ doc_filter: 10 ä¸ªæ–‡æ¡£
2025-12-19 03:23:07 - [INFO] - ğŸ¤– é¢„æµ‹: 1,462
2025-12-19 03:23:07 - [INFO] - âœ… çœŸå€¼: 1,462
2025-12-19 03:23:07 - [INFO] - ğŸ“Š æŒ‡æ ‡: F1=1.00 | P=1.00 | R=1.00 | ğŸ‰ High F1 (1.00) (è€—æ—¶: 8.73s)
2025-12-19 03:23:07 - [INFO] - ------------------------------------------------------------
2025-12-19 03:23:07 - [INFO] - è¿›åº¦: [53/800] | Query ID: 5a77724455429972597f153e
2025-12-19 03:23:07 - [INFO] - â“ é—®é¢˜: What race track in the midwest hosts a 500 mile race eavery May?
2025-12-19 03:23:07 - [INFO] - ğŸ“‹ doc_filter: 10 ä¸ªæ–‡æ¡£
2025-12-19 03:23:17 - [INFO] - ğŸ¤– é¢„æµ‹: Indianapolis
2025-12-19 03:23:17 - [INFO] - âœ… çœŸå€¼: Indianapolis Motor Speedway
2025-12-19 03:23:17 - [INFO] - âš–ï¸ è£åˆ¤: âœ… è¯­ä¹‰ä¸€è‡´ (è™½ç„¶ F1=0.50)
2025-12-19 03:23:17 - [INFO] - ğŸ“Š æŒ‡æ ‡: F1=0.50 | P=1.00 | R=0.33 | âœ… Sem-Match (è€—æ—¶: 9.34s)
2025-12-19 03:23:17 - [INFO] - ------------------------------------------------------------
2025-12-19 03:23:17 - [INFO] - è¿›åº¦: [54/800] | Query ID: 5a87c13f5542996e4f30890c
2025-12-19 03:23:17 - [INFO] - â“ é—®é¢˜: In what city did the "Prince of tenors" star in a film based on an opera by Giacomo Puccini?
2025-12-19 03:23:17 - [INFO] - ğŸ“‹ doc_filter: 10 ä¸ªæ–‡æ¡£
2025-12-19 03:23:26 - [INFO] - ğŸ¤– é¢„æµ‹: I don't know
2025-12-19 03:23:26 - [INFO] - âœ… çœŸå€¼: Rome
2025-12-19 03:23:26 - [INFO] - ğŸ“Š æŒ‡æ ‡: F1=0.00 | P=0.00 | R=0.00 | âŒ MISS (è€—æ—¶: 9.69s)
2025-12-19 03:23:26 - [INFO] - ------------------------------------------------------------
2025-12-19 03:23:26 - [INFO] - è¿›åº¦: [55/800] | Query ID: 5ab96ab755429970cfb8eacd
2025-12-19 03:23:26 - [INFO] - â“ é—®é¢˜: Ellie Goulding worked with what other writers on her third studio album, Delirium?
2025-12-19 03:23:26 - [INFO] - ğŸ“‹ doc_filter: 10 ä¸ªæ–‡æ¡£
2025-12-19 03:23:36 - [INFO] - ğŸ¤– é¢„æµ‹: Max Martin, Savan Kotecha, Ilya Salmanzadeh
2025-12-19 03:23:36 - [INFO] - âœ… çœŸå€¼: Max Martin, Savan Kotecha and Ilya Salmanzadeh
2025-12-19 03:23:36 - [INFO] - ğŸ“Š æŒ‡æ ‡: F1=0.92 | P=1.00 | R=0.86 | ğŸ‰ High F1 (0.92) (è€—æ—¶: 9.49s)
2025-12-19 03:23:36 - [INFO] - ------------------------------------------------------------
2025-12-19 03:23:36 - [INFO] - è¿›åº¦: [56/800] | Query ID: 5a8a43eb5542996c9b8d5e82
2025-12-19 03:23:36 - [INFO] - â“ é—®é¢˜: Which Australian city founded in 1838 contains a boarding school opened by a Prime Minister of Australia and named after a school in London of the same name.
2025-12-19 03:23:36 - [INFO] - ğŸ“‹ doc_filter: 10 ä¸ªæ–‡æ¡£
2025-12-19 03:23:46 - [INFO] - ğŸ¤– é¢„æµ‹: Adelaide
2025-12-19 03:23:46 - [INFO] - âœ… çœŸå€¼: Marion, South Australia
2025-12-19 03:23:46 - [INFO] - ğŸ“Š æŒ‡æ ‡: F1=0.00 | P=0.00 | R=0.00 | âŒ MISS (è€—æ—¶: 9.74s)
2025-12-19 03:23:46 - [INFO] - ------------------------------------------------------------
2025-12-19 03:23:46 - [INFO] - è¿›åº¦: [57/800] | Query ID: 5ae73acb5542991e8301cc07
2025-12-19 03:23:46 - [INFO] - â“ é—®é¢˜: D1NZ is a series based on what oversteering technique?
2025-12-19 03:23:46 - [INFO] - ğŸ“‹ doc_filter: 10 ä¸ªæ–‡æ¡£
2025-12-19 03:23:55 - [INFO] - ğŸ¤– é¢„æµ‹: Drifting
2025-12-19 03:23:55 - [INFO] - âœ… çœŸå€¼: Drifting
2025-12-19 03:23:55 - [INFO] - ğŸ“Š æŒ‡æ ‡: F1=1.00 | P=1.00 | R=1.00 | ğŸ‰ High F1 (1.00) (è€—æ—¶: 8.99s)
2025-12-19 03:23:55 - [INFO] - ------------------------------------------------------------
2025-12-19 03:23:55 - [INFO] - è¿›åº¦: [58/800] | Query ID: 5a7320565542991f9a20c61d
2025-12-19 03:23:55 - [INFO] - â“ é—®é¢˜: who is younger Keith Bostic or Jerry Glanville ?
2025-12-19 03:23:55 - [INFO] - ğŸ“‹ doc_filter: 10 ä¸ªæ–‡æ¡£
2025-12-19 03:24:04 - [INFO] - ğŸ¤– é¢„æµ‹: I don't know
2025-12-19 03:24:04 - [INFO] - âœ… çœŸå€¼: Keith Bostic
2025-12-19 03:24:04 - [INFO] - ğŸ“Š æŒ‡æ ‡: F1=0.00 | P=0.00 | R=0.00 | âŒ MISS (è€—æ—¶: 9.31s)
2025-12-19 03:24:04 - [INFO] - ------------------------------------------------------------
2025-12-19 03:24:04 - [INFO] - è¿›åº¦: [59/800] | Query ID: 5ae32e125542991a06ce9946
2025-12-19 03:24:04 - [INFO] - â“ é—®é¢˜: According to the 2001 census, what was the population of the city in which Kirton End is located?
2025-12-19 03:24:04 - [INFO] - ğŸ“‹ doc_filter: 10 ä¸ªæ–‡æ¡£
2025-12-19 03:24:13 - [INFO] - ğŸ¤– é¢„æµ‹: Boston (population not mentioned)
2025-12-19 03:24:13 - [INFO] - âœ… çœŸå€¼: 35,124
2025-12-19 03:24:13 - [INFO] - ğŸ“Š æŒ‡æ ‡: F1=0.00 | P=0.00 | R=0.00 | âŒ MISS (è€—æ—¶: 9.20s)
2025-12-19 03:24:13 - [INFO] - ------------------------------------------------------------
2025-12-19 03:24:13 - [INFO] - è¿›åº¦: [60/800] | Query ID: 5adc53f75542996e6852530a
2025-12-19 03:24:13 - [INFO] - â“ é—®é¢˜: Are both Cypress and Ajuga genera?
2025-12-19 03:24:13 - [INFO] - ğŸ“‹ doc_filter: 10 ä¸ªæ–‡æ¡£
2025-12-19 03:24:22 - [INFO] - ğŸ¤– é¢„æµ‹: no
2025-12-19 03:24:22 - [INFO] - âœ… çœŸå€¼: no
2025-12-19 03:24:22 - [INFO] - ğŸ“Š æŒ‡æ ‡: F1=1.00 | P=1.00 | R=1.00 | ğŸ‰ High F1 (1.00) (è€—æ—¶: 9.19s)
2025-12-19 03:24:22 - [INFO] - ------------------------------------------------------------
2025-12-19 03:24:22 - [INFO] - è¿›åº¦: [61/800] | Query ID: 5a8b20335542996c9b8d5fb3
2025-12-19 03:24:22 - [INFO] - â“ é—®é¢˜: What distinction is held by the former NBA player who was a member of the Charlotte Hornets during their 1992-93 season and was head coach for the WNBA team Charlotte Sting?
2025-12-19 03:24:22 - [INFO] - ğŸ“‹ doc_filter: 10 ä¸ªæ–‡æ¡£
2025-12-19 03:24:32 - [INFO] - ğŸ¤– é¢„æµ‹: Head coach
2025-12-19 03:24:32 - [INFO] - âœ… çœŸå€¼: shortest player ever to play in the National Basketball Association
2025-12-19 03:24:32 - [INFO] - ğŸ“Š æŒ‡æ ‡: F1=0.00 | P=0.00 | R=0.00 | âŒ MISS (è€—æ—¶: 9.38s)
2025-12-19 03:24:32 - [INFO] - ------------------------------------------------------------
2025-12-19 03:24:32 - [INFO] - è¿›åº¦: [62/800] | Query ID: 5a85fb085542994775f606de
2025-12-19 03:24:32 - [INFO] - â“ é—®é¢˜: What is the name of the executive producer of the film that has a score composed by Jerry Goldsmith?
2025-12-19 03:24:32 - [INFO] - ğŸ“‹ doc_filter: 10 ä¸ªæ–‡æ¡£
2025-12-19 03:24:41 - [INFO] - ğŸ¤– é¢„æµ‹: I don't know
2025-12-19 03:24:41 - [INFO] - âœ… çœŸå€¼: Ronald Shusett
2025-12-19 03:24:41 - [INFO] - ğŸ“Š æŒ‡æ ‡: F1=0.00 | P=0.00 | R=0.00 | âŒ MISS (è€—æ—¶: 9.39s)
2025-12-19 03:24:41 - [INFO] - ------------------------------------------------------------
2025-12-19 03:24:41 - [INFO] - è¿›åº¦: [63/800] | Query ID: 5a7be2595542997c3ec972ac
2025-12-19 03:24:41 - [INFO] - â“ é—®é¢˜: Who was born earlier, Emma Bull or Virginia Woolf?
2025-12-19 03:24:41 - [INFO] - ğŸ“‹ doc_filter: 10 ä¸ªæ–‡æ¡£
2025-12-19 03:24:51 - [INFO] - ğŸ¤– é¢„æµ‹: Virginia Woolf (25 January 1882)
2025-12-19 03:24:51 - [INFO] - âœ… çœŸå€¼: Adeline Virginia Woolf
2025-12-19 03:24:51 - [INFO] - âš–ï¸ è£åˆ¤: âœ… è¯­ä¹‰ä¸€è‡´ (è™½ç„¶ F1=0.50)
2025-12-19 03:24:51 - [INFO] - ğŸ“Š æŒ‡æ ‡: F1=0.50 | P=0.40 | R=0.67 | âœ… Sem-Match (è€—æ—¶: 9.65s)
2025-12-19 03:24:51 - [INFO] - ------------------------------------------------------------
2025-12-19 03:24:51 - [INFO] - è¿›åº¦: [64/800] | Query ID: 5a77152355429966f1a36c2e
2025-12-19 03:24:51 - [INFO] - â“ é—®é¢˜: What was the Roud Folk Song Index of the nursery rhyme inspiring What Are Little Girls Made Of?
2025-12-19 03:24:51 - [INFO] - ğŸ“‹ doc_filter: 10 ä¸ªæ–‡æ¡£
2025-12-19 03:25:00 - [INFO] - ğŸ¤– é¢„æµ‹: I don't know
2025-12-19 03:25:00 - [INFO] - âœ… çœŸå€¼: 821
2025-12-19 03:25:00 - [INFO] - ğŸ“Š æŒ‡æ ‡: F1=0.00 | P=0.00 | R=0.00 | âŒ MISS (è€—æ—¶: 9.32s)
2025-12-19 03:25:00 - [INFO] - ------------------------------------------------------------
2025-12-19 03:25:00 - [INFO] - è¿›åº¦: [65/800] | Query ID: 5a8f4c8d554299458435d5a3
2025-12-19 03:25:00 - [INFO] - â“ é—®é¢˜: Scott Parkin has been a vocal critic of Exxonmobil and another corporation that has operations in how many countries ?
2025-12-19 03:25:00 - [INFO] - ğŸ“‹ doc_filter: 10 ä¸ªæ–‡æ¡£
2025-12-19 03:25:10 - [INFO] - ğŸ¤– é¢„æµ‹: Halliburton, over 70 countries.
2025-12-19 03:25:10 - [INFO] - âœ… çœŸå€¼: more than 70 countries
2025-12-19 03:25:10 - [INFO] - âš–ï¸ è£åˆ¤: âœ… è¯­ä¹‰ä¸€è‡´ (è™½ç„¶ F1=0.50)
2025-12-19 03:25:10 - [INFO] - ğŸ“Š æŒ‡æ ‡: F1=0.50 | P=0.50 | R=0.50 | âœ… Sem-Match (è€—æ—¶: 9.58s)
2025-12-19 03:25:10 - [INFO] - ------------------------------------------------------------
2025-12-19 03:25:10 - [INFO] - è¿›åº¦: [66/800] | Query ID: 5a80840f554299485f59863b
2025-12-19 03:25:10 - [INFO] - â“ é—®é¢˜: What WB supernatrual drama series was Jawbreaker star Rose Mcgowan best known for being in?
2025-12-19 03:25:10 - [INFO] - ğŸ“‹ doc_filter: 10 ä¸ªæ–‡æ¡£
2025-12-19 03:25:19 - [INFO] - ğŸ¤– é¢„æµ‹: Charmed
2025-12-19 03:25:19 - [INFO] - âœ… çœŸå€¼: Charmed
2025-12-19 03:25:19 - [INFO] - ğŸ“Š æŒ‡æ ‡: F1=1.00 | P=1.00 | R=1.00 | ğŸ‰ High F1 (1.00) (è€—æ—¶: 9.34s)
2025-12-19 03:25:19 - [INFO] - ------------------------------------------------------------
2025-12-19 03:25:19 - [INFO] - è¿›åº¦: [67/800] | Query ID: 5a8361b65542992ef85e22a0
2025-12-19 03:25:19 - [INFO] - â“ é—®é¢˜: Vince Phillips held a junior welterweight title by an organization recognized by what larger Hall of Fame?
2025-12-19 03:25:19 - [INFO] - ğŸ“‹ doc_filter: 10 ä¸ªæ–‡æ¡£
2025-12-19 03:25:28 - [INFO] - ğŸ¤– é¢„æµ‹: IBF
2025-12-19 03:25:28 - [INFO] - âœ… çœŸå€¼: International Boxing Hall of Fame
2025-12-19 03:25:28 - [INFO] - âš–ï¸ è£åˆ¤: âœ… è¯­ä¹‰ä¸€è‡´ (è™½ç„¶ F1=0.00)
2025-12-19 03:25:28 - [INFO] - ğŸ“Š æŒ‡æ ‡: F1=0.00 | P=0.00 | R=0.00 | âœ… Sem-Match (è€—æ—¶: 9.51s)
2025-12-19 03:25:28 - [INFO] - ------------------------------------------------------------
2025-12-19 03:25:28 - [INFO] - è¿›åº¦: [68/800] | Query ID: 5ae7ba7a5542993210983f12
2025-12-19 03:25:28 - [INFO] - â“ é—®é¢˜: What is the name of the singer who's song was released as the lead single from the album "Confessions", and that had popular song stuck behind for eight consecutive weeks?
2025-12-19 03:25:28 - [INFO] - ğŸ“‹ doc_filter: 10 ä¸ªæ–‡æ¡£
2025-12-19 03:25:38 - [INFO] - ğŸ¤– é¢„æµ‹: Arnel Pineda
2025-12-19 03:25:38 - [INFO] - âœ… çœŸå€¼: Usher
2025-12-19 03:25:38 - [INFO] - ğŸ“Š æŒ‡æ ‡: F1=0.00 | P=0.00 | R=0.00 | âŒ MISS (è€—æ—¶: 9.47s)
2025-12-19 03:25:38 - [INFO] - ------------------------------------------------------------
2025-12-19 03:25:38 - [INFO] - è¿›åº¦: [69/800] | Query ID: 5ac2acff55429921a00ab02b
2025-12-19 03:25:38 - [INFO] - â“ é—®é¢˜: who is the younger brother of The episode guest stars of The Hard Easy 
2025-12-19 03:25:38 - [INFO] - ğŸ“‹ doc_filter: 10 ä¸ªæ–‡æ¡£
2025-12-19 03:25:47 - [INFO] - ğŸ¤– é¢„æµ‹: Nick Lachey
2025-12-19 03:25:47 - [INFO] - âœ… çœŸå€¼: Bill Murray
2025-12-19 03:25:47 - [INFO] - ğŸ“Š æŒ‡æ ‡: F1=0.00 | P=0.00 | R=0.00 | âŒ MISS (è€—æ—¶: 9.51s)
2025-12-19 03:25:47 - [INFO] - ------------------------------------------------------------
2025-12-19 03:25:47 - [INFO] - è¿›åº¦: [70/800] | Query ID: 5aba7cfe554299232ef4a2fd
2025-12-19 03:25:47 - [INFO] - â“ é—®é¢˜: The 2017â€“18 Wigan Athletic F.C. season will be a year in which the team competes in the league cup known as what for sponsorship reasons?
2025-12-19 03:25:47 - [INFO] - ğŸ“‹ doc_filter: 10 ä¸ªæ–‡æ¡£
2025-12-19 03:25:57 - [INFO] - ğŸ¤– é¢„æµ‹: Carabao Cup
2025-12-19 03:25:57 - [INFO] - âœ… çœŸå€¼: Carabao Cup
2025-12-19 03:25:57 - [INFO] - ğŸ“Š æŒ‡æ ‡: F1=1.00 | P=1.00 | R=1.00 | ğŸ‰ High F1 (1.00) (è€—æ—¶: 9.19s)
2025-12-19 03:25:57 - [INFO] - ------------------------------------------------------------
2025-12-19 03:25:57 - [INFO] - è¿›åº¦: [71/800] | Query ID: 5ae5aba0554299546bf82f17
2025-12-19 03:25:57 - [INFO] - â“ é—®é¢˜: Which of Tara Strong major voice role in animated series is an American animated television series based on the DC Comics fictional superhero team, the "Teen Titans"?
2025-12-19 03:25:57 - [INFO] - ğŸ“‹ doc_filter: 10 ä¸ªæ–‡æ¡£
2025-12-19 03:26:05 - [INFO] - ğŸ¤– é¢„æµ‹: Teen Titans
2025-12-19 03:26:05 - [INFO] - âœ… çœŸå€¼: Teen Titans Go!
2025-12-19 03:26:05 - [INFO] - ğŸ“Š æŒ‡æ ‡: F1=0.80 | P=1.00 | R=0.67 | ğŸ‰ High F1 (0.80) (è€—æ—¶: 8.87s)
2025-12-19 03:26:05 - [INFO] - ------------------------------------------------------------
2025-12-19 03:26:05 - [INFO] - è¿›åº¦: [72/800] | Query ID: 5ae1f4cb554299234fd0436d
2025-12-19 03:26:05 - [INFO] - â“ é—®é¢˜: What is the inhabitant of the city where  122nd SS-Standarte was formed in2014
2025-12-19 03:26:05 - [INFO] - ğŸ“‹ doc_filter: 10 ä¸ªæ–‡æ¡£
2025-12-19 03:26:15 - [INFO] - ğŸ¤– é¢„æµ‹: Strasbourg, 276,170
2025-12-19 03:26:15 - [INFO] - âœ… çœŸå€¼: 276,170 inhabitants
2025-12-19 03:26:15 - [INFO] - âš–ï¸ è£åˆ¤: âœ… è¯­ä¹‰ä¸€è‡´ (è™½ç„¶ F1=0.50)
2025-12-19 03:26:15 - [INFO] - ğŸ“Š æŒ‡æ ‡: F1=0.50 | P=0.50 | R=0.50 | âœ… Sem-Match (è€—æ—¶: 9.86s)
2025-12-19 03:26:15 - [INFO] - ------------------------------------------------------------
2025-12-19 03:26:15 - [INFO] - è¿›åº¦: [73/800] | Query ID: 5ae7e1fc55429952e35ea9cc
2025-12-19 03:26:15 - [INFO] - â“ é—®é¢˜: What color clothing do people of the Netherlands wear during Oranjegekte or to celebrate the national holiday Koningsdag? 
2025-12-19 03:26:15 - [INFO] - ğŸ“‹ doc_filter: 10 ä¸ªæ–‡æ¡£
2025-12-19 03:26:40 - [INFO] - ğŸ¤– é¢„æµ‹: Orange
2025-12-19 03:26:40 - [INFO] - âœ… çœŸå€¼: orange
2025-12-19 03:26:40 - [INFO] - ğŸ“Š æŒ‡æ ‡: F1=1.00 | P=1.00 | R=1.00 | ğŸ‰ High F1 (1.00) (è€—æ—¶: 24.40s)
2025-12-19 03:26:40 - [INFO] - ------------------------------------------------------------
2025-12-19 03:26:40 - [INFO] - è¿›åº¦: [74/800] | Query ID: 5ae37c765542992f92d822d4
2025-12-19 03:26:40 - [INFO] - â“ é—®é¢˜: What was the name of the 1996 loose adaptation of William Shakespeare's "Romeo & Juliet" written by James Gunn?
2025-12-19 03:26:40 - [INFO] - ğŸ“‹ doc_filter: 10 ä¸ªæ–‡æ¡£
2025-12-19 03:26:49 - [INFO] - ğŸ¤– é¢„æµ‹: Tromeo and Juliet
2025-12-19 03:26:49 - [INFO] - âœ… çœŸå€¼: Tromeo and Juliet
2025-12-19 03:26:49 - [INFO] - ğŸ“Š æŒ‡æ ‡: F1=1.00 | P=1.00 | R=1.00 | ğŸ‰ High F1 (1.00) (è€—æ—¶: 9.40s)
2025-12-19 03:26:49 - [INFO] - ------------------------------------------------------------
2025-12-19 03:26:49 - [INFO] - è¿›åº¦: [75/800] | Query ID: 5ae33c4d5542992f92d82262
2025-12-19 03:26:49 - [INFO] - â“ é—®é¢˜: Robert Suettinger was the national intelligence officer under which former Governor of Arkansas?
2025-12-19 03:26:49 - [INFO] - ğŸ“‹ doc_filter: 10 ä¸ªæ–‡æ¡£
2025-12-19 03:26:58 - [INFO] - ğŸ¤– é¢„æµ‹: Bill Clinton
2025-12-19 03:26:58 - [INFO] - âœ… çœŸå€¼: William Jefferson Clinton
2025-12-19 03:26:58 - [INFO] - âš–ï¸ è£åˆ¤: âœ… è¯­ä¹‰ä¸€è‡´ (è™½ç„¶ F1=0.40)
2025-12-19 03:26:58 - [INFO] - ğŸ“Š æŒ‡æ ‡: F1=0.40 | P=0.50 | R=0.33 | âœ… Sem-Match (è€—æ—¶: 9.12s)
2025-12-19 03:26:58 - [INFO] - ------------------------------------------------------------
2025-12-19 03:26:58 - [INFO] - è¿›åº¦: [76/800] | Query ID: 5a77cb335542997042120b3a
2025-12-19 03:26:58 - [INFO] - â“ é—®é¢˜: What American professional Hawaiian surfer born 18 October 1992 won the Rip Curl Pro Portugal?
2025-12-19 03:26:58 - [INFO] - ğŸ“‹ doc_filter: 10 ä¸ªæ–‡æ¡£
2025-12-19 03:27:07 - [INFO] - ğŸ¤– é¢„æµ‹: John John Florence
2025-12-19 03:27:07 - [INFO] - âœ… çœŸå€¼: John John Florence
2025-12-19 03:27:07 - [INFO] - ğŸ“Š æŒ‡æ ‡: F1=1.00 | P=1.00 | R=1.00 | ğŸ‰ High F1 (1.00) (è€—æ—¶: 8.76s)
2025-12-19 03:27:07 - [INFO] - ------------------------------------------------------------
2025-12-19 03:27:07 - [INFO] - è¿›åº¦: [77/800] | Query ID: 5a8979f4554299669944a52e
2025-12-19 03:27:07 - [INFO] - â“ é—®é¢˜: What is the middle name of the actress who plays Bobbi Bacha in Suburban Madness?
2025-12-19 03:27:07 - [INFO] - ğŸ“‹ doc_filter: 10 ä¸ªæ–‡æ¡£
2025-12-19 03:27:16 - [INFO] - ğŸ¤– é¢„æµ‹: Mary
2025-12-19 03:27:16 - [INFO] - âœ… çœŸå€¼: Ann
2025-12-19 03:27:16 - [INFO] - ğŸ“Š æŒ‡æ ‡: F1=0.00 | P=0.00 | R=0.00 | âŒ MISS (è€—æ—¶: 9.17s)
2025-12-19 03:27:16 - [INFO] - ------------------------------------------------------------
2025-12-19 03:27:16 - [INFO] - è¿›åº¦: [78/800] | Query ID: 5a713ea95542994082a3e6e4
2025-12-19 03:27:16 - [INFO] - â“ é—®é¢˜: Alvaro Mexia had a diplomatic mission with which tribe of indigenous people?
2025-12-19 03:27:16 - [INFO] - ğŸ“‹ doc_filter: 10 ä¸ªæ–‡æ¡£
2025-12-19 03:27:25 - [INFO] - ğŸ¤– é¢„æµ‹: Ais
2025-12-19 03:27:25 - [INFO] - âœ… çœŸå€¼: Apalachees
2025-12-19 03:27:25 - [INFO] - ğŸ“Š æŒ‡æ ‡: F1=0.00 | P=0.00 | R=0.00 | âŒ MISS (è€—æ—¶: 9.25s)
2025-12-19 03:27:25 - [INFO] - ------------------------------------------------------------
2025-12-19 03:27:25 - [INFO] - è¿›åº¦: [79/800] | Query ID: 5a78bd9b554299078472774a
2025-12-19 03:27:25 - [INFO] - â“ é—®é¢˜: What nationality were social anthropologists Alfred Gell and Edmund Leach?
2025-12-19 03:27:25 - [INFO] - ğŸ“‹ doc_filter: 10 ä¸ªæ–‡æ¡£
2025-12-19 03:27:35 - [INFO] - ğŸ¤– é¢„æµ‹: British
2025-12-19 03:27:35 - [INFO] - âœ… çœŸå€¼: British
2025-12-19 03:27:35 - [INFO] - ğŸ“Š æŒ‡æ ‡: F1=1.00 | P=1.00 | R=1.00 | ğŸ‰ High F1 (1.00) (è€—æ—¶: 9.19s)
2025-12-19 03:27:35 - [INFO] - ------------------------------------------------------------
2025-12-19 03:27:35 - [INFO] - è¿›åº¦: [80/800] | Query ID: 5a7625e8554299109176e66a
2025-12-19 03:27:35 - [INFO] - â“ é—®é¢˜: In which year was the King who made the 1925 Birthday Honours born?
2025-12-19 03:27:35 - [INFO] - ğŸ“‹ doc_filter: 10 ä¸ªæ–‡æ¡£
2025-12-19 03:27:44 - [INFO] - ğŸ¤– é¢„æµ‹: George V
2025-12-19 03:27:44 - [INFO] - âœ… çœŸå€¼: 1865
2025-12-19 03:27:44 - [INFO] - ğŸ“Š æŒ‡æ ‡: F1=0.00 | P=0.00 | R=0.00 | âŒ MISS (è€—æ—¶: 9.30s)
2025-12-19 03:27:44 - [INFO] - ------------------------------------------------------------
2025-12-19 03:27:44 - [INFO] - è¿›åº¦: [81/800] | Query ID: 5ae2dd2055429928c423950d
2025-12-19 03:27:44 - [INFO] - â“ é—®é¢˜: What is the county seat of the county where East Lempster, New Hampshire is located?
2025-12-19 03:27:44 - [INFO] - ğŸ“‹ doc_filter: 10 ä¸ªæ–‡æ¡£
2025-12-19 03:27:53 - [INFO] - ğŸ¤– é¢„æµ‹: Newport
2025-12-19 03:27:53 - [INFO] - âœ… çœŸå€¼: Newport
2025-12-19 03:27:53 - [INFO] - ğŸ“Š æŒ‡æ ‡: F1=1.00 | P=1.00 | R=1.00 | ğŸ‰ High F1 (1.00) (è€—æ—¶: 8.68s)
2025-12-19 03:27:53 - [INFO] - ------------------------------------------------------------
2025-12-19 03:27:53 - [INFO] - è¿›åº¦: [82/800] | Query ID: 5abdf12255429976d4830a2f
2025-12-19 03:27:53 - [INFO] - â“ é—®é¢˜: The Album Against the Wind was the 11th Album of a Rock singer Robert C Seger born may 6 1945. What was the Rock singers stage name ?
2025-12-19 03:27:53 - [INFO] - ğŸ“‹ doc_filter: 10 ä¸ªæ–‡æ¡£
2025-12-19 03:28:02 - [INFO] - ğŸ¤– é¢„æµ‹: Bob Seger
2025-12-19 03:28:02 - [INFO] - âœ… çœŸå€¼: Bob Seger
2025-12-19 03:28:02 - [INFO] - ğŸ“Š æŒ‡æ ‡: F1=1.00 | P=1.00 | R=1.00 | ğŸ‰ High F1 (1.00) (è€—æ—¶: 8.90s)
2025-12-19 03:28:02 - [INFO] - ------------------------------------------------------------
2025-12-19 03:28:02 - [INFO] - è¿›åº¦: [83/800] | Query ID: 5a88658955429938390d3f47
2025-12-19 03:28:02 - [INFO] - â“ é—®é¢˜: Rostker v. Goldberg held that the practice of what way of filling armed forces vacancies was consitutional?
2025-12-19 03:28:02 - [INFO] - ğŸ“‹ doc_filter: 10 ä¸ªæ–‡æ¡£
2025-12-19 03:28:11 - [INFO] - ğŸ¤– é¢„æµ‹: Requiring only men to register for the draft.
2025-12-19 03:28:11 - [INFO] - âœ… çœŸå€¼: Conscription
2025-12-19 03:28:11 - [INFO] - âš–ï¸ è£åˆ¤: âœ… è¯­ä¹‰ä¸€è‡´ (è™½ç„¶ F1=0.00)
2025-12-19 03:28:11 - [INFO] - ğŸ“Š æŒ‡æ ‡: F1=0.00 | P=0.00 | R=0.00 | âœ… Sem-Match (è€—æ—¶: 9.44s)
2025-12-19 03:28:11 - [INFO] - ------------------------------------------------------------
2025-12-19 03:28:11 - [INFO] - è¿›åº¦: [84/800] | Query ID: 5a86ebac55429960ec39b6d6
2025-12-19 03:28:11 - [INFO] - â“ é—®é¢˜: Handi-Snacks are a snack food product line sold by what American multinational confectionery, food, and beverage company that is based in Illinois?
2025-12-19 03:28:11 - [INFO] - ğŸ“‹ doc_filter: 10 ä¸ªæ–‡æ¡£
2025-12-19 03:28:20 - [INFO] - ğŸ¤– é¢„æµ‹: Mondelez International
2025-12-19 03:28:20 - [INFO] - âœ… çœŸå€¼: Mondelez International, Inc.
2025-12-19 03:28:20 - [INFO] - ğŸ“Š æŒ‡æ ‡: F1=0.80 | P=1.00 | R=0.67 | ğŸ‰ High F1 (0.80) (è€—æ—¶: 9.10s)
2025-12-19 03:28:20 - [INFO] - ------------------------------------------------------------
2025-12-19 03:28:20 - [INFO] - è¿›åº¦: [85/800] | Query ID: 5aba5d2e55429901930fa799
2025-12-19 03:28:20 - [INFO] - â“ é—®é¢˜: What was the name of a woman from the book titled "Their Lives: The Women Targeted by the Clinton Machine " and was also a former white house intern?
2025-12-19 03:28:20 - [INFO] - ğŸ“‹ doc_filter: 10 ä¸ªæ–‡æ¡£
2025-12-19 03:28:29 - [INFO] - ğŸ¤– é¢„æµ‹: Monica Lewinsky
2025-12-19 03:28:29 - [INFO] - âœ… çœŸå€¼: Monica Lewinsky
2025-12-19 03:28:29 - [INFO] - ğŸ“Š æŒ‡æ ‡: F1=1.00 | P=1.00 | R=1.00 | ğŸ‰ High F1 (1.00) (è€—æ—¶: 8.83s)
2025-12-19 03:28:29 - [INFO] - ------------------------------------------------------------
2025-12-19 03:28:29 - [INFO] - è¿›åº¦: [86/800] | Query ID: 5ae5736e5542990ba0bbb2b3
2025-12-19 03:28:29 - [INFO] - â“ é—®é¢˜: When was the American lawyer, lobbyist and political consultant who was a senior member of the presidential campaign of Donald Trump born?
2025-12-19 03:28:29 - [INFO] - ğŸ“‹ doc_filter: 10 ä¸ªæ–‡æ¡£
2025-12-19 03:28:38 - [INFO] - ğŸ¤– é¢„æµ‹: April 1, 1949
2025-12-19 03:28:38 - [INFO] - âœ… çœŸå€¼: April 1, 1949
2025-12-19 03:28:38 - [INFO] - ğŸ“Š æŒ‡æ ‡: F1=1.00 | P=1.00 | R=1.00 | ğŸ‰ High F1 (1.00) (è€—æ—¶: 9.15s)
2025-12-19 03:28:38 - [INFO] - ------------------------------------------------------------
2025-12-19 03:28:38 - [INFO] - è¿›åº¦: [87/800] | Query ID: 5ae005b555429942ec259bec
2025-12-19 03:28:38 - [INFO] - â“ é—®é¢˜: In what year was the novel that LourenÃ§o Mutarelli based "Nina" on based first published?
2025-12-19 03:28:38 - [INFO] - ğŸ“‹ doc_filter: 10 ä¸ªæ–‡æ¡£
2025-12-19 03:28:47 - [INFO] - ğŸ¤– é¢„æµ‹: 1866
2025-12-19 03:28:47 - [INFO] - âœ… çœŸå€¼: 1866
2025-12-19 03:28:47 - [INFO] - ğŸ“Š æŒ‡æ ‡: F1=1.00 | P=1.00 | R=1.00 | ğŸ‰ High F1 (1.00) (è€—æ—¶: 8.68s)
2025-12-19 03:28:47 - [INFO] - ------------------------------------------------------------
2025-12-19 03:28:47 - [INFO] - è¿›åº¦: [88/800] | Query ID: 5a7759fc5542993569682d60
2025-12-19 03:28:47 - [INFO] - â“ é—®é¢˜: Where are Teide National Park and Garajonay National Park located?
2025-12-19 03:28:47 - [INFO] - ğŸ“‹ doc_filter: 10 ä¸ªæ–‡æ¡£
2025-12-19 03:28:56 - [INFO] - ğŸ¤– é¢„æµ‹: Canary Islands, Spain
2025-12-19 03:28:56 - [INFO] - âœ… çœŸå€¼: Canary Islands, Spain
2025-12-19 03:28:56 - [INFO] - ğŸ“Š æŒ‡æ ‡: F1=1.00 | P=1.00 | R=1.00 | ğŸ‰ High F1 (1.00) (è€—æ—¶: 9.08s)
2025-12-19 03:28:56 - [INFO] - ------------------------------------------------------------
2025-12-19 03:28:56 - [INFO] - è¿›åº¦: [89/800] | Query ID: 5a835478554299123d8c20ed
2025-12-19 03:28:56 - [INFO] - â“ é—®é¢˜: How many copies of Roald Dahl's variation on a popular anecdote sold?
2025-12-19 03:28:56 - [INFO] - ğŸ“‹ doc_filter: 10 ä¸ªæ–‡æ¡£
2025-12-19 03:29:05 - [INFO] - ğŸ¤– é¢„æµ‹: I don't know
2025-12-19 03:29:05 - [INFO] - âœ… çœŸå€¼: 250 million
2025-12-19 03:29:05 - [INFO] - ğŸ“Š æŒ‡æ ‡: F1=0.00 | P=0.00 | R=0.00 | âŒ MISS (è€—æ—¶: 9.34s)
2025-12-19 03:29:05 - [INFO] - ------------------------------------------------------------
2025-12-19 03:29:05 - [INFO] - è¿›åº¦: [90/800] | Query ID: 5aba749055429901930fa7d8
2025-12-19 03:29:05 - [INFO] - â“ é—®é¢˜: What occupation do Chris Menges and Aram Avakian share?
2025-12-19 03:29:05 - [INFO] - ğŸ“‹ doc_filter: 10 ä¸ªæ–‡æ¡£
2025-12-19 03:29:14 - [INFO] - ğŸ¤– é¢„æµ‹: Film director
2025-12-19 03:29:14 - [INFO] - âœ… çœŸå€¼: director
2025-12-19 03:29:14 - [INFO] - âš–ï¸ è£åˆ¤: âœ… è¯­ä¹‰ä¸€è‡´ (è™½ç„¶ F1=0.67)
2025-12-19 03:29:14 - [INFO] - ğŸ“Š æŒ‡æ ‡: F1=0.67 | P=0.50 | R=1.00 | âœ… Sem-Match (è€—æ—¶: 9.36s)
2025-12-19 03:29:14 - [INFO] - ------------------------------------------------------------
2025-12-19 03:29:14 - [INFO] - è¿›åº¦: [91/800] | Query ID: 5abfb3425542990832d3a1c0
2025-12-19 03:29:14 - [INFO] - â“ é—®é¢˜: Andrew Jaspan was the co-founder of what not-for-profit media outlet?
2025-12-19 03:29:14 - [INFO] - ğŸ“‹ doc_filter: 10 ä¸ªæ–‡æ¡£
2025-12-19 03:29:23 - [INFO] - ğŸ¤– é¢„æµ‹: The Conversation
2025-12-19 03:29:23 - [INFO] - âœ… çœŸå€¼: The Conversation
2025-12-19 03:29:23 - [INFO] - ğŸ“Š æŒ‡æ ‡: F1=1.00 | P=1.00 | R=1.00 | ğŸ‰ High F1 (1.00) (è€—æ—¶: 8.95s)
2025-12-19 03:29:23 - [INFO] - ------------------------------------------------------------
2025-12-19 03:29:23 - [INFO] - è¿›åº¦: [92/800] | Query ID: 5ac3165c5542995ef918c10a
2025-12-19 03:29:23 - [INFO] - â“ é—®é¢˜: Which American film director hosted the 18th Independent Spirit Awards in 2002?
2025-12-19 03:29:23 - [INFO] - ğŸ“‹ doc_filter: 10 ä¸ªæ–‡æ¡£
2025-12-19 03:29:32 - [INFO] - ğŸ¤– é¢„æµ‹: John Waters
2025-12-19 03:29:32 - [INFO] - âœ… çœŸå€¼: John Waters
2025-12-19 03:29:32 - [INFO] - ğŸ“Š æŒ‡æ ‡: F1=1.00 | P=1.00 | R=1.00 | ğŸ‰ High F1 (1.00) (è€—æ—¶: 8.94s)
2025-12-19 03:29:32 - [INFO] - ------------------------------------------------------------
2025-12-19 03:29:32 - [INFO] - è¿›åº¦: [93/800] | Query ID: 5ae53b545542990ba0bbb23c
2025-12-19 03:29:32 - [INFO] - â“ é—®é¢˜: Where does the hotel and casino located in which Bill Cosby's third album was recorded?
2025-12-19 03:29:32 - [INFO] - ğŸ“‹ doc_filter: 10 ä¸ªæ–‡æ¡£
2025-12-19 03:29:42 - [INFO] - ğŸ¤– é¢„æµ‹: Las Vegas
2025-12-19 03:29:42 - [INFO] - âœ… çœŸå€¼: Las Vegas Strip in Paradise
2025-12-19 03:29:42 - [INFO] - âš–ï¸ è£åˆ¤: âœ… è¯­ä¹‰ä¸€è‡´ (è™½ç„¶ F1=0.57)
2025-12-19 03:29:42 - [INFO] - ğŸ“Š æŒ‡æ ‡: F1=0.57 | P=1.00 | R=0.40 | âœ… Sem-Match (è€—æ—¶: 9.19s)
2025-12-19 03:29:42 - [INFO] - ------------------------------------------------------------
2025-12-19 03:29:42 - [INFO] - è¿›åº¦: [94/800] | Query ID: 5ae224da554299234fd043ee
2025-12-19 03:29:42 - [INFO] - â“ é—®é¢˜: Do the drinks Gibson and Zurracapote both contain gin?
2025-12-19 03:29:42 - [INFO] - ğŸ“‹ doc_filter: 10 ä¸ªæ–‡æ¡£
2025-12-19 03:29:50 - [INFO] - ğŸ¤– é¢„æµ‹: no
2025-12-19 03:29:50 - [INFO] - âœ… çœŸå€¼: no
2025-12-19 03:29:50 - [INFO] - ğŸ“Š æŒ‡æ ‡: F1=1.00 | P=1.00 | R=1.00 | ğŸ‰ High F1 (1.00) (è€—æ—¶: 8.84s)
2025-12-19 03:29:50 - [INFO] - ------------------------------------------------------------
2025-12-19 03:29:50 - [INFO] - è¿›åº¦: [95/800] | Query ID: 5ae2b770554299495565db0f
2025-12-19 03:29:50 - [INFO] - â“ é—®é¢˜: In what month is the annual documentary film festival, that is presented by the fortnightly published British journal of literary essays, held? 
2025-12-19 03:29:50 - [INFO] - ğŸ“‹ doc_filter: 10 ä¸ªæ–‡æ¡£
2025-12-19 03:30:00 - [INFO] - ğŸ¤– é¢„æµ‹: March
2025-12-19 03:30:00 - [INFO] - âœ… çœŸå€¼: March and April
2025-12-19 03:30:00 - [INFO] - âš–ï¸ è£åˆ¤: âœ… è¯­ä¹‰ä¸€è‡´ (è™½ç„¶ F1=0.50)
2025-12-19 03:30:00 - [INFO] - ğŸ“Š æŒ‡æ ‡: F1=0.50 | P=1.00 | R=0.33 | âœ… Sem-Match (è€—æ—¶: 9.15s)
2025-12-19 03:30:00 - [INFO] - ------------------------------------------------------------
2025-12-19 03:30:00 - [INFO] - è¿›åº¦: [96/800] | Query ID: 5a80b3a9554299485f5986cc
2025-12-19 03:30:00 - [INFO] - â“ é—®é¢˜: Tysons Galleria is located in what county?
2025-12-19 03:30:00 - [INFO] - ğŸ“‹ doc_filter: 10 ä¸ªæ–‡æ¡£
2025-12-19 03:30:09 - [INFO] - ğŸ¤– é¢„æµ‹: Fairfax County
2025-12-19 03:30:09 - [INFO] - âœ… çœŸå€¼: Fairfax County
2025-12-19 03:30:09 - [INFO] - ğŸ“Š æŒ‡æ ‡: F1=1.00 | P=1.00 | R=1.00 | ğŸ‰ High F1 (1.00) (è€—æ—¶: 9.16s)
2025-12-19 03:30:09 - [INFO] - ------------------------------------------------------------
2025-12-19 03:30:09 - [INFO] - è¿›åº¦: [97/800] | Query ID: 5a8e0a005542995085b373a1
2025-12-19 03:30:09 - [INFO] - â“ é—®é¢˜: Bordan Tkachuk was the CEO of a company that provides what sort of products?
2025-12-19 03:30:09 - [INFO] - ğŸ“‹ doc_filter: 10 ä¸ªæ–‡æ¡£
2025-12-19 03:30:18 - [INFO] - ğŸ¤– é¢„æµ‹: Fruit juice
2025-12-19 03:30:18 - [INFO] - âœ… çœŸå€¼: IT products and services
2025-12-19 03:30:18 - [INFO] - ğŸ“Š æŒ‡æ ‡: F1=0.00 | P=0.00 | R=0.00 | âŒ MISS (è€—æ—¶: 9.50s)
2025-12-19 03:30:18 - [INFO] - ------------------------------------------------------------
2025-12-19 03:30:18 - [INFO] - è¿›åº¦: [98/800] | Query ID: 5ac1b8ee5542994d76dccedc
2025-12-19 03:30:18 - [INFO] - â“ é—®é¢˜: Which filmmaker was known for animation, Lev Yilmaz or Pamela B. Green?
2025-12-19 03:30:18 - [INFO] - ğŸ“‹ doc_filter: 10 ä¸ªæ–‡æ¡£
2025-12-19 03:30:27 - [INFO] - ğŸ¤– é¢„æµ‹: Levni Yilmaz
2025-12-19 03:30:27 - [INFO] - âœ… çœŸå€¼: Levni Yilmaz
2025-12-19 03:30:27 - [INFO] - ğŸ“Š æŒ‡æ ‡: F1=1.00 | P=1.00 | R=1.00 | ğŸ‰ High F1 (1.00) (è€—æ—¶: 9.09s)
2025-12-19 03:30:27 - [INFO] - ------------------------------------------------------------
2025-12-19 03:30:27 - [INFO] - è¿›åº¦: [99/800] | Query ID: 5adccd795542990d50227d2c
2025-12-19 03:30:27 - [INFO] - â“ é—®é¢˜: In which city is the ambassador of the Rabat-SalÃ©-KÃ©nitra administrative region to China based?
2025-12-19 03:30:27 - [INFO] - ğŸ“‹ doc_filter: 10 ä¸ªæ–‡æ¡£
2025-12-19 03:30:36 - [INFO] - ğŸ¤– é¢„æµ‹: Beijing
2025-12-19 03:30:36 - [INFO] - âœ… çœŸå€¼: Beijing
2025-12-19 03:30:36 - [INFO] - ğŸ“Š æŒ‡æ ‡: F1=1.00 | P=1.00 | R=1.00 | ğŸ‰ High F1 (1.00) (è€—æ—¶: 8.44s)
2025-12-19 03:30:36 - [INFO] - ------------------------------------------------------------
2025-12-19 03:30:36 - [INFO] - è¿›åº¦: [100/800] | Query ID: 5a84c4135542994c784dda31
2025-12-19 03:30:36 - [INFO] - â“ é—®é¢˜: Are Yingkou and Fuding the same level of city?
2025-12-19 03:30:36 - [INFO] - ğŸ“‹ doc_filter: 10 ä¸ªæ–‡æ¡£
2025-12-19 03:30:44 - [INFO] - ğŸ¤– é¢„æµ‹: no
2025-12-19 03:30:44 - [INFO] - âœ… çœŸå€¼: no
2025-12-19 03:30:44 - [INFO] - ğŸ“Š æŒ‡æ ‡: F1=1.00 | P=1.00 | R=1.00 | ğŸ‰ High F1 (1.00) (è€—æ—¶: 8.44s)
2025-12-19 03:30:44 - [INFO] - ------------------------------------------------------------
2025-12-19 03:30:44 - [INFO] - è¿›åº¦: [101/800] | Query ID: 5a85eed75542996432c5713b
2025-12-19 03:30:44 - [INFO] - â“ é—®é¢˜: Where did the descendants of the group of black Indians associated with the Seminole people settle?
2025-12-19 03:30:44 - [INFO] - ğŸ“‹ doc_filter: 10 ä¸ªæ–‡æ¡£
2025-12-19 03:30:53 - [INFO] - ğŸ¤– é¢„æµ‹: Florida and Oklahoma
2025-12-19 03:30:53 - [INFO] - âœ… çœŸå€¼: Coahuila, Mexico
2025-12-19 03:30:53 - [INFO] - ğŸ“Š æŒ‡æ ‡: F1=0.00 | P=0.00 | R=0.00 | âŒ MISS (è€—æ—¶: 9.21s)
2025-12-19 03:30:53 - [INFO] - ------------------------------------------------------------
2025-12-19 03:30:53 - [INFO] - è¿›åº¦: [102/800] | Query ID: 5a774e9c55429972597f14f3
2025-12-19 03:30:53 - [INFO] - â“ é—®é¢˜: David Huntsinger has worked with this gospel singer born in the month of July?
2025-12-19 03:30:53 - [INFO] - ğŸ“‹ doc_filter: 10 ä¸ªæ–‡æ¡£
2025-12-19 03:31:03 - [INFO] - ğŸ¤– é¢„æµ‹: Larnelle Harris
2025-12-19 03:31:03 - [INFO] - âœ… çœŸå€¼: Larnelle Harris
2025-12-19 03:31:03 - [INFO] - ğŸ“Š æŒ‡æ ‡: F1=1.00 | P=1.00 | R=1.00 | ğŸ‰ High F1 (1.00) (è€—æ—¶: 9.13s)
2025-12-19 03:31:03 - [INFO] - ------------------------------------------------------------
2025-12-19 03:31:03 - [INFO] - è¿›åº¦: [103/800] | Query ID: 5ae738f75542991bbc9761c4
2025-12-19 03:31:03 - [INFO] - â“ é—®é¢˜: What year was the brother of this first round draft pick by the Washington Redskins drafted?
2025-12-19 03:31:03 - [INFO] - ğŸ“‹ doc_filter: 10 ä¸ªæ–‡æ¡£
2025-12-19 03:31:12 - [INFO] - ğŸ¤– é¢„æµ‹: 1999
2025-12-19 03:31:12 - [INFO] - âœ… çœŸå€¼: 2003
2025-12-19 03:31:12 - [INFO] - ğŸ“Š æŒ‡æ ‡: F1=0.00 | P=0.00 | R=0.00 | âŒ MISS (è€—æ—¶: 9.63s)
2025-12-19 03:31:12 - [INFO] - ------------------------------------------------------------
2025-12-19 03:31:12 - [INFO] - è¿›åº¦: [104/800] | Query ID: 5ac32b565542995ef918c154
2025-12-19 03:31:12 - [INFO] - â“ é—®é¢˜: Where is the stadium at which 1964 Georgia Tech Yellow Jackets football team played their home game located? 
2025-12-19 03:31:12 - [INFO] - ğŸ“‹ doc_filter: 10 ä¸ªæ–‡æ¡£
2025-12-19 03:31:21 - [INFO] - ğŸ¤– é¢„æµ‹: Grant Field
2025-12-19 03:31:21 - [INFO] - âœ… çœŸå€¼: North Avenue at Techwood Drive
2025-12-19 03:31:21 - [INFO] - ğŸ“Š æŒ‡æ ‡: F1=0.00 | P=0.00 | R=0.00 | âŒ MISS (è€—æ—¶: 9.05s)
2025-12-19 03:31:21 - [INFO] - ------------------------------------------------------------
2025-12-19 03:31:21 - [INFO] - è¿›åº¦: [105/800] | Query ID: 5abc8d75554299700f9d7900
2025-12-19 03:31:21 - [INFO] - â“ é—®é¢˜: Since 2 June 2017, The Leader of Fine Gael had been held by which Irish Fine Gael politician who has served as Taoiseach and Minister for Defence?
2025-12-19 03:31:21 - [INFO] - ğŸ“‹ doc_filter: 10 ä¸ªæ–‡æ¡£
2025-12-19 03:31:30 - [INFO] - ğŸ¤– é¢„æµ‹: Leo Eric Varadkar
2025-12-19 03:31:30 - [INFO] - âœ… çœŸå€¼: Leo Varadkar
2025-12-19 03:31:30 - [INFO] - ğŸ“Š æŒ‡æ ‡: F1=0.80 | P=0.67 | R=1.00 | ğŸ‰ High F1 (0.80) (è€—æ—¶: 8.69s)
2025-12-19 03:31:30 - [INFO] - ------------------------------------------------------------
2025-12-19 03:31:30 - [INFO] - è¿›åº¦: [106/800] | Query ID: 5a8bb29b554299240d9c2089
2025-12-19 03:31:30 - [INFO] - â“ é—®é¢˜: Which American film actor and dancer starred in the 1945 film Johnny Angel?
2025-12-19 03:31:30 - [INFO] - ğŸ“‹ doc_filter: 10 ä¸ªæ–‡æ¡£
2025-12-19 03:31:38 - [INFO] - ğŸ¤– é¢„æµ‹: George Raft
2025-12-19 03:31:38 - [INFO] - âœ… çœŸå€¼: George Raft
2025-12-19 03:31:38 - [INFO] - ğŸ“Š æŒ‡æ ‡: F1=1.00 | P=1.00 | R=1.00 | ğŸ‰ High F1 (1.00) (è€—æ—¶: 8.52s)
2025-12-19 03:31:38 - [INFO] - ------------------------------------------------------------
2025-12-19 03:31:38 - [INFO] - è¿›åº¦: [107/800] | Query ID: 5ab659e355429954757d324e
2025-12-19 03:31:38 - [INFO] - â“ é—®é¢˜: hree Men on a Horse is a play by a playwright born in which year ?
2025-12-19 03:31:38 - [INFO] - ğŸ“‹ doc_filter: 10 ä¸ªæ–‡æ¡£
2025-12-19 03:31:47 - [INFO] - ğŸ¤– é¢„æµ‹: 1887
2025-12-19 03:31:47 - [INFO] - âœ… çœŸå€¼: 1887
2025-12-19 03:31:47 - [INFO] - ğŸ“Š æŒ‡æ ‡: F1=1.00 | P=1.00 | R=1.00 | ğŸ‰ High F1 (1.00) (è€—æ—¶: 9.03s)
2025-12-19 03:31:47 - [INFO] - ------------------------------------------------------------
2025-12-19 03:31:47 - [INFO] - è¿›åº¦: [108/800] | Query ID: 5a8b8b3155429949d91db5d7
2025-12-19 03:31:47 - [INFO] - â“ é—®é¢˜: What type of activity does Owner earnings and Warren Buffett have in common?
2025-12-19 03:31:47 - [INFO] - ğŸ“‹ doc_filter: 10 ä¸ªæ–‡æ¡£
2025-12-19 03:31:56 - [INFO] - ğŸ¤– é¢„æµ‹: Investment
2025-12-19 03:31:56 - [INFO] - âœ… çœŸå€¼: business
2025-12-19 03:31:56 - [INFO] - ğŸ“Š æŒ‡æ ‡: F1=0.00 | P=0.00 | R=0.00 | âŒ MISS (è€—æ—¶: 8.92s)
2025-12-19 03:31:56 - [INFO] - ------------------------------------------------------------
2025-12-19 03:31:56 - [INFO] - è¿›åº¦: [109/800] | Query ID: 5ae7eaf65542994a481bbe1d
2025-12-19 03:31:56 - [INFO] - â“ é—®é¢˜: When was the  former Indian cricketer who made his ODI debuts during the 2000 ICC KnockOut Trophy born? 
2025-12-19 03:31:56 - [INFO] - ğŸ“‹ doc_filter: 10 ä¸ªæ–‡æ¡£
2025-12-19 03:32:06 - [INFO] - ğŸ¤– é¢„æµ‹: I don't know
2025-12-19 03:32:06 - [INFO] - âœ… çœŸå€¼: 7 October 1978
2025-12-19 03:32:06 - [INFO] - ğŸ“Š æŒ‡æ ‡: F1=0.00 | P=0.00 | R=0.00 | âŒ MISS (è€—æ—¶: 9.52s)
2025-12-19 03:32:06 - [INFO] - ------------------------------------------------------------
2025-12-19 03:32:06 - [INFO] - è¿›åº¦: [110/800] | Query ID: 5a8c4c625542995e66a475a1
2025-12-19 03:32:06 - [INFO] - â“ é—®é¢˜: Which airplane was this Major test-flying after whom the base, that 514th Flight Test Squadron is stated at, is named?
2025-12-19 03:32:06 - [INFO] - ğŸ“‹ doc_filter: 10 ä¸ªæ–‡æ¡£
2025-12-19 03:32:15 - [INFO] - ğŸ¤– é¢„æµ‹: B-17 Flying Fortress
2025-12-19 03:32:15 - [INFO] - âœ… çœŸå€¼: B-17 Flying Fortress bomber
2025-12-19 03:32:15 - [INFO] - ğŸ“Š æŒ‡æ ‡: F1=0.89 | P=1.00 | R=0.80 | ğŸ‰ High F1 (0.89) (è€—æ—¶: 8.92s)
2025-12-19 03:32:15 - [INFO] - ------------------------------------------------------------
2025-12-19 03:32:15 - [INFO] - è¿›åº¦: [111/800] | Query ID: 5a818387554299260e20a291
2025-12-19 03:32:15 - [INFO] - â“ é—®é¢˜: Based on a True Story... is an album by which country music star, with the single My Eyes?
2025-12-19 03:32:15 - [INFO] - ğŸ“‹ doc_filter: 10 ä¸ªæ–‡æ¡£
2025-12-19 03:32:24 - [INFO] - ğŸ¤– é¢„æµ‹: Blake Shelton
2025-12-19 03:32:24 - [INFO] - âœ… çœŸå€¼: Blake Shelton
2025-12-19 03:32:24 - [INFO] - ğŸ“Š æŒ‡æ ‡: F1=1.00 | P=1.00 | R=1.00 | ğŸ‰ High F1 (1.00) (è€—æ—¶: 8.96s)
2025-12-19 03:32:24 - [INFO] - ------------------------------------------------------------
2025-12-19 03:32:24 - [INFO] - è¿›åº¦: [112/800] | Query ID: 5ab978855542996be2020512
2025-12-19 03:32:24 - [INFO] - â“ é—®é¢˜: Over how many centuries were the "dwelling place of the dead" built?
2025-12-19 03:32:24 - [INFO] - ğŸ“‹ doc_filter: 10 ä¸ªæ–‡æ¡£
2025-12-19 03:32:33 - [INFO] - ğŸ¤– é¢„æµ‹: I don't know
2025-12-19 03:32:33 - [INFO] - âœ… çœŸå€¼: three centuries
2025-12-19 03:32:33 - [INFO] - ğŸ“Š æŒ‡æ ‡: F1=0.00 | P=0.00 | R=0.00 | âŒ MISS (è€—æ—¶: 9.47s)
2025-12-19 03:32:33 - [INFO] - ------------------------------------------------------------
2025-12-19 03:32:33 - [INFO] - è¿›åº¦: [113/800] | Query ID: 5ae63dad55429929b0807afe
2025-12-19 03:32:33 - [INFO] - â“ é—®é¢˜: When was the British author who wrote the novel on which "Here We Go Round the Mulberry Bush" was based born? 
2025-12-19 03:32:33 - [INFO] - ğŸ“‹ doc_filter: 10 ä¸ªæ–‡æ¡£
2025-12-19 03:32:42 - [INFO] - ğŸ¤– é¢„æµ‹: 15 October 1881
2025-12-19 03:32:42 - [INFO] - âœ… çœŸå€¼: 7 January 1936
2025-12-19 03:32:42 - [INFO] - ğŸ“Š æŒ‡æ ‡: F1=0.00 | P=0.00 | R=0.00 | âŒ MISS (è€—æ—¶: 9.24s)
2025-12-19 03:32:42 - [INFO] - ------------------------------------------------------------
2025-12-19 03:32:42 - [INFO] - è¿›åº¦: [114/800] | Query ID: 5a7a455c5542994f819ef1a7
2025-12-19 03:32:42 - [INFO] - â“ é—®é¢˜: Who died first, George Archainbaud or Ralph Murphy?
2025-12-19 03:32:42 - [INFO] - ğŸ“‹ doc_filter: 10 ä¸ªæ–‡æ¡£
2025-12-19 03:32:52 - [INFO] - ğŸ¤– é¢„æµ‹: Ralph Murphy, February 10, 1967
2025-12-19 03:32:52 - [INFO] - âœ… çœŸå€¼: George Archainbaud
2025-12-19 03:32:52 - [INFO] - ğŸ“Š æŒ‡æ ‡: F1=0.00 | P=0.00 | R=0.00 | âŒ MISS (è€—æ—¶: 9.44s)
2025-12-19 03:32:52 - [INFO] - ------------------------------------------------------------
2025-12-19 03:32:52 - [INFO] - è¿›åº¦: [115/800] | Query ID: 5a7dcc775542990b8f503ab5
2025-12-19 03:32:52 - [INFO] - â“ é—®é¢˜: Which component of shellite has the formula (ON)CHOH?
2025-12-19 03:32:52 - [INFO] - ğŸ“‹ doc_filter: 10 ä¸ªæ–‡æ¡£
2025-12-19 03:33:01 - [INFO] - ğŸ¤– é¢„æµ‹: Picric acid
2025-12-19 03:33:01 - [INFO] - âœ… çœŸå€¼: picric acid
2025-12-19 03:33:01 - [INFO] - ğŸ“Š æŒ‡æ ‡: F1=1.00 | P=1.00 | R=1.00 | ğŸ‰ High F1 (1.00) (è€—æ—¶: 8.75s)
2025-12-19 03:33:01 - [INFO] - ------------------------------------------------------------
2025-12-19 03:33:01 - [INFO] - è¿›åº¦: [116/800] | Query ID: 5a887bc0554299206df2b2b6
2025-12-19 03:33:01 - [INFO] - â“ é—®é¢˜: The Argentine PGA Championship record holder has won how many tournaments worldwide?
2025-12-19 03:33:01 - [INFO] - ğŸ“‹ doc_filter: 10 ä¸ªæ–‡æ¡£
2025-12-19 03:33:10 - [INFO] - ğŸ¤– é¢„æµ‹: Over 230
2025-12-19 03:33:10 - [INFO] - âœ… çœŸå€¼: 230
2025-12-19 03:33:10 - [INFO] - âš–ï¸ è£åˆ¤: âœ… è¯­ä¹‰ä¸€è‡´ (è™½ç„¶ F1=0.67)
2025-12-19 03:33:10 - [INFO] - ğŸ“Š æŒ‡æ ‡: F1=0.67 | P=0.50 | R=1.00 | âœ… Sem-Match (è€—æ—¶: 9.17s)
2025-12-19 03:33:10 - [INFO] - ------------------------------------------------------------
2025-12-19 03:33:10 - [INFO] - è¿›åº¦: [117/800] | Query ID: 5a83880e554299123d8c214e
2025-12-19 03:33:10 - [INFO] - â“ é—®é¢˜: Suicide's 1977 released album features a song based on what brand's comic character?
2025-12-19 03:33:10 - [INFO] - ğŸ“‹ doc_filter: 10 ä¸ªæ–‡æ¡£
2025-12-19 03:33:19 - [INFO] - ğŸ¤– é¢„æµ‹: Marvel Comics
2025-12-19 03:33:19 - [INFO] - âœ… çœŸå€¼: Marvel
2025-12-19 03:33:19 - [INFO] - âš–ï¸ è£åˆ¤: âœ… è¯­ä¹‰ä¸€è‡´ (è™½ç„¶ F1=0.67)
2025-12-19 03:33:19 - [INFO] - ğŸ“Š æŒ‡æ ‡: F1=0.67 | P=0.50 | R=1.00 | âœ… Sem-Match (è€—æ—¶: 8.75s)
2025-12-19 03:33:19 - [INFO] - ------------------------------------------------------------
2025-12-19 03:33:19 - [INFO] - è¿›åº¦: [118/800] | Query ID: 5a879adb5542996e4f30887f
2025-12-19 03:33:19 - [INFO] - â“ é—®é¢˜: What other political position did the person who introduced the DISCLOSE Act hold?
2025-12-19 03:33:19 - [INFO] - ğŸ“‹ doc_filter: 10 ä¸ªæ–‡æ¡£
2025-12-19 03:33:28 - [INFO] - ğŸ¤– é¢„æµ‹: U.S. Representative
2025-12-19 03:33:28 - [INFO] - âœ… çœŸå€¼: United States Senator
2025-12-19 03:33:28 - [INFO] - ğŸ“Š æŒ‡æ ‡: F1=0.00 | P=0.00 | R=0.00 | âŒ MISS (è€—æ—¶: 9.62s)
2025-12-19 03:33:28 - [INFO] - ------------------------------------------------------------
2025-12-19 03:33:28 - [INFO] - è¿›åº¦: [119/800] | Query ID: 5add11935542994734353827
2025-12-19 03:33:28 - [INFO] - â“ é—®é¢˜: Were the bands Skin Yard and Ostava from the U.S.?
2025-12-19 03:33:28 - [INFO] - ğŸ“‹ doc_filter: 10 ä¸ªæ–‡æ¡£
2025-12-19 03:33:37 - [INFO] - ğŸ¤– é¢„æµ‹: no
2025-12-19 03:33:37 - [INFO] - âœ… çœŸå€¼: no
2025-12-19 03:33:37 - [INFO] - ğŸ“Š æŒ‡æ ‡: F1=1.00 | P=1.00 | R=1.00 | ğŸ‰ High F1 (1.00) (è€—æ—¶: 8.84s)
2025-12-19 03:33:37 - [INFO] - ------------------------------------------------------------
2025-12-19 03:33:37 - [INFO] - è¿›åº¦: [120/800] | Query ID: 5a8c5569554299240d9c2126
2025-12-19 03:33:37 - [INFO] - â“ é—®é¢˜: Are Daryl Hall and Gerry Marsden both musicians?
2025-12-19 03:33:37 - [INFO] - ğŸ“‹ doc_filter: 10 ä¸ªæ–‡æ¡£
2025-12-19 03:33:46 - [INFO] - ğŸ¤– é¢„æµ‹: no
2025-12-19 03:33:46 - [INFO] - âœ… çœŸå€¼: yes
2025-12-19 03:33:46 - [INFO] - ğŸ“Š æŒ‡æ ‡: F1=0.00 | P=0.00 | R=0.00 | âŒ MISS (è€—æ—¶: 9.16s)
2025-12-19 03:33:46 - [INFO] - ------------------------------------------------------------
2025-12-19 03:33:46 - [INFO] - è¿›åº¦: [121/800] | Query ID: 5a75f0ea5542994ccc91866c
2025-12-19 03:33:46 - [INFO] - â“ é—®é¢˜: What major truck road is located in Backford Cross?
2025-12-19 03:33:46 - [INFO] - ğŸ“‹ doc_filter: 10 ä¸ªæ–‡æ¡£
2025-12-19 03:33:55 - [INFO] - ğŸ¤– é¢„æµ‹: A41
2025-12-19 03:33:55 - [INFO] - âœ… çœŸå€¼: The A41
2025-12-19 03:33:55 - [INFO] - ğŸ“Š æŒ‡æ ‡: F1=1.00 | P=1.00 | R=1.00 | ğŸ‰ High F1 (1.00) (è€—æ—¶: 8.88s)
2025-12-19 03:33:55 - [INFO] - ------------------------------------------------------------
2025-12-19 03:33:55 - [INFO] - è¿›åº¦: [122/800] | Query ID: 5a89f5815542993b751ca9c5
2025-12-19 03:33:55 - [INFO] - â“ é—®é¢˜: In which role did Caroline Carver played in a 1999 Hallmark Entertainment made-for-TV fantasy movie?
2025-12-19 03:33:55 - [INFO] - ğŸ“‹ doc_filter: 10 ä¸ªæ–‡æ¡£
2025-12-19 03:34:04 - [INFO] - ğŸ¤– é¢„æµ‹: Princess Jessica
2025-12-19 03:34:04 - [INFO] - âœ… çœŸå€¼: Princess Jessica
2025-12-19 03:34:04 - [INFO] - ğŸ“Š æŒ‡æ ‡: F1=1.00 | P=1.00 | R=1.00 | ğŸ‰ High F1 (1.00) (è€—æ—¶: 8.45s)
2025-12-19 03:34:04 - [INFO] - ------------------------------------------------------------
2025-12-19 03:34:04 - [INFO] - è¿›åº¦: [123/800] | Query ID: 5a8d5fc6554299585d9e37c6
2025-12-19 03:34:04 - [INFO] - â“ é—®é¢˜: What's the name of the fantasy film starring Sarah Bolger, featuring a New England family who discover magical creatures around their estate?
2025-12-19 03:34:04 - [INFO] - ğŸ“‹ doc_filter: 10 ä¸ªæ–‡æ¡£
2025-12-19 03:34:12 - [INFO] - ğŸ¤– é¢„æµ‹: The Spiderwick Chronicles
2025-12-19 03:34:12 - [INFO] - âœ… çœŸå€¼: The Spiderwick Chronicles
2025-12-19 03:34:12 - [INFO] - ğŸ“Š æŒ‡æ ‡: F1=1.00 | P=1.00 | R=1.00 | ğŸ‰ High F1 (1.00) (è€—æ—¶: 8.74s)
2025-12-19 03:34:12 - [INFO] - ------------------------------------------------------------
2025-12-19 03:34:12 - [INFO] - è¿›åº¦: [124/800] | Query ID: 5ac120c55542992a796dedfc
2025-12-19 03:34:12 - [INFO] - â“ é—®é¢˜: Maxeda has been owned since 2004 by which American multinational equity firm?
2025-12-19 03:34:12 - [INFO] - ğŸ“‹ doc_filter: 10 ä¸ªæ–‡æ¡£
2025-12-19 03:34:22 - [INFO] - ğŸ¤– é¢„æµ‹: Kohlberg Kravis Roberts
2025-12-19 03:34:22 - [INFO] - âœ… çœŸå€¼: KKR & Co
2025-12-19 03:34:22 - [INFO] - âš–ï¸ è£åˆ¤: âœ… è¯­ä¹‰ä¸€è‡´ (è™½ç„¶ F1=0.00)
2025-12-19 03:34:22 - [INFO] - ğŸ“Š æŒ‡æ ‡: F1=0.00 | P=0.00 | R=0.00 | âœ… Sem-Match (è€—æ—¶: 9.20s)
2025-12-19 03:34:22 - [INFO] - ------------------------------------------------------------
2025-12-19 03:34:22 - [INFO] - è¿›åº¦: [125/800] | Query ID: 5ab7c1a955429928e1fe38c8
2025-12-19 03:34:22 - [INFO] - â“ é—®é¢˜: The youngest daughter of Lady Mary-Gaye Curzon stars with Douglas Smith and Lucien Laviscount  in what 2017 film?
2025-12-19 03:34:22 - [INFO] - ğŸ“‹ doc_filter: 10 ä¸ªæ–‡æ¡£
2025-12-19 03:34:31 - [INFO] - ğŸ¤– é¢„æµ‹: Holliday Grainger
2025-12-19 03:34:31 - [INFO] - âœ… çœŸå€¼: The Bye Bye Man
2025-12-19 03:34:31 - [INFO] - ğŸ“Š æŒ‡æ ‡: F1=0.00 | P=0.00 | R=0.00 | âŒ MISS (è€—æ—¶: 9.33s)
2025-12-19 03:34:31 - [INFO] - ------------------------------------------------------------
2025-12-19 03:34:31 - [INFO] - è¿›åº¦: [126/800] | Query ID: 5abd01205542992ac4f3819b
2025-12-19 03:34:31 - [INFO] - â“ é—®é¢˜: Mummulgum is a stop on the Bruxner Highway before reaching the town on the banks of which river?
2025-12-19 03:34:31 - [INFO] - ğŸ“‹ doc_filter: 10 ä¸ªæ–‡æ¡£
2025-12-19 03:34:40 - [INFO] - ğŸ¤– é¢„æµ‹: Clarence River
2025-12-19 03:34:40 - [INFO] - âœ… çœŸå€¼: Richmond
2025-12-19 03:34:40 - [INFO] - ğŸ“Š æŒ‡æ ‡: F1=0.00 | P=0.00 | R=0.00 | âŒ MISS (è€—æ—¶: 9.54s)
2025-12-19 03:34:40 - [INFO] - ------------------------------------------------------------
2025-12-19 03:34:40 - [INFO] - è¿›åº¦: [127/800] | Query ID: 5ab69c25554299110f219a39
2025-12-19 03:34:40 - [INFO] - â“ é—®é¢˜: Which American audio engineer and clandestine chemist, who was a key figure in the San Francisco Bay Area hippie movement during the 1960s recorded the album "Old and in the Way?"
2025-12-19 03:34:40 - [INFO] - ğŸ“‹ doc_filter: 10 ä¸ªæ–‡æ¡£
2025-12-19 03:34:49 - [INFO] - ğŸ¤– é¢„æµ‹: Owsley Stanley
2025-12-19 03:34:49 - [INFO] - âœ… çœŸå€¼: Owsley Stanley
2025-12-19 03:34:49 - [INFO] - ğŸ“Š æŒ‡æ ‡: F1=1.00 | P=1.00 | R=1.00 | ğŸ‰ High F1 (1.00) (è€—æ—¶: 9.09s)
2025-12-19 03:34:49 - [INFO] - ------------------------------------------------------------
2025-12-19 03:34:49 - [INFO] - è¿›åº¦: [128/800] | Query ID: 5a7b12a355429927d897bf2a
2025-12-19 03:34:49 - [INFO] - â“ é—®é¢˜: When was the palace founded at which Columba de Dunbar died in 1435?
2025-12-19 03:34:49 - [INFO] - ğŸ“‹ doc_filter: 10 ä¸ªæ–‡æ¡£
2025-12-19 03:34:59 - [INFO] - ğŸ¤– é¢„æµ‹: Late 12th Century
2025-12-19 03:34:59 - [INFO] - âœ… çœŸå€¼: the late 12th Century
2025-12-19 03:34:59 - [INFO] - ğŸ“Š æŒ‡æ ‡: F1=1.00 | P=1.00 | R=1.00 | ğŸ‰ High F1 (1.00) (è€—æ—¶: 9.06s)
2025-12-19 03:34:59 - [INFO] - ------------------------------------------------------------
2025-12-19 03:34:59 - [INFO] - è¿›åº¦: [129/800] | Query ID: 5ae0006755429925eb1afbd3
2025-12-19 03:34:59 - [INFO] - â“ é—®é¢˜: Where is the Bubblegum Alley, that is similar to Gum Wall, located in California?
2025-12-19 03:34:59 - [INFO] - ğŸ“‹ doc_filter: 10 ä¸ªæ–‡æ¡£
2025-12-19 03:35:07 - [INFO] - ğŸ¤– é¢„æµ‹: San Luis Obispo
2025-12-19 03:35:07 - [INFO] - âœ… çœŸå€¼: San Luis Obispo, California
2025-12-19 03:35:07 - [INFO] - ğŸ“Š æŒ‡æ ‡: F1=0.86 | P=1.00 | R=0.75 | ğŸ‰ High F1 (0.86) (è€—æ—¶: 8.94s)
2025-12-19 03:35:07 - [INFO] - ------------------------------------------------------------
2025-12-19 03:35:07 - [INFO] - è¿›åº¦: [130/800] | Query ID: 5ae305df5542992decbdcdc3
2025-12-19 03:35:07 - [INFO] - â“ é—®é¢˜: At what venue was the January 2, 2012 game featured the University of Louisville team?
2025-12-19 03:35:07 - [INFO] - ğŸ“‹ doc_filter: 10 ä¸ªæ–‡æ¡£
2025-12-19 03:35:16 - [INFO] - ğŸ¤– é¢„æµ‹: Mercedes-Benz Superdome
2025-12-19 03:35:16 - [INFO] - âœ… çœŸå€¼: Mercedes-Benz Superdome
2025-12-19 03:35:16 - [INFO] - ğŸ“Š æŒ‡æ ‡: F1=1.00 | P=1.00 | R=1.00 | ğŸ‰ High F1 (1.00) (è€—æ—¶: 8.81s)
2025-12-19 03:35:16 - [INFO] - ------------------------------------------------------------
2025-12-19 03:35:16 - [INFO] - è¿›åº¦: [131/800] | Query ID: 5a8574945542997b5ce3fffb
2025-12-19 03:35:16 - [INFO] - â“ é—®é¢˜: Which film was Oscar nominated, LaLee's Kin: The Legacy of Cotton or Gimme Shelter, the 1970 Rolling Stones documentary?
2025-12-19 03:35:16 - [INFO] - ğŸ“‹ doc_filter: 10 ä¸ªæ–‡æ¡£
2025-12-19 03:35:25 - [INFO] - ğŸ¤– é¢„æµ‹: no
2025-12-19 03:35:25 - [INFO] - âœ… çœŸå€¼: LaLee's Kin: The Legacy of Cotton
2025-12-19 03:35:25 - [INFO] - ğŸ“Š æŒ‡æ ‡: F1=0.00 | P=0.00 | R=0.00 | âŒ MISS (è€—æ—¶: 8.87s)
2025-12-19 03:35:25 - [INFO] - ------------------------------------------------------------
2025-12-19 03:35:25 - [INFO] - è¿›åº¦: [132/800] | Query ID: 5a7332935542991f9a20c67d
2025-12-19 03:35:25 - [INFO] - â“ é—®é¢˜: Which board game was published most recently, Pirate's Cove or Catan?
2025-12-19 03:35:25 - [INFO] - ğŸ“‹ doc_filter: 10 ä¸ªæ–‡æ¡£
2025-12-19 03:35:36 - [INFO] - ğŸ¤– é¢„æµ‹: Pirate's Cove (2002) vs The Kids of Catan (no specific date mentioned, but likely later than 2002) -> I don't know
2025-12-19 03:35:36 - [INFO] - âœ… çœŸå€¼: Pirate's Cove
2025-12-19 03:35:36 - [INFO] - ğŸ“Š æŒ‡æ ‡: F1=0.19 | P=0.11 | R=1.00 | âš ï¸ Low F1 (0.19) (è€—æ—¶: 10.64s)
2025-12-19 03:35:36 - [INFO] - ------------------------------------------------------------
2025-12-19 03:35:36 - [INFO] - è¿›åº¦: [133/800] | Query ID: 5a80071f5542992bc0c4a684
2025-12-19 03:35:36 - [INFO] - â“ é—®é¢˜: Alice David is the voice of Lara Croft in a video game developed by which company ?
2025-12-19 03:35:36 - [INFO] - ğŸ“‹ doc_filter: 10 ä¸ªæ–‡æ¡£
2025-12-19 03:35:45 - [INFO] - ğŸ¤– é¢„æµ‹: Square Enix
2025-12-19 03:35:45 - [INFO] - âœ… çœŸå€¼: Crystal Dynamics
2025-12-19 03:35:45 - [INFO] - ğŸ“Š æŒ‡æ ‡: F1=0.00 | P=0.00 | R=0.00 | âŒ MISS (è€—æ—¶: 9.40s)
2025-12-19 03:35:45 - [INFO] - ------------------------------------------------------------
2025-12-19 03:35:45 - [INFO] - è¿›åº¦: [134/800] | Query ID: 5ae73c065542991e8301cc18
2025-12-19 03:35:45 - [INFO] - â“ é—®é¢˜: Which Eminem album included vocals from a singer who had an album titled "Unapologetic"?
2025-12-19 03:35:45 - [INFO] - ğŸ“‹ doc_filter: 10 ä¸ªæ–‡æ¡£
2025-12-19 03:35:54 - [INFO] - ğŸ¤– é¢„æµ‹: The Marshall Mathers LP 2
2025-12-19 03:35:54 - [INFO] - âœ… çœŸå€¼: "The Marshall Mathers LP 2"
2025-12-19 03:35:54 - [INFO] - ğŸ“Š æŒ‡æ ‡: F1=1.00 | P=1.00 | R=1.00 | ğŸ‰ High F1 (1.00) (è€—æ—¶: 9.28s)
2025-12-19 03:35:54 - [INFO] - ------------------------------------------------------------
2025-12-19 03:35:54 - [INFO] - è¿›åº¦: [135/800] | Query ID: 5a87d8215542994775f60800
2025-12-19 03:35:54 - [INFO] - â“ é—®é¢˜: This American crime film set in South Los Angeles was written and directed by the same director and writer of screenwriter of "Street Kings", "End of Watch", "Sabotage", "Fury" and what other film? 
2025-12-19 03:35:54 - [INFO] - ğŸ“‹ doc_filter: 10 ä¸ªæ–‡æ¡£
2025-12-19 03:36:04 - [INFO] - ğŸ¤– é¢„æµ‹: David Ayer
2025-12-19 03:36:04 - [INFO] - âœ… çœŸå€¼: Suicide Squad
2025-12-19 03:36:04 - [INFO] - ğŸ“Š æŒ‡æ ‡: F1=0.00 | P=0.00 | R=0.00 | âŒ MISS (è€—æ—¶: 9.09s)
2025-12-19 03:36:04 - [INFO] - ------------------------------------------------------------
2025-12-19 03:36:04 - [INFO] - è¿›åº¦: [136/800] | Query ID: 5ac2ffbd554299677310267b
2025-12-19 03:36:04 - [INFO] - â“ é—®é¢˜: SuperMansion starred the actress who had a recurring role as whom on Workaholics?
2025-12-19 03:36:04 - [INFO] - ğŸ“‹ doc_filter: 10 ä¸ªæ–‡æ¡£
2025-12-19 03:36:13 - [INFO] - ğŸ¤– é¢„æµ‹: Heidi Gardner
2025-12-19 03:36:13 - [INFO] - âœ… çœŸå€¼: Jillian Belk
2025-12-19 03:36:13 - [INFO] - ğŸ“Š æŒ‡æ ‡: F1=0.00 | P=0.00 | R=0.00 | âŒ MISS (è€—æ—¶: 9.22s)
2025-12-19 03:36:13 - [INFO] - ------------------------------------------------------------
2025-12-19 03:36:13 - [INFO] - è¿›åº¦: [137/800] | Query ID: 5a7c960655429935c91b5244
2025-12-19 03:36:13 - [INFO] - â“ é—®é¢˜: The 1974 Texas Tech Raiders football team represented what public research university in Lubbock, Texas?
2025-12-19 03:36:13 - [INFO] - ğŸ“‹ doc_filter: 10 ä¸ªæ–‡æ¡£
2025-12-19 03:36:22 - [INFO] - ğŸ¤– é¢„æµ‹: Texas Tech University
2025-12-19 03:36:22 - [INFO] - âœ… çœŸå€¼: Texas Tech University
2025-12-19 03:36:22 - [INFO] - ğŸ“Š æŒ‡æ ‡: F1=1.00 | P=1.00 | R=1.00 | ğŸ‰ High F1 (1.00) (è€—æ—¶: 8.94s)
2025-12-19 03:36:22 - [INFO] - ------------------------------------------------------------
2025-12-19 03:36:22 - [INFO] - è¿›åº¦: [138/800] | Query ID: 5a7d61775542991319bc93b9
2025-12-19 03:36:22 - [INFO] - â“ é—®é¢˜: During Siege of Bharatpur, which Commander-in-Chief of Ireland and Commander-in-Chief of India contributed to the storming of the castle?
2025-12-19 03:36:22 - [INFO] - ğŸ“‹ doc_filter: 10 ä¸ªæ–‡æ¡£
2025-12-19 03:36:31 - [INFO] - ğŸ¤– é¢„æµ‹: Stapleton Cotton, 1st Viscount Combermere
2025-12-19 03:36:31 - [INFO] - âœ… çœŸå€¼: Lord Combermere
2025-12-19 03:36:31 - [INFO] - âš–ï¸ è£åˆ¤: âœ… è¯­ä¹‰ä¸€è‡´ (è™½ç„¶ F1=0.29)
2025-12-19 03:36:31 - [INFO] - ğŸ“Š æŒ‡æ ‡: F1=0.29 | P=0.20 | R=0.50 | âœ… Sem-Match (è€—æ—¶: 9.74s)
2025-12-19 03:36:31 - [INFO] - ------------------------------------------------------------
2025-12-19 03:36:31 - [INFO] - è¿›åº¦: [139/800] | Query ID: 5ac1c6805542994ab5c67e11
2025-12-19 03:36:31 - [INFO] - â“ é—®é¢˜: For what type of work is the production company for The Year Without a Santa Claus best known?
2025-12-19 03:36:31 - [INFO] - ğŸ“‹ doc_filter: 10 ä¸ªæ–‡æ¡£
2025-12-19 03:36:41 - [INFO] - ğŸ¤– é¢„æµ‹: Rankin/Bass Productions
2025-12-19 03:36:41 - [INFO] - âœ… çœŸå€¼: seasonal television specials, particularly its work in stop motion animation
2025-12-19 03:36:41 - [INFO] - ğŸ“Š æŒ‡æ ‡: F1=0.00 | P=0.00 | R=0.00 | âŒ MISS (è€—æ—¶: 9.82s)
2025-12-19 03:36:41 - [INFO] - ------------------------------------------------------------
2025-12-19 03:36:41 - [INFO] - è¿›åº¦: [140/800] | Query ID: 5a7a230e5542996a35c170ee
2025-12-19 03:36:41 - [INFO] - â“ é—®é¢˜: What year was the film that starred the composer for "The Naked Brothers Band"?
2025-12-19 03:36:41 - [INFO] - ğŸ“‹ doc_filter: 10 ä¸ªæ–‡æ¡£
2025-12-19 03:36:50 - [INFO] - ğŸ¤– é¢„æµ‹: 2007
2025-12-19 03:36:50 - [INFO] - âœ… çœŸå€¼: 2014
2025-12-19 03:36:50 - [INFO] - ğŸ“Š æŒ‡æ ‡: F1=0.00 | P=0.00 | R=0.00 | âŒ MISS (è€—æ—¶: 8.99s)
2025-12-19 03:36:50 - [INFO] - ------------------------------------------------------------
2025-12-19 03:36:50 - [INFO] - è¿›åº¦: [141/800] | Query ID: 5ae4627d5542991a06ce9a4d
2025-12-19 03:36:50 - [INFO] - â“ é—®é¢˜: The author of Sexual Politics attended which British University?
2025-12-19 03:36:50 - [INFO] - ğŸ“‹ doc_filter: 10 ä¸ªæ–‡æ¡£
2025-12-19 03:36:59 - [INFO] - ğŸ¤– é¢„æµ‹: Oxford
2025-12-19 03:36:59 - [INFO] - âœ… çœŸå€¼: Oxford
2025-12-19 03:36:59 - [INFO] - ğŸ“Š æŒ‡æ ‡: F1=1.00 | P=1.00 | R=1.00 | ğŸ‰ High F1 (1.00) (è€—æ—¶: 8.72s)
2025-12-19 03:36:59 - [INFO] - ------------------------------------------------------------
2025-12-19 03:36:59 - [INFO] - è¿›åº¦: [142/800] | Query ID: 5ac2d1d755429921a00ab053
2025-12-19 03:36:59 - [INFO] - â“ é—®é¢˜: Who had the best singles ranking, Roberta Vinci or Jorge Lozano?
2025-12-19 03:36:59 - [INFO] - ğŸ“‹ doc_filter: 10 ä¸ªæ–‡æ¡£
2025-12-19 03:37:09 - [INFO] - ğŸ¤– é¢„æµ‹: Jorge Lozano (World No. 51)
2025-12-19 03:37:09 - [INFO] - âœ… çœŸå€¼: Roberta Vinci
2025-12-19 03:37:09 - [INFO] - ğŸ“Š æŒ‡æ ‡: F1=0.00 | P=0.00 | R=0.00 | âŒ MISS (è€—æ—¶: 9.68s)
2025-12-19 03:37:09 - [INFO] - ------------------------------------------------------------
2025-12-19 03:37:09 - [INFO] - è¿›åº¦: [143/800] | Query ID: 5ab4e3065542990594ba9cb4
2025-12-19 03:37:09 - [INFO] - â“ é—®é¢˜: Both Truth in Science and Discovery embrace what campaign?
2025-12-19 03:37:09 - [INFO] - ğŸ“‹ doc_filter: 10 ä¸ªæ–‡æ¡£
2025-12-19 03:37:18 - [INFO] - ğŸ¤– é¢„æµ‹: "Teach the Controversy"
2025-12-19 03:37:18 - [INFO] - âœ… çœŸå€¼: "Teach the Controversy" campaign
2025-12-19 03:37:18 - [INFO] - ğŸ“Š æŒ‡æ ‡: F1=0.80 | P=1.00 | R=0.67 | ğŸ‰ High F1 (0.80) (è€—æ—¶: 9.28s)
2025-12-19 03:37:18 - [INFO] - ------------------------------------------------------------
2025-12-19 03:37:18 - [INFO] - è¿›åº¦: [144/800] | Query ID: 5ac298f9554299657fa28fc9
2025-12-19 03:37:18 - [INFO] - â“ é—®é¢˜: Josey Scott and Ian Watkins were both promising musicians. Which of these talented men was incarcerated, impacting his career with a rock band?
2025-12-19 03:37:18 - [INFO] - ğŸ“‹ doc_filter: 10 ä¸ªæ–‡æ¡£
2025-12-19 03:37:27 - [INFO] - ğŸ¤– é¢„æµ‹: Ian Watkins
2025-12-19 03:37:27 - [INFO] - âœ… çœŸå€¼: Lostprophets disbanded in 2013 after Watkins was charged with sexual offences in late 2012.
2025-12-19 03:37:27 - [INFO] - âš–ï¸ è£åˆ¤: âœ… è¯­ä¹‰ä¸€è‡´ (è™½ç„¶ F1=0.12)
2025-12-19 03:37:27 - [INFO] - ğŸ“Š æŒ‡æ ‡: F1=0.12 | P=0.50 | R=0.07 | âœ… Sem-Match (è€—æ—¶: 9.53s)
2025-12-19 03:37:27 - [INFO] - ------------------------------------------------------------
2025-12-19 03:37:27 - [INFO] - è¿›åº¦: [145/800] | Query ID: 5ab6a2be554299710c8d1f08
2025-12-19 03:37:27 - [INFO] - â“ é—®é¢˜: The movies Queen of Blood and Battle Beyond the Sun both contained scenes from what 1959 Soviet feature?
2025-12-19 03:37:27 - [INFO] - ğŸ“‹ doc_filter: 10 ä¸ªæ–‡æ¡£
2025-12-19 03:37:36 - [INFO] - ğŸ¤– é¢„æµ‹: Nebo Zovyot
2025-12-19 03:37:36 - [INFO] - âœ… çœŸå€¼: Nebo Zovyot
2025-12-19 03:37:36 - [INFO] - ğŸ“Š æŒ‡æ ‡: F1=1.00 | P=1.00 | R=1.00 | ğŸ‰ High F1 (1.00) (è€—æ—¶: 8.86s)
2025-12-19 03:37:36 - [INFO] - ------------------------------------------------------------
2025-12-19 03:37:36 - [INFO] - è¿›åº¦: [146/800] | Query ID: 5a738d27554299623ed4abf3
2025-12-19 03:37:36 - [INFO] - â“ é—®é¢˜: Who was born first, Erika Jayne or Marco Da Silva
2025-12-19 03:37:36 - [INFO] - ğŸ“‹ doc_filter: 10 ä¸ªæ–‡æ¡£
2025-12-19 03:37:46 - [INFO] - ğŸ¤– é¢„æµ‹: Erika Jayne, 10 July 1971
2025-12-19 03:37:46 - [INFO] - âœ… çœŸå€¼: Erika Jayne
2025-12-19 03:37:46 - [INFO] - âš–ï¸ è£åˆ¤: âœ… è¯­ä¹‰ä¸€è‡´ (è™½ç„¶ F1=0.57)
2025-12-19 03:37:46 - [INFO] - ğŸ“Š æŒ‡æ ‡: F1=0.57 | P=0.40 | R=1.00 | âœ… Sem-Match (è€—æ—¶: 9.56s)
2025-12-19 03:37:46 - [INFO] - ------------------------------------------------------------
2025-12-19 03:37:46 - [INFO] - è¿›åº¦: [147/800] | Query ID: 5ab2a186554299295394677b
2025-12-19 03:37:46 - [INFO] - â“ é—®é¢˜: When did the English local newspaper, featuring the sculpture and war memorial in the Forbury gardens, change names?
2025-12-19 03:37:46 - [INFO] - ğŸ“‹ doc_filter: 10 ä¸ªæ–‡æ¡£
2025-12-19 03:37:56 - [INFO] - ğŸ¤– é¢„æµ‹: I don't know
2025-12-19 03:37:56 - [INFO] - âœ… çœŸå€¼: 2009
2025-12-19 03:37:56 - [INFO] - ğŸ“Š æŒ‡æ ‡: F1=0.00 | P=0.00 | R=0.00 | âŒ MISS (è€—æ—¶: 9.65s)
2025-12-19 03:37:56 - [INFO] - ------------------------------------------------------------
2025-12-19 03:37:56 - [INFO] - è¿›åº¦: [148/800] | Query ID: 5a8704f8554299211dda2ba4
2025-12-19 03:37:56 - [INFO] - â“ é—®é¢˜: What is the name of the Isles who were led by Aonghus MÃ³r and covered a total land area of over 8300 km2?
2025-12-19 03:37:56 - [INFO] - ğŸ“‹ doc_filter: 10 ä¸ªæ–‡æ¡£
2025-12-19 03:38:05 - [INFO] - ğŸ¤– é¢„æµ‹: SuÃ°reyjar
2025-12-19 03:38:05 - [INFO] - âœ… çœŸå€¼: Kingdom of the Isles
2025-12-19 03:38:05 - [INFO] - âš–ï¸ è£åˆ¤: âœ… è¯­ä¹‰ä¸€è‡´ (è™½ç„¶ F1=0.00)
2025-12-19 03:38:05 - [INFO] - ğŸ“Š æŒ‡æ ‡: F1=0.00 | P=0.00 | R=0.00 | âœ… Sem-Match (è€—æ—¶: 9.39s)
2025-12-19 03:38:05 - [INFO] - ------------------------------------------------------------
2025-12-19 03:38:05 - [INFO] - è¿›åº¦: [149/800] | Query ID: 5ab5ed505542997d4ad1f255
2025-12-19 03:38:05 - [INFO] - â“ é—®é¢˜: Who is Bruce Spizer an expert on, known as the most influential act of the rock era?
2025-12-19 03:38:05 - [INFO] - ğŸ“‹ doc_filter: 10 ä¸ªæ–‡æ¡£
2025-12-19 03:38:14 - [INFO] - ğŸ¤– é¢„æµ‹: The Beatles
2025-12-19 03:38:14 - [INFO] - âœ… çœŸå€¼: The Beatles
2025-12-19 03:38:14 - [INFO] - ğŸ“Š æŒ‡æ ‡: F1=1.00 | P=1.00 | R=1.00 | ğŸ‰ High F1 (1.00) (è€—æ—¶: 9.33s)
2025-12-19 03:38:14 - [INFO] - ------------------------------------------------------------
2025-12-19 03:38:14 - [INFO] - è¿›åº¦: [150/800] | Query ID: 5a77c1505542997042120b1b
2025-12-19 03:38:14 - [INFO] - â“ é—®é¢˜: Which song was behind the third single on the album  "A Lot About Livin' (And a Little 'bout Love)" for two weeks on the country charts?
2025-12-19 03:38:14 - [INFO] - ğŸ“‹ doc_filter: 10 ä¸ªæ–‡æ¡£
2025-12-19 03:38:23 - [INFO] - ğŸ¤– é¢„æµ‹: "Chattahoochee"
2025-12-19 03:38:23 - [INFO] - âœ… çœŸå€¼: "We'll Burn That Bridge"
2025-12-19 03:38:23 - [INFO] - ğŸ“Š æŒ‡æ ‡: F1=0.00 | P=0.00 | R=0.00 | âŒ MISS (è€—æ—¶: 9.20s)
2025-12-19 03:38:23 - [INFO] - ------------------------------------------------------------
2025-12-19 03:38:23 - [INFO] - è¿›åº¦: [151/800] | Query ID: 5a88d745554299206df2b378
2025-12-19 03:38:23 - [INFO] - â“ é—®é¢˜: What occupation was shared by David Yates and Pietro Germi?
2025-12-19 03:38:23 - [INFO] - ğŸ“‹ doc_filter: 10 ä¸ªæ–‡æ¡£
2025-12-19 03:38:32 - [INFO] - ğŸ¤– é¢„æµ‹: Director
2025-12-19 03:38:32 - [INFO] - âœ… çœŸå€¼: director
2025-12-19 03:38:32 - [INFO] - ğŸ“Š æŒ‡æ ‡: F1=1.00 | P=1.00 | R=1.00 | ğŸ‰ High F1 (1.00) (è€—æ—¶: 8.82s)
2025-12-19 03:38:32 - [INFO] - ------------------------------------------------------------
2025-12-19 03:38:32 - [INFO] - è¿›åº¦: [152/800] | Query ID: 5ae748d1554299572ea547b0
2025-12-19 03:38:32 - [INFO] - â“ é—®é¢˜: Marcus Wayne Garland spent nine seasons with an American professional baseball team that is based in Baltimore, Maryland, and was one of the AMerican League's original eight charter franchises when the league was established in what year?
2025-12-19 03:38:32 - [INFO] - ğŸ“‹ doc_filter: 10 ä¸ªæ–‡æ¡£
2025-12-19 03:38:41 - [INFO] - ğŸ¤– é¢„æµ‹: 1901
2025-12-19 03:38:41 - [INFO] - âœ… çœŸå€¼: 1901
2025-12-19 03:38:41 - [INFO] - ğŸ“Š æŒ‡æ ‡: F1=1.00 | P=1.00 | R=1.00 | ğŸ‰ High F1 (1.00) (è€—æ—¶: 8.96s)
2025-12-19 03:38:41 - [INFO] - ------------------------------------------------------------
2025-12-19 03:38:41 - [INFO] - è¿›åº¦: [153/800] | Query ID: 5a7a8a9c554299042af8f666
2025-12-19 03:38:41 - [INFO] - â“ é—®é¢˜: The lamp used in many lighthouses is similiar to this type of lamp patented in 1780 by AimÃ© Argand?
2025-12-19 03:38:41 - [INFO] - ğŸ“‹ doc_filter: 10 ä¸ªæ–‡æ¡£
2025-12-19 03:38:51 - [INFO] - ğŸ¤– é¢„æµ‹: Argand
2025-12-19 03:38:51 - [INFO] - âœ… çœŸå€¼: Argand lamp
2025-12-19 03:38:51 - [INFO] - ğŸ“Š æŒ‡æ ‡: F1=0.67 | P=1.00 | R=0.50 | ğŸ‰ High F1 (0.67) (è€—æ—¶: 9.25s)
2025-12-19 03:38:51 - [INFO] - ------------------------------------------------------------
2025-12-19 03:38:51 - [INFO] - è¿›åº¦: [154/800] | Query ID: 5adffe7155429906c02daa9e
2025-12-19 03:38:51 - [INFO] - â“ é—®é¢˜: The songs from the sountrack to "When Harry Met Sally" are performed by a singer that has had how many top 20 US albums?
2025-12-19 03:38:51 - [INFO] - ğŸ“‹ doc_filter: 10 ä¸ªæ–‡æ¡£
2025-12-19 03:39:00 - [INFO] - ğŸ¤– é¢„æµ‹: Linda Ronstadt
2025-12-19 03:39:00 - [INFO] - âœ… çœŸå€¼: seven
2025-12-19 03:39:00 - [INFO] - ğŸ“Š æŒ‡æ ‡: F1=0.00 | P=0.00 | R=0.00 | âŒ MISS (è€—æ—¶: 9.38s)
2025-12-19 03:39:00 - [INFO] - ------------------------------------------------------------
2025-12-19 03:39:00 - [INFO] - è¿›åº¦: [155/800] | Query ID: 5ab642845542995eadeeff8e
2025-12-19 03:39:00 - [INFO] - â“ é—®é¢˜: Are Broughtonia and Laeliocattleya both orchids?
2025-12-19 03:39:00 - [INFO] - ğŸ“‹ doc_filter: 10 ä¸ªæ–‡æ¡£
2025-12-19 03:39:09 - [INFO] - ğŸ¤– é¢„æµ‹: Orchids
2025-12-19 03:39:09 - [INFO] - âœ… çœŸå€¼: yes
2025-12-19 03:39:09 - [INFO] - ğŸ“Š æŒ‡æ ‡: F1=0.00 | P=0.00 | R=0.00 | âŒ MISS (è€—æ—¶: 9.13s)
2025-12-19 03:39:09 - [INFO] - ------------------------------------------------------------
2025-12-19 03:39:09 - [INFO] - è¿›åº¦: [156/800] | Query ID: 5a906a685542990a9849362e
2025-12-19 03:39:09 - [INFO] - â“ é—®é¢˜: Where was the world cup hosted that Algeria qualified for the first time into the round of 16?
2025-12-19 03:39:09 - [INFO] - ğŸ“‹ doc_filter: 10 ä¸ªæ–‡æ¡£
2025-12-19 03:39:18 - [INFO] - ğŸ¤– é¢„æµ‹: Brazil
2014
Location:
2025-12-19 03:39:18 - [INFO] - âœ… çœŸå€¼: Brazil
2025-12-19 03:39:18 - [INFO] - âš–ï¸ è£åˆ¤: âœ… è¯­ä¹‰ä¸€è‡´ (è™½ç„¶ F1=0.50)
2025-12-19 03:39:18 - [INFO] - ğŸ“Š æŒ‡æ ‡: F1=0.50 | P=0.33 | R=1.00 | âœ… Sem-Match (è€—æ—¶: 9.39s)
2025-12-19 03:39:18 - [INFO] - ------------------------------------------------------------
2025-12-19 03:39:18 - [INFO] - è¿›åº¦: [157/800] | Query ID: 5a7633ad5542992db9473741
2025-12-19 03:39:18 - [INFO] - â“ é—®é¢˜: Which was fought earlier in our nation's history, the Seven Days Battles or the Battle of Manila?
2025-12-19 03:39:18 - [INFO] - ğŸ“‹ doc_filter: 10 ä¸ªæ–‡æ¡£
2025-12-19 03:39:28 - [INFO] - ğŸ¤– é¢„æµ‹: June 25 to July 1, 1862
2025-12-19 03:39:28 - [INFO] - âœ… çœŸå€¼: The Seven Days Battles
2025-12-19 03:39:28 - [INFO] - ğŸ“Š æŒ‡æ ‡: F1=0.00 | P=0.00 | R=0.00 | âŒ MISS (è€—æ—¶: 9.43s)
2025-12-19 03:39:28 - [INFO] - ------------------------------------------------------------
2025-12-19 03:39:28 - [INFO] - è¿›åº¦: [158/800] | Query ID: 5a74ce9655429974ef308c6c
2025-12-19 03:39:28 - [INFO] - â“ é—®é¢˜: What retailer in ABQ Uptown is headquarted in Poole, Dorset, United Kingdom?
2025-12-19 03:39:28 - [INFO] - ğŸ“‹ doc_filter: 10 ä¸ªæ–‡æ¡£
2025-12-19 03:39:37 - [INFO] - ğŸ¤– é¢„æµ‹: Lush Ltd.
2025-12-19 03:39:37 - [INFO] - âœ… çœŸå€¼: Lush Ltd.
2025-12-19 03:39:37 - [INFO] - ğŸ“Š æŒ‡æ ‡: F1=1.00 | P=1.00 | R=1.00 | ğŸ‰ High F1 (1.00) (è€—æ—¶: 9.23s)
2025-12-19 03:39:37 - [INFO] - ------------------------------------------------------------
2025-12-19 03:39:37 - [INFO] - è¿›åº¦: [159/800] | Query ID: 5a713a5a5542994082a3e6a9
2025-12-19 03:39:37 - [INFO] - â“ é—®é¢˜: What football club plays in the area between the old tool gates: Brook Bar and Trafford bar?
2025-12-19 03:39:37 - [INFO] - ğŸ“‹ doc_filter: 10 ä¸ªæ–‡æ¡£
2025-12-19 03:39:46 - [INFO] - ğŸ¤– é¢„æµ‹: Manchester United
2025-12-19 03:39:46 - [INFO] - âœ… çœŸå€¼: Manchester United
2025-12-19 03:39:46 - [INFO] - ğŸ“Š æŒ‡æ ‡: F1=1.00 | P=1.00 | R=1.00 | ğŸ‰ High F1 (1.00) (è€—æ—¶: 8.53s)
2025-12-19 03:39:46 - [INFO] - ------------------------------------------------------------
2025-12-19 03:39:46 - [INFO] - è¿›åº¦: [160/800] | Query ID: 5ab341f755429969a97a8114
2025-12-19 03:39:46 - [INFO] - â“ é—®é¢˜: The song "Chim Chim Cher-ee" can be heard  in the "Mary Poppins" scene of a Disney ride that debuted in what year?
2025-12-19 03:39:46 - [INFO] - ğŸ“‹ doc_filter: 10 ä¸ªæ–‡æ¡£
2025-12-19 03:39:55 - [INFO] - ğŸ¤– é¢„æµ‹: Disney's Hollywood Studios
2025-12-19 03:39:55 - [INFO] - âœ… çœŸå€¼: 1989
2025-12-19 03:39:55 - [INFO] - ğŸ“Š æŒ‡æ ‡: F1=0.00 | P=0.00 | R=0.00 | âŒ MISS (è€—æ—¶: 9.29s)
2025-12-19 03:39:55 - [INFO] - ------------------------------------------------------------
2025-12-19 03:39:55 - [INFO] - è¿›åº¦: [161/800] | Query ID: 5a8325b35542990548d0b18f
2025-12-19 03:39:55 - [INFO] - â“ é—®é¢˜: Who held the record for the longest service in the Australian Parliament for a woman, and was surpassed by  a former Australian politician who was the 29th Speaker of the House of Representatives?
2025-12-19 03:39:55 - [INFO] - ğŸ“‹ doc_filter: 10 ä¸ªæ–‡æ¡£
2025-12-19 03:40:04 - [INFO] - ğŸ¤– é¢„æµ‹: Kathy Sullivan
2025-12-19 03:40:04 - [INFO] - âœ… çœŸå€¼: Kathryn Jean Martin
2025-12-19 03:40:04 - [INFO] - ğŸ“Š æŒ‡æ ‡: F1=0.00 | P=0.00 | R=0.00 | âŒ MISS (è€—æ—¶: 9.30s)
2025-12-19 03:40:04 - [INFO] - ------------------------------------------------------------
2025-12-19 03:40:04 - [INFO] - è¿›åº¦: [162/800] | Query ID: 5ab9374b554299131ca422c6
2025-12-19 03:40:04 - [INFO] - â“ é—®é¢˜: Which man who presented the Australia 2022 FIFA World Cup bid was born on October 22, 1930?
2025-12-19 03:40:04 - [INFO] - ğŸ“‹ doc_filter: 10 ä¸ªæ–‡æ¡£
2025-12-19 03:40:13 - [INFO] - ğŸ¤– é¢„æµ‹: Frank Lowy
2025-12-19 03:40:13 - [INFO] - âœ… çœŸå€¼: Frank Lowy
2025-12-19 03:40:13 - [INFO] - ğŸ“Š æŒ‡æ ‡: F1=1.00 | P=1.00 | R=1.00 | ğŸ‰ High F1 (1.00) (è€—æ—¶: 9.09s)
2025-12-19 03:40:13 - [INFO] - ------------------------------------------------------------
2025-12-19 03:40:13 - [INFO] - è¿›åº¦: [163/800] | Query ID: 5ae52c0f5542992663a4f12e
2025-12-19 03:40:13 - [INFO] - â“ é—®é¢˜: What major city is the Faith Lutheran Middle School and High School located by?
2025-12-19 03:40:13 - [INFO] - ğŸ“‹ doc_filter: 10 ä¸ªæ–‡æ¡£
2025-12-19 03:40:22 - [INFO] - ğŸ¤– é¢„æµ‹: Las Vegas
2025-12-19 03:40:22 - [INFO] - âœ… çœŸå€¼: Las Vegas
2025-12-19 03:40:22 - [INFO] - ğŸ“Š æŒ‡æ ‡: F1=1.00 | P=1.00 | R=1.00 | ğŸ‰ High F1 (1.00) (è€—æ—¶: 8.64s)
2025-12-19 03:40:22 - [INFO] - ------------------------------------------------------------
2025-12-19 03:40:22 - [INFO] - è¿›åº¦: [164/800] | Query ID: 5adbfbd555429947ff173893
2025-12-19 03:40:22 - [INFO] - â“ é—®é¢˜: What British singer-songwriter hosted the 16th Annual Young Hollywood Awards?
2025-12-19 03:40:22 - [INFO] - ğŸ“‹ doc_filter: 10 ä¸ªæ–‡æ¡£
2025-12-19 03:40:31 - [INFO] - ğŸ¤– é¢„æµ‹: Kelly Osbourne
2025-12-19 03:40:31 - [INFO] - âœ… çœŸå€¼: Kelly Lee Osbourne
2025-12-19 03:40:31 - [INFO] - ğŸ“Š æŒ‡æ ‡: F1=0.80 | P=1.00 | R=0.67 | ğŸ‰ High F1 (0.80) (è€—æ—¶: 9.03s)
2025-12-19 03:40:31 - [INFO] - ------------------------------------------------------------
2025-12-19 03:40:31 - [INFO] - è¿›åº¦: [165/800] | Query ID: 5ab7f0015542992aa3b8c88b
2025-12-19 03:40:31 - [INFO] - â“ é—®é¢˜: Who did the Star and Dagger bass player marry?
2025-12-19 03:40:31 - [INFO] - ğŸ“‹ doc_filter: 10 ä¸ªæ–‡æ¡£
2025-12-19 03:40:40 - [INFO] - ğŸ¤– é¢„æµ‹: Chris Lee
2025-12-19 03:40:40 - [INFO] - âœ… çœŸå€¼: Sean Yseult.
2025-12-19 03:40:40 - [INFO] - ğŸ“Š æŒ‡æ ‡: F1=0.00 | P=0.00 | R=0.00 | âŒ MISS (è€—æ—¶: 9.26s)
2025-12-19 03:40:40 - [INFO] - ------------------------------------------------------------
2025-12-19 03:40:40 - [INFO] - è¿›åº¦: [166/800] | Query ID: 5ac547525542993e66e822a3
2025-12-19 03:40:40 - [INFO] - â“ é—®é¢˜: In 2017, what was 3/4th of the organization that also has a Center for Veterinary Medicine as well as part of the U.S. Department of Health and Human Services, spent on?
2025-12-19 03:40:40 - [INFO] - ğŸ“‹ doc_filter: 10 ä¸ªæ–‡æ¡£
2025-12-19 03:40:50 - [INFO] - ğŸ¤– é¢„æµ‹: $700 million
2025-12-19 03:40:50 - [INFO] - âœ… çœŸå€¼: Prescription Drug User Fee Act
2025-12-19 03:40:50 - [INFO] - ğŸ“Š æŒ‡æ ‡: F1=0.00 | P=0.00 | R=0.00 | âŒ MISS (è€—æ—¶: 9.49s)
2025-12-19 03:40:50 - [INFO] - ------------------------------------------------------------
2025-12-19 03:40:50 - [INFO] - è¿›åº¦: [167/800] | Query ID: 5a7cbf8c554299452d57b9f4
2025-12-19 03:40:50 - [INFO] - â“ é—®é¢˜: Which came out first, Dinosaur or McFarland, USA
2025-12-19 03:40:50 - [INFO] - ğŸ“‹ doc_filter: 10 ä¸ªæ–‡æ¡£
2025-12-19 03:40:59 - [INFO] - ğŸ¤– é¢„æµ‹: 2000
2025-12-19 03:40:59 - [INFO] - âœ… çœŸå€¼: Dinosaur
2025-12-19 03:40:59 - [INFO] - ğŸ“Š æŒ‡æ ‡: F1=0.00 | P=0.00 | R=0.00 | âŒ MISS (è€—æ—¶: 9.33s)
2025-12-19 03:40:59 - [INFO] - ------------------------------------------------------------
2025-12-19 03:40:59 - [INFO] - è¿›åº¦: [168/800] | Query ID: 5a7ddc5a5542995f4f4022da
2025-12-19 03:40:59 - [INFO] - â“ é—®é¢˜: Both Bishop Carroll Catholic High School and Kapaun Mt. Carmel Catholic High School are located in which city in Kansas?
2025-12-19 03:40:59 - [INFO] - ğŸ“‹ doc_filter: 10 ä¸ªæ–‡æ¡£
2025-12-19 03:41:08 - [INFO] - ğŸ¤– é¢„æµ‹: Wichita
2025-12-19 03:41:08 - [INFO] - âœ… çœŸå€¼: Wichita
2025-12-19 03:41:08 - [INFO] - ğŸ“Š æŒ‡æ ‡: F1=1.00 | P=1.00 | R=1.00 | ğŸ‰ High F1 (1.00) (è€—æ—¶: 8.67s)
2025-12-19 03:41:08 - [INFO] - ------------------------------------------------------------
2025-12-19 03:41:08 - [INFO] - è¿›åº¦: [169/800] | Query ID: 5a7a1cd85542990783324e65
2025-12-19 03:41:08 - [INFO] - â“ é—®é¢˜: What was the 58th quadrennial American presidential election held after the 2016 Michigan Democratic primary?
2025-12-19 03:41:08 - [INFO] - ğŸ“‹ doc_filter: 10 ä¸ªæ–‡æ¡£
2025-12-19 03:41:17 - [INFO] - ğŸ¤– é¢„æµ‹: United States presidential election of 2020
2025-12-19 03:41:17 - [INFO] - âœ… çœŸå€¼: United States presidential election of 2016
2025-12-19 03:41:17 - [INFO] - ğŸ“Š æŒ‡æ ‡: F1=0.83 | P=0.83 | R=0.83 | ğŸ‰ High F1 (0.83) (è€—æ—¶: 8.97s)
2025-12-19 03:41:17 - [INFO] - ------------------------------------------------------------
2025-12-19 03:41:17 - [INFO] - è¿›åº¦: [170/800] | Query ID: 5ae0a59a55429945ae9593e2
2025-12-19 03:41:17 - [INFO] - â“ é—®é¢˜: This Celtic ruler who was born in AD 43 ruled southeastern Britain prior to conquest by which empire?
2025-12-19 03:41:17 - [INFO] - ğŸ“‹ doc_filter: 10 ä¸ªæ–‡æ¡£
2025-12-19 03:41:26 - [INFO] - ğŸ¤– é¢„æµ‹: Caratacus
2025-12-19 03:41:26 - [INFO] - âœ… çœŸå€¼: Roman
2025-12-19 03:41:26 - [INFO] - ğŸ“Š æŒ‡æ ‡: F1=0.00 | P=0.00 | R=0.00 | âŒ MISS (è€—æ—¶: 9.28s)
2025-12-19 03:41:26 - [INFO] - ------------------------------------------------------------
2025-12-19 03:41:26 - [INFO] - è¿›åº¦: [171/800] | Query ID: 5a8b987f5542997f31a41d7a
2025-12-19 03:41:26 - [INFO] - â“ é—®é¢˜: What is the name of the detective novelist parent of the author of '"Q" Is for Quarry'?
2025-12-19 03:41:26 - [INFO] - ğŸ“‹ doc_filter: 10 ä¸ªæ–‡æ¡£
2025-12-19 03:41:35 - [INFO] - ğŸ¤– é¢„æµ‹: C. W. Grafton
2025-12-19 03:41:35 - [INFO] - âœ… çœŸå€¼: C. W. Grafton
2025-12-19 03:41:35 - [INFO] - ğŸ“Š æŒ‡æ ‡: F1=1.00 | P=1.00 | R=1.00 | ğŸ‰ High F1 (1.00) (è€—æ—¶: 9.30s)
2025-12-19 03:41:35 - [INFO] - ------------------------------------------------------------
2025-12-19 03:41:35 - [INFO] - è¿›åº¦: [172/800] | Query ID: 5a8739a05542994775f607ab
2025-12-19 03:41:35 - [INFO] - â“ é—®é¢˜: What is the birthplace of the Senator who represents the first of 62 districts in the State Senate?
2025-12-19 03:41:35 - [INFO] - ğŸ“‹ doc_filter: 10 ä¸ªæ–‡æ¡£
2025-12-19 03:41:44 - [INFO] - ğŸ¤– é¢„æµ‹: Brooklyn, New York
2025-12-19 03:41:44 - [INFO] - âœ… çœŸå€¼: Brooklyn, New York
2025-12-19 03:41:44 - [INFO] - ğŸ“Š æŒ‡æ ‡: F1=1.00 | P=1.00 | R=1.00 | ğŸ‰ High F1 (1.00) (è€—æ—¶: 8.90s)
2025-12-19 03:41:44 - [INFO] - ------------------------------------------------------------
2025-12-19 03:41:44 - [INFO] - è¿›åº¦: [173/800] | Query ID: 5ae67dba55429908198fa5f0
2025-12-19 03:41:44 - [INFO] - â“ é—®é¢˜: The Memphis Hustle are based in a suburb of a city with a population of what in 2010?
2025-12-19 03:41:44 - [INFO] - ğŸ“‹ doc_filter: 10 ä¸ªæ–‡æ¡£
2025-12-19 03:41:54 - [INFO] - ğŸ¤– é¢„æµ‹: Southaven, Mississippi, 48,982
2025-12-19 03:41:54 - [INFO] - âœ… çœŸå€¼: 48,982
2025-12-19 03:41:54 - [INFO] - âš–ï¸ è£åˆ¤: âœ… è¯­ä¹‰ä¸€è‡´ (è™½ç„¶ F1=0.50)
2025-12-19 03:41:54 - [INFO] - ğŸ“Š æŒ‡æ ‡: F1=0.50 | P=0.33 | R=1.00 | âœ… Sem-Match (è€—æ—¶: 9.53s)
2025-12-19 03:41:54 - [INFO] - ------------------------------------------------------------
2025-12-19 03:41:54 - [INFO] - è¿›åº¦: [174/800] | Query ID: 5a7b3f4d5542992d025e67bb
2025-12-19 03:41:54 - [INFO] - â“ é—®é¢˜: Which songwriting duo composed music for "La La Land", and created lyrics for "A Christmas Story: The Musical"? 
2025-12-19 03:41:54 - [INFO] - ğŸ“‹ doc_filter: 10 ä¸ªæ–‡æ¡£
2025-12-19 03:42:03 - [INFO] - ğŸ¤– é¢„æµ‹: Pasek & Paul
2025-12-19 03:42:03 - [INFO] - âœ… çœŸå€¼: Pasek & Paul
2025-12-19 03:42:03 - [INFO] - ğŸ“Š æŒ‡æ ‡: F1=1.00 | P=1.00 | R=1.00 | ğŸ‰ High F1 (1.00) (è€—æ—¶: 8.96s)
2025-12-19 03:42:03 - [INFO] - ------------------------------------------------------------
2025-12-19 03:42:03 - [INFO] - è¿›åº¦: [175/800] | Query ID: 5ae2dfd155429928c423951b
2025-12-19 03:42:03 - [INFO] - â“ é—®é¢˜: Which of the city at the south of Shelly Beach, New South Wales is a local government area in the Hunter region of New South Wales, Australia?
2025-12-19 03:42:03 - [INFO] - ğŸ“‹ doc_filter: 10 ä¸ªæ–‡æ¡£
2025-12-19 03:42:12 - [INFO] - ğŸ¤– é¢„æµ‹: Newcastle
2025-12-19 03:42:12 - [INFO] - âœ… çœŸå€¼: City of Newcastle
2025-12-19 03:42:12 - [INFO] - âš–ï¸ è£åˆ¤: âœ… è¯­ä¹‰ä¸€è‡´ (è™½ç„¶ F1=0.50)
2025-12-19 03:42:12 - [INFO] - ğŸ“Š æŒ‡æ ‡: F1=0.50 | P=1.00 | R=0.33 | âœ… Sem-Match (è€—æ—¶: 9.44s)
2025-12-19 03:42:12 - [INFO] - ------------------------------------------------------------
2025-12-19 03:42:12 - [INFO] - è¿›åº¦: [176/800] | Query ID: 5ab6ba245542995eadef007f
2025-12-19 03:42:12 - [INFO] - â“ é—®é¢˜: Are Bamboo MaÃ±alac and Danny Jones both musicians?
2025-12-19 03:42:12 - [INFO] - ğŸ“‹ doc_filter: 10 ä¸ªæ–‡æ¡£
2025-12-19 03:42:21 - [INFO] - ğŸ¤– é¢„æµ‹: yes
2025-12-19 03:42:21 - [INFO] - âœ… çœŸå€¼: yes
2025-12-19 03:42:21 - [INFO] - ğŸ“Š æŒ‡æ ‡: F1=1.00 | P=1.00 | R=1.00 | ğŸ‰ High F1 (1.00) (è€—æ—¶: 8.73s)
2025-12-19 03:42:21 - [INFO] - ------------------------------------------------------------
2025-12-19 03:42:21 - [INFO] - è¿›åº¦: [177/800] | Query ID: 5ab8854555429934fafe6e0c
2025-12-19 03:42:21 - [INFO] - â“ é—®é¢˜: Works by Hanna Leena Kristiina Varis are part of a collection in a museum that houses approximately 65,000 what?
2025-12-19 03:42:21 - [INFO] - ğŸ“‹ doc_filter: 10 ä¸ªæ–‡æ¡£
2025-12-19 03:42:29 - [INFO] - ğŸ¤– é¢„æµ‹: drawings
2025-12-19 03:42:29 - [INFO] - âœ… çœŸå€¼: drawings
2025-12-19 03:42:29 - [INFO] - ğŸ“Š æŒ‡æ ‡: F1=1.00 | P=1.00 | R=1.00 | ğŸ‰ High F1 (1.00) (è€—æ—¶: 8.65s)
2025-12-19 03:42:29 - [INFO] - ------------------------------------------------------------
2025-12-19 03:42:29 - [INFO] - è¿›åº¦: [178/800] | Query ID: 5a8eea4a5542990e94052bb7
2025-12-19 03:42:29 - [INFO] - â“ é—®é¢˜: When was the Western Germanic language spoken from which the small settlement situated on the river Leda opposite Leer derives its name?
2025-12-19 03:42:29 - [INFO] - ğŸ“‹ doc_filter: 10 ä¸ªæ–‡æ¡£
2025-12-19 03:42:39 - [INFO] - ğŸ¤– é¢„æµ‹: Old Frisian
2025-12-19 03:42:39 - [INFO] - âœ… çœŸå€¼: between the 8th and 16th centuries
2025-12-19 03:42:39 - [INFO] - ğŸ“Š æŒ‡æ ‡: F1=0.00 | P=0.00 | R=0.00 | âŒ MISS (è€—æ—¶: 9.24s)
2025-12-19 03:42:39 - [INFO] - ------------------------------------------------------------
2025-12-19 03:42:39 - [INFO] - è¿›åº¦: [179/800] | Query ID: 5a74c85055429916b0164218
2025-12-19 03:42:39 - [INFO] - â“ é—®é¢˜: Born on 6 March 1937, this man was also a citizen of the United Kingdom.
2025-12-19 03:42:39 - [INFO] - ğŸ“‹ doc_filter: 10 ä¸ªæ–‡æ¡£
2025-12-19 03:42:48 - [INFO] - ğŸ¤– é¢„æµ‹: Sir Matthew Alistair Grant
2025-12-19 03:42:48 - [INFO] - âœ… çœŸå€¼: Alistair Grant
2025-12-19 03:42:48 - [INFO] - âš–ï¸ è£åˆ¤: âœ… è¯­ä¹‰ä¸€è‡´ (è™½ç„¶ F1=0.67)
2025-12-19 03:42:48 - [INFO] - ğŸ“Š æŒ‡æ ‡: F1=0.67 | P=0.50 | R=1.00 | âœ… Sem-Match (è€—æ—¶: 9.75s)
2025-12-19 03:42:48 - [INFO] - ------------------------------------------------------------
2025-12-19 03:42:48 - [INFO] - è¿›åº¦: [180/800] | Query ID: 5a88dcf9554299206df2b383
2025-12-19 03:42:48 - [INFO] - â“ é—®é¢˜: What country does Hatton Hill and Hatton Castle, Angus have in common?
2025-12-19 03:42:48 - [INFO] - ğŸ“‹ doc_filter: 10 ä¸ªæ–‡æ¡£
2025-12-19 03:42:57 - [INFO] - ğŸ¤– é¢„æµ‹: Scotland
2025-12-19 03:42:57 - [INFO] - âœ… çœŸå€¼: Scotland
2025-12-19 03:42:57 - [INFO] - ğŸ“Š æŒ‡æ ‡: F1=1.00 | P=1.00 | R=1.00 | ğŸ‰ High F1 (1.00) (è€—æ—¶: 8.57s)
2025-12-19 03:42:57 - [INFO] - ------------------------------------------------------------
2025-12-19 03:42:57 - [INFO] - è¿›åº¦: [181/800] | Query ID: 5a7625c7554299109176e668
2025-12-19 03:42:57 - [INFO] - â“ é—®é¢˜: What podcast was the cheif executive officer of Nerdist Industries a guest on?
2025-12-19 03:42:57 - [INFO] - ğŸ“‹ doc_filter: 10 ä¸ªæ–‡æ¡£
2025-12-19 03:43:06 - [INFO] - ğŸ¤– é¢„æµ‹: The Drop-In
2025-12-19 03:43:06 - [INFO] - âœ… çœŸå€¼: Comedy Film Nerds
2025-12-19 03:43:06 - [INFO] - ğŸ“Š æŒ‡æ ‡: F1=0.00 | P=0.00 | R=0.00 | âŒ MISS (è€—æ—¶: 9.22s)
2025-12-19 03:43:06 - [INFO] - ------------------------------------------------------------
2025-12-19 03:43:06 - [INFO] - è¿›åº¦: [182/800] | Query ID: 5ac0d83a554299294b219038
2025-12-19 03:43:06 - [INFO] - â“ é—®é¢˜: Randall Cunningham II was a multi-sport athlete at the high school located in what Nevada city?
2025-12-19 03:43:06 - [INFO] - ğŸ“‹ doc_filter: 10 ä¸ªæ–‡æ¡£
2025-12-19 03:43:16 - [INFO] - ğŸ¤– é¢„æµ‹: Las Vegas
2025-12-19 03:43:16 - [INFO] - âœ… çœŸå€¼: Summerlin
2025-12-19 03:43:16 - [INFO] - ğŸ“Š æŒ‡æ ‡: F1=0.00 | P=0.00 | R=0.00 | âŒ MISS (è€—æ—¶: 9.53s)
2025-12-19 03:43:16 - [INFO] - ------------------------------------------------------------
2025-12-19 03:43:16 - [INFO] - è¿›åº¦: [183/800] | Query ID: 5a790d8f554299029c4b5eec
2025-12-19 03:43:16 - [INFO] - â“ é—®é¢˜: Which English musician is known for both the songs "See Yourself" and "Withing You Without You"?
2025-12-19 03:43:16 - [INFO] - ğŸ“‹ doc_filter: 10 ä¸ªæ–‡æ¡£
2025-12-19 03:43:25 - [INFO] - ğŸ¤– é¢„æµ‹: George Harrison
2025-12-19 03:43:25 - [INFO] - âœ… çœŸå€¼: George Harrison
2025-12-19 03:43:25 - [INFO] - ğŸ“Š æŒ‡æ ‡: F1=1.00 | P=1.00 | R=1.00 | ğŸ‰ High F1 (1.00) (è€—æ—¶: 9.17s)
2025-12-19 03:43:25 - [INFO] - ------------------------------------------------------------
2025-12-19 03:43:25 - [INFO] - è¿›åº¦: [184/800] | Query ID: 5ab2c5e255429916697740ba
2025-12-19 03:43:25 - [INFO] - â“ é—®é¢˜: Which professional ice hockey position does the Captain of the National Hockey League All-Star Game "Away Team" play?
2025-12-19 03:43:25 - [INFO] - ğŸ“‹ doc_filter: 10 ä¸ªæ–‡æ¡£
2025-12-19 03:43:34 - [INFO] - ğŸ¤– é¢„æµ‹: Centre
2025-12-19 03:43:34 - [INFO] - âœ… çœŸå€¼: Canadian professional ice hockey centre
2025-12-19 03:43:34 - [INFO] - âš–ï¸ è£åˆ¤: âœ… è¯­ä¹‰ä¸€è‡´ (è™½ç„¶ F1=0.33)
2025-12-19 03:43:34 - [INFO] - ğŸ“Š æŒ‡æ ‡: F1=0.33 | P=1.00 | R=0.20 | âœ… Sem-Match (è€—æ—¶: 9.43s)
2025-12-19 03:43:34 - [INFO] - ------------------------------------------------------------
2025-12-19 03:43:34 - [INFO] - è¿›åº¦: [185/800] | Query ID: 5abcfc365542993a06baf9d6
2025-12-19 03:43:34 - [INFO] - â“ é—®é¢˜: What year did the series on CBS, starring the actor who known for his role in "Rebel Without a Cause," air?
2025-12-19 03:43:34 - [INFO] - ğŸ“‹ doc_filter: 10 ä¸ªæ–‡æ¡£
2025-12-19 03:43:43 - [INFO] - ğŸ¤– é¢„æµ‹: I don't know
2025-12-19 03:43:43 - [INFO] - âœ… çœŸå€¼: 1952
2025-12-19 03:43:43 - [INFO] - ğŸ“Š æŒ‡æ ‡: F1=0.00 | P=0.00 | R=0.00 | âŒ MISS (è€—æ—¶: 9.03s)
2025-12-19 03:43:43 - [INFO] - ------------------------------------------------------------
2025-12-19 03:43:43 - [INFO] - è¿›åº¦: [186/800] | Query ID: 5a8ee6915542990e94052bad
2025-12-19 03:43:43 - [INFO] - â“ é—®é¢˜: What season was the character introduced that becomes the main antagonist in the  following season, from the animated television series created by Bryan Konietzko and Michael Dante DiMartino as a sequel to "", which aired from 2005 to 2008? 
2025-12-19 03:43:43 - [INFO] - ğŸ“‹ doc_filter: 10 ä¸ªæ–‡æ¡£
2025-12-19 03:43:53 - [INFO] - ğŸ¤– é¢„æµ‹: **Season 3**
2025-12-19 03:43:53 - [INFO] - âœ… çœŸå€¼: third
2025-12-19 03:43:53 - [INFO] - âš–ï¸ è£åˆ¤: âœ… è¯­ä¹‰ä¸€è‡´ (è™½ç„¶ F1=0.00)
2025-12-19 03:43:53 - [INFO] - ğŸ“Š æŒ‡æ ‡: F1=0.00 | P=0.00 | R=0.00 | âœ… Sem-Match (è€—æ—¶: 9.56s)
2025-12-19 03:43:53 - [INFO] - ------------------------------------------------------------
2025-12-19 03:43:53 - [INFO] - è¿›åº¦: [187/800] | Query ID: 5abba4855542993f40c73b68
2025-12-19 03:43:53 - [INFO] - â“ é—®é¢˜: Who were the directors of the 2009 American science fiction film starring the actor who played Dexter Morgan in the Showtime TV Network series "Dexter"?
2025-12-19 03:43:53 - [INFO] - ğŸ“‹ doc_filter: 10 ä¸ªæ–‡æ¡£
2025-12-19 03:44:03 - [INFO] - ğŸ¤– é¢„æµ‹: James Manos Jr.
2025-12-19 03:44:03 - [INFO] - âœ… çœŸå€¼: Mark Neveldine and Brian Taylor
2025-12-19 03:44:03 - [INFO] - ğŸ“Š æŒ‡æ ‡: F1=0.00 | P=0.00 | R=0.00 | âŒ MISS (è€—æ—¶: 9.86s)
2025-12-19 03:44:03 - [INFO] - ------------------------------------------------------------
2025-12-19 03:44:03 - [INFO] - è¿›åº¦: [188/800] | Query ID: 5ae0bae555429906c02dab08
2025-12-19 03:44:03 - [INFO] - â“ é—®é¢˜: Which travel parody series featured American actor, comedian, and radio host best known as the host of "The Joe Schmo Show"?
2025-12-19 03:44:03 - [INFO] - ğŸ“‹ doc_filter: 10 ä¸ªæ–‡æ¡£
2025-12-19 03:44:12 - [INFO] - ğŸ¤– é¢„æµ‹: Family Guy
2025-12-19 03:44:12 - [INFO] - âœ… çœŸå€¼: Hidden America with Jonah Ray
2025-12-19 03:44:12 - [INFO] - ğŸ“Š æŒ‡æ ‡: F1=0.00 | P=0.00 | R=0.00 | âŒ MISS (è€—æ—¶: 9.33s)
2025-12-19 03:44:12 - [INFO] - ------------------------------------------------------------
2025-12-19 03:44:12 - [INFO] - è¿›åº¦: [189/800] | Query ID: 5ab271fe554299449642c8a6
2025-12-19 03:44:12 - [INFO] - â“ é—®é¢˜: Do The Importance of Being Icelandic and The Five Obstructions belong to different film genres ?
2025-12-19 03:44:12 - [INFO] - ğŸ“‹ doc_filter: 10 ä¸ªæ–‡æ¡£
2025-12-19 03:44:21 - [INFO] - ğŸ¤– é¢„æµ‹: yes
2025-12-19 03:44:21 - [INFO] - âœ… çœŸå€¼: no
2025-12-19 03:44:21 - [INFO] - ğŸ“Š æŒ‡æ ‡: F1=0.00 | P=0.00 | R=0.00 | âŒ MISS (è€—æ—¶: 8.89s)
2025-12-19 03:44:21 - [INFO] - ------------------------------------------------------------
2025-12-19 03:44:21 - [INFO] - è¿›åº¦: [190/800] | Query ID: 5a7997a2554299029c4b5f59
2025-12-19 03:44:21 - [INFO] - â“ é—®é¢˜: Tefik Selim Mborja was a part of a party that held power in Albania until what year? 
2025-12-19 03:44:21 - [INFO] - ğŸ“‹ doc_filter: 10 ä¸ªæ–‡æ¡£
2025-12-19 03:44:30 - [INFO] - ğŸ¤– é¢„æµ‹: 1939
2025-12-19 03:44:30 - [INFO] - âœ… çœŸå€¼: 1943
2025-12-19 03:44:30 - [INFO] - ğŸ“Š æŒ‡æ ‡: F1=0.00 | P=0.00 | R=0.00 | âŒ MISS (è€—æ—¶: 9.22s)
2025-12-19 03:44:30 - [INFO] - ------------------------------------------------------------
2025-12-19 03:44:30 - [INFO] - è¿›åº¦: [191/800] | Query ID: 5add673e5542992ae4cec54d
2025-12-19 03:44:30 - [INFO] - â“ é—®é¢˜: Joe Walker played for which team that ends their regular season with the Civil War rivalry game?
2025-12-19 03:44:30 - [INFO] - ğŸ“‹ doc_filter: 10 ä¸ªæ–‡æ¡£
2025-12-19 03:44:40 - [INFO] - ğŸ¤– é¢„æµ‹: University of Oregon
2025-12-19 03:44:40 - [INFO] - âœ… çœŸå€¼: Oregon Ducks football
2025-12-19 03:44:40 - [INFO] - ğŸ“Š æŒ‡æ ‡: F1=0.33 | P=0.33 | R=0.33 | âš ï¸ Low F1 (0.33) (è€—æ—¶: 9.87s)
2025-12-19 03:44:40 - [INFO] - ------------------------------------------------------------
2025-12-19 03:44:40 - [INFO] - è¿›åº¦: [192/800] | Query ID: 5ae819ac55429952e35eaa16
2025-12-19 03:44:40 - [INFO] - â“ é—®é¢˜: What station broadcast the episode "Marry Me a Little, Marry Me a Little More" , of the series created by Max Mutchnick and David Kohan?
2025-12-19 03:44:40 - [INFO] - ğŸ“‹ doc_filter: 10 ä¸ªæ–‡æ¡£
2025-12-19 03:44:49 - [INFO] - ğŸ¤– é¢„æµ‹: NBC
2025-12-19 03:44:49 - [INFO] - âœ… çœŸå€¼: National Broadcasting Company
2025-12-19 03:44:49 - [INFO] - âš–ï¸ è£åˆ¤: âœ… è¯­ä¹‰ä¸€è‡´ (è™½ç„¶ F1=0.00)
2025-12-19 03:44:49 - [INFO] - ğŸ“Š æŒ‡æ ‡: F1=0.00 | P=0.00 | R=0.00 | âœ… Sem-Match (è€—æ—¶: 9.15s)
2025-12-19 03:44:49 - [INFO] - ------------------------------------------------------------
2025-12-19 03:44:49 - [INFO] - è¿›åº¦: [193/800] | Query ID: 5aba65a055429939ce03dcd2
2025-12-19 03:44:49 - [INFO] - â“ é—®é¢˜: Georges-Henri Bousquet translated the work of a historian who is of what heritage?
2025-12-19 03:44:49 - [INFO] - ğŸ“‹ doc_filter: 10 ä¸ªæ–‡æ¡£
2025-12-19 03:44:58 - [INFO] - ğŸ¤– é¢„æµ‹: Arab
2025-12-19 03:44:58 - [INFO] - âœ… çœŸå€¼: North African Arab
2025-12-19 03:44:58 - [INFO] - ğŸ“Š æŒ‡æ ‡: F1=0.50 | P=1.00 | R=0.33 | ğŸ‰ High F1 (0.50) (è€—æ—¶: 9.13s)
2025-12-19 03:44:58 - [INFO] - ------------------------------------------------------------
2025-12-19 03:44:58 - [INFO] - è¿›åº¦: [194/800] | Query ID: 5a87bada5542994846c1cddc
2025-12-19 03:44:58 - [INFO] - â“ é—®é¢˜: In which city are the headquarters of the American research and scientific development company where Ravi Sethi worked as computer scientist located?
2025-12-19 03:44:58 - [INFO] - ğŸ“‹ doc_filter: 10 ä¸ªæ–‡æ¡£
2025-12-19 03:45:07 - [INFO] - ğŸ¤– é¢„æµ‹: Murray Hill
2025-12-19 03:45:07 - [INFO] - âœ… çœŸå€¼: Murray Hill
2025-12-19 03:45:07 - [INFO] - ğŸ“Š æŒ‡æ ‡: F1=1.00 | P=1.00 | R=1.00 | ğŸ‰ High F1 (1.00) (è€—æ—¶: 8.83s)
2025-12-19 03:45:07 - [INFO] - ------------------------------------------------------------
2025-12-19 03:45:07 - [INFO] - è¿›åº¦: [195/800] | Query ID: 5ae74fc45542997b22f6a6b4
2025-12-19 03:45:07 - [INFO] - â“ é—®é¢˜: What is the full name of the viral respiratory disease in which Yi Guan's research helped to prevent the outbreak of?
2025-12-19 03:45:07 - [INFO] - ğŸ“‹ doc_filter: 10 ä¸ªæ–‡æ¡£
2025-12-19 03:45:16 - [INFO] - ğŸ¤– é¢„æµ‹: SARS
2025-12-19 03:45:16 - [INFO] - âœ… çœŸå€¼: severe acute respiratory syndrome
2025-12-19 03:45:16 - [INFO] - âš–ï¸ è£åˆ¤: âœ… è¯­ä¹‰ä¸€è‡´ (è™½ç„¶ F1=0.00)
2025-12-19 03:45:16 - [INFO] - ğŸ“Š æŒ‡æ ‡: F1=0.00 | P=0.00 | R=0.00 | âœ… Sem-Match (è€—æ—¶: 9.10s)
2025-12-19 03:45:16 - [INFO] - ------------------------------------------------------------
2025-12-19 03:45:16 - [INFO] - è¿›åº¦: [196/800] | Query ID: 5adf65555542992d7e9f9334
2025-12-19 03:45:16 - [INFO] - â“ é—®é¢˜: Which Kentucky Writers Hall of Fame author has had works published by Dim Gray Bar Press?
2025-12-19 03:45:16 - [INFO] - ğŸ“‹ doc_filter: 10 ä¸ªæ–‡æ¡£
2025-12-19 03:45:25 - [INFO] - ğŸ¤– é¢„æµ‹: Wendell Berry
2025-12-19 03:45:25 - [INFO] - âœ… çœŸå€¼: Wendell Berry
2025-12-19 03:45:25 - [INFO] - ğŸ“Š æŒ‡æ ‡: F1=1.00 | P=1.00 | R=1.00 | ğŸ‰ High F1 (1.00) (è€—æ—¶: 9.05s)
2025-12-19 03:45:25 - [INFO] - ------------------------------------------------------------
2025-12-19 03:45:25 - [INFO] - è¿›åº¦: [197/800] | Query ID: 5ade69e455429975fa854ec5
2025-12-19 03:45:25 - [INFO] - â“ é—®é¢˜: What director worked with Vikram Bhatt on a film starring actors Rajneesh Duggal and Adah Sharma?
2025-12-19 03:45:25 - [INFO] - ğŸ“‹ doc_filter: 10 ä¸ªæ–‡æ¡£
2025-12-19 03:45:35 - [INFO] - ğŸ¤– é¢„æµ‹: Vikram Bhatt
2025-12-19 03:45:35 - [INFO] - âœ… çœŸå€¼: Tinu Suresh Desai
2025-12-19 03:45:35 - [INFO] - ğŸ“Š æŒ‡æ ‡: F1=0.00 | P=0.00 | R=0.00 | âŒ MISS (è€—æ—¶: 9.74s)
2025-12-19 03:45:35 - [INFO] - ------------------------------------------------------------
2025-12-19 03:45:35 - [INFO] - è¿›åº¦: [198/800] | Query ID: 5ae057fd55429945ae959328
2025-12-19 03:45:35 - [INFO] - â“ é—®é¢˜:  Robert Smith founded the multinational company headquartered in what city?
2025-12-19 03:45:35 - [INFO] - ğŸ“‹ doc_filter: 10 ä¸ªæ–‡æ¡£
2025-12-19 03:45:45 - [INFO] - ğŸ¤– é¢„æµ‹: Santa Clara
2025-12-19 03:45:45 - [INFO] - âœ… çœŸå€¼: Golden Valley, Minnesota,
2025-12-19 03:45:45 - [INFO] - ğŸ“Š æŒ‡æ ‡: F1=0.00 | P=0.00 | R=0.00 | âŒ MISS (è€—æ—¶: 9.50s)
2025-12-19 03:45:45 - [INFO] - ------------------------------------------------------------
2025-12-19 03:45:45 - [INFO] - è¿›åº¦: [199/800] | Query ID: 5ab28019554299722f9b4d51
2025-12-19 03:45:45 - [INFO] - â“ é—®é¢˜: What amount was the settlement that the character from the Son of al Quada got in 2017?
2025-12-19 03:45:45 - [INFO] - ğŸ“‹ doc_filter: 10 ä¸ªæ–‡æ¡£
2025-12-19 03:45:54 - [INFO] - ğŸ¤– é¢„æµ‹: $10.5 million
2025-12-19 03:45:54 - [INFO] - âœ… çœŸå€¼: $10.5 million
2025-12-19 03:45:54 - [INFO] - ğŸ“Š æŒ‡æ ‡: F1=1.00 | P=1.00 | R=1.00 | ğŸ‰ High F1 (1.00) (è€—æ—¶: 9.17s)
2025-12-19 03:45:54 - [INFO] - ------------------------------------------------------------
2025-12-19 03:45:54 - [INFO] - è¿›åº¦: [200/800] | Query ID: 5a75f79555429976ec32bcca
2025-12-19 03:45:54 - [INFO] - â“ é—®é¢˜: Considered the strongest recorded tropical cyclone, which cyclone had a film made about it in 2007?
2025-12-19 03:45:54 - [INFO] - ğŸ“‹ doc_filter: 10 ä¸ªæ–‡æ¡£
2025-12-19 03:46:03 - [INFO] - ğŸ¤– é¢„æµ‹: Gonu
2025-12-19 03:46:03 - [INFO] - âœ… çœŸå€¼: 1999 Odisha cyclone
2025-12-19 03:46:03 - [INFO] - ğŸ“Š æŒ‡æ ‡: F1=0.00 | P=0.00 | R=0.00 | âŒ MISS (è€—æ—¶: 9.19s)
2025-12-19 03:46:03 - [INFO] - ------------------------------------------------------------
2025-12-19 03:46:03 - [INFO] - è¿›åº¦: [201/800] | Query ID: 5adef80b5542993a75d263c4
2025-12-19 03:46:03 - [INFO] - â“ é—®é¢˜: The 2000 British film Snatch was later adapted into a television series for what streaming service?
2025-12-19 03:46:03 - [INFO] - ğŸ“‹ doc_filter: 10 ä¸ªæ–‡æ¡£
2025-12-19 03:46:12 - [INFO] - ğŸ¤– é¢„æµ‹: Crackle
2025-12-19 03:46:12 - [INFO] - âœ… çœŸå€¼: Crackle
2025-12-19 03:46:12 - [INFO] - ğŸ“Š æŒ‡æ ‡: F1=1.00 | P=1.00 | R=1.00 | ğŸ‰ High F1 (1.00) (è€—æ—¶: 8.80s)
2025-12-19 03:46:12 - [INFO] - ------------------------------------------------------------
2025-12-19 03:46:12 - [INFO] - è¿›åº¦: [202/800] | Query ID: 5ae0aaf455429945ae959401
2025-12-19 03:46:12 - [INFO] - â“ é—®é¢˜: Chris Williams last played for which football club from the National League North?
2025-12-19 03:46:12 - [INFO] - ğŸ“‹ doc_filter: 10 ä¸ªæ–‡æ¡£
2025-12-19 03:46:21 - [INFO] - ğŸ¤– é¢„æµ‹: Salford City F.C.
2025-12-19 03:46:21 - [INFO] - âœ… çœŸå€¼: Salford City Football Club
2025-12-19 03:46:21 - [INFO] - âš–ï¸ è£åˆ¤: âœ… è¯­ä¹‰ä¸€è‡´ (è™½ç„¶ F1=0.57)
2025-12-19 03:46:21 - [INFO] - ğŸ“Š æŒ‡æ ‡: F1=0.57 | P=0.67 | R=0.50 | âœ… Sem-Match (è€—æ—¶: 9.38s)
2025-12-19 03:46:21 - [INFO] - ------------------------------------------------------------
2025-12-19 03:46:21 - [INFO] - è¿›åº¦: [203/800] | Query ID: 5ab47d765542991751b4d78f
2025-12-19 03:46:21 - [INFO] - â“ é—®é¢˜: Who designed the hotel that held the IFBB professional bodybuilding competition in September 1991?
2025-12-19 03:46:21 - [INFO] - ğŸ“‹ doc_filter: 10 ä¸ªæ–‡æ¡£
2025-12-19 03:46:31 - [INFO] - ğŸ¤– é¢„æµ‹: Walt Disney
2025-12-19 03:46:31 - [INFO] - âœ… çœŸå€¼: architect Michael Graves
2025-12-19 03:46:31 - [INFO] - ğŸ“Š æŒ‡æ ‡: F1=0.00 | P=0.00 | R=0.00 | âŒ MISS (è€—æ—¶: 9.69s)
2025-12-19 03:46:31 - [INFO] - ------------------------------------------------------------
2025-12-19 03:46:31 - [INFO] - è¿›åº¦: [204/800] | Query ID: 5a7ed2c655429930675135e5
2025-12-19 03:46:31 - [INFO] - â“ é—®é¢˜: At the 71st Golden Globe Awards for television in 2013, what achievement did Breaking Bad, police sitcom Brooklyn Nine-Nine and American Hustle attain?
2025-12-19 03:46:31 - [INFO] - ğŸ“‹ doc_filter: 10 ä¸ªæ–‡æ¡£
2025-12-19 03:46:40 - [INFO] - ğŸ¤– é¢„æµ‹: Multiple awards
2025-12-19 03:46:40 - [INFO] - âœ… çœŸå€¼: multiple awards
2025-12-19 03:46:40 - [INFO] - ğŸ“Š æŒ‡æ ‡: F1=1.00 | P=1.00 | R=1.00 | ğŸ‰ High F1 (1.00) (è€—æ—¶: 8.84s)
2025-12-19 03:46:40 - [INFO] - ------------------------------------------------------------
2025-12-19 03:46:40 - [INFO] - è¿›åº¦: [205/800] | Query ID: 5ac3e0f7554299194317388b
2025-12-19 03:46:40 - [INFO] - â“ é—®é¢˜: Which actor does American Beauty and American Beauty have in common?
2025-12-19 03:46:40 - [INFO] - ğŸ“‹ doc_filter: 10 ä¸ªæ–‡æ¡£
2025-12-19 03:46:48 - [INFO] - ğŸ¤– é¢„æµ‹: Kevin Spacey
2025-12-19 03:46:48 - [INFO] - âœ… çœŸå€¼: Kevin Spacey
2025-12-19 03:46:48 - [INFO] - ğŸ“Š æŒ‡æ ‡: F1=1.00 | P=1.00 | R=1.00 | ğŸ‰ High F1 (1.00) (è€—æ—¶: 8.75s)
2025-12-19 03:46:48 - [INFO] - ------------------------------------------------------------
2025-12-19 03:46:48 - [INFO] - è¿›åº¦: [206/800] | Query ID: 5a7bae20554299294a54aa96
2025-12-19 03:46:48 - [INFO] - â“ é—®é¢˜: Onika Tanya Maraj is a judge on a television show hosted by whom? 
2025-12-19 03:46:48 - [INFO] - ğŸ“‹ doc_filter: 10 ä¸ªæ–‡æ¡£
2025-12-19 03:46:58 - [INFO] - ğŸ¤– é¢„æµ‹: Marissa Jaret Winokur
2025-12-19 03:46:58 - [INFO] - âœ… çœŸå€¼: Ryan Seacrest
2025-12-19 03:46:58 - [INFO] - ğŸ“Š æŒ‡æ ‡: F1=0.00 | P=0.00 | R=0.00 | âŒ MISS (è€—æ—¶: 9.43s)
2025-12-19 03:46:58 - [INFO] - ------------------------------------------------------------
2025-12-19 03:46:58 - [INFO] - è¿›åº¦: [207/800] | Query ID: 5ab8ee035542991b5579f04b
2025-12-19 03:46:58 - [INFO] - â“ é—®é¢˜: Are Hot Rod and The Memory of Our People both magazines?
2025-12-19 03:46:58 - [INFO] - ğŸ“‹ doc_filter: 10 ä¸ªæ–‡æ¡£
2025-12-19 03:47:07 - [INFO] - ğŸ¤– é¢„æµ‹: yes
2025-12-19 03:47:07 - [INFO] - âœ… çœŸå€¼: yes
2025-12-19 03:47:07 - [INFO] - ğŸ“Š æŒ‡æ ‡: F1=1.00 | P=1.00 | R=1.00 | ğŸ‰ High F1 (1.00) (è€—æ—¶: 8.90s)
2025-12-19 03:47:07 - [INFO] - ------------------------------------------------------------
2025-12-19 03:47:07 - [INFO] - è¿›åº¦: [208/800] | Query ID: 5a7a276d5542996c55b2dd27
2025-12-19 03:47:07 - [INFO] - â“ é—®é¢˜: Who was Chamberlain and Colonel of the military staff of The Merrie Monarch?
2025-12-19 03:47:07 - [INFO] - ğŸ“‹ doc_filter: 10 ä¸ªæ–‡æ¡£
2025-12-19 03:47:16 - [INFO] - ğŸ¤– é¢„æµ‹: Colonel Charles Hastings Judd
2025-12-19 03:47:16 - [INFO] - âœ… çœŸå€¼: Colonel Charles Hastings Judd
2025-12-19 03:47:16 - [INFO] - ğŸ“Š æŒ‡æ ‡: F1=1.00 | P=1.00 | R=1.00 | ğŸ‰ High F1 (1.00) (è€—æ—¶: 8.98s)
2025-12-19 03:47:16 - [INFO] - ------------------------------------------------------------
2025-12-19 03:47:16 - [INFO] - è¿›åº¦: [209/800] | Query ID: 5a717d4c5542994082a3e854
2025-12-19 03:47:16 - [INFO] - â“ é—®é¢˜: Who has written more than 300 papers, Semyon Aranovich Gershgorin or Pavel Alexandrov?
2025-12-19 03:47:16 - [INFO] - ğŸ“‹ doc_filter: 10 ä¸ªæ–‡æ¡£
2025-12-19 03:47:24 - [INFO] - ğŸ¤– é¢„æµ‹: Pavel Alexandrov
2025-12-19 03:47:24 - [INFO] - âœ… çœŸå€¼: Pavel Sergeyevich Alexandrov
2025-12-19 03:47:24 - [INFO] - ğŸ“Š æŒ‡æ ‡: F1=0.80 | P=1.00 | R=0.67 | ğŸ‰ High F1 (0.80) (è€—æ—¶: 8.65s)
2025-12-19 03:47:24 - [INFO] - ------------------------------------------------------------
2025-12-19 03:47:24 - [INFO] - è¿›åº¦: [210/800] | Query ID: 5ac02e31554299294b218f3f
2025-12-19 03:47:24 - [INFO] - â“ é—®é¢˜: Which post DC Extended Universe actress will also play a role in what is intended to be the fifth installment of the DC Extended Universe?
2025-12-19 03:47:24 - [INFO] - ğŸ“‹ doc_filter: 10 ä¸ªæ–‡æ¡£
2025-12-19 03:47:33 - [INFO] - ğŸ¤– é¢„æµ‹: Gal Gadot
2025-12-19 03:47:33 - [INFO] - âœ… çœŸå€¼: Gal Gadot
2025-12-19 03:47:33 - [INFO] - ğŸ“Š æŒ‡æ ‡: F1=1.00 | P=1.00 | R=1.00 | ğŸ‰ High F1 (1.00) (è€—æ—¶: 8.89s)
2025-12-19 03:47:33 - [INFO] - ------------------------------------------------------------
2025-12-19 03:47:33 - [INFO] - è¿›åº¦: [211/800] | Query ID: 5a79ea435542996c55b2dc9e
2025-12-19 03:47:33 - [INFO] - â“ é—®é¢˜: Who was the captain of the only battleship to provide gunfire support during the Vietnam War?
2025-12-19 03:47:33 - [INFO] - ğŸ“‹ doc_filter: 10 ä¸ªæ–‡æ¡£
2025-12-19 03:47:43 - [INFO] - ğŸ¤– é¢„æµ‹: Rear Adm. J. Edward Snyder
2025-12-19 03:47:43 - [INFO] - âœ… çœŸå€¼: Rear Adm. J. Edward Snyder
2025-12-19 03:47:43 - [INFO] - ğŸ“Š æŒ‡æ ‡: F1=1.00 | P=1.00 | R=1.00 | ğŸ‰ High F1 (1.00) (è€—æ—¶: 9.29s)
2025-12-19 03:47:43 - [INFO] - ------------------------------------------------------------
2025-12-19 03:47:43 - [INFO] - è¿›åº¦: [212/800] | Query ID: 5ab7e4dc5542995dae37e9df
2025-12-19 03:47:43 - [INFO] - â“ é—®é¢˜: The Polar Bears featuring the voice of Armie Hammer, is also the same voice actor for which character in Cars 3?
2025-12-19 03:47:43 - [INFO] - ğŸ“‹ doc_filter: 10 ä¸ªæ–‡æ¡£
2025-12-19 03:47:51 - [INFO] - ğŸ¤– é¢„æµ‹: Jackson Storm
2025-12-19 03:47:51 - [INFO] - âœ… çœŸå€¼: Jackson Storm
2025-12-19 03:47:51 - [INFO] - ğŸ“Š æŒ‡æ ‡: F1=1.00 | P=1.00 | R=1.00 | ğŸ‰ High F1 (1.00) (è€—æ—¶: 8.82s)
2025-12-19 03:47:51 - [INFO] - ------------------------------------------------------------
2025-12-19 03:47:51 - [INFO] - è¿›åº¦: [213/800] | Query ID: 5a834ed95542990548d0b1ca
2025-12-19 03:47:51 - [INFO] - â“ é—®é¢˜: Which tower is taller, 712 Fifth Avenue or Manhattan Life Insurance Building?
2025-12-19 03:47:51 - [INFO] - ğŸ“‹ doc_filter: 10 ä¸ªæ–‡æ¡£
2025-12-19 03:48:01 - [INFO] - ğŸ¤– é¢„æµ‹: 712 Fifth Avenue
2025-12-19 03:48:01 - [INFO] - âœ… çœŸå€¼: 712 5th Avenue
2025-12-19 03:48:01 - [INFO] - âš–ï¸ è£åˆ¤: âœ… è¯­ä¹‰ä¸€è‡´ (è™½ç„¶ F1=0.67)
2025-12-19 03:48:01 - [INFO] - ğŸ“Š æŒ‡æ ‡: F1=0.67 | P=0.67 | R=0.67 | âœ… Sem-Match (è€—æ—¶: 9.21s)
2025-12-19 03:48:01 - [INFO] - ------------------------------------------------------------
2025-12-19 03:48:01 - [INFO] - è¿›åº¦: [214/800] | Query ID: 5ab41d855542996a3a969f4b
2025-12-19 03:48:01 - [INFO] - â“ é—®é¢˜: Is the Pakistan fast bowler who joined the Kent County Cricket Club in June, 2011 a left-hand or right-hand batsmans?
2025-12-19 03:48:01 - [INFO] - ğŸ“‹ doc_filter: 10 ä¸ªæ–‡æ¡£
2025-12-19 03:48:10 - [INFO] - ğŸ¤– é¢„æµ‹: right-hand
2025-12-19 03:48:10 - [INFO] - âœ… çœŸå€¼: right-hand
2025-12-19 03:48:10 - [INFO] - ğŸ“Š æŒ‡æ ‡: F1=1.00 | P=1.00 | R=1.00 | ğŸ‰ High F1 (1.00) (è€—æ—¶: 9.03s)
2025-12-19 03:48:10 - [INFO] - ------------------------------------------------------------
2025-12-19 03:48:10 - [INFO] - è¿›åº¦: [215/800] | Query ID: 5a7b7ff75542995eb53be93d
2025-12-19 03:48:10 - [INFO] - â“ é—®é¢˜: Who was born first, Arthur Conan Doyle or Penelope Lively?
2025-12-19 03:48:10 - [INFO] - ğŸ“‹ doc_filter: 10 ä¸ªæ–‡æ¡£
2025-12-19 03:48:20 - [INFO] - ğŸ¤– é¢„æµ‹: Arthur Conan Doyle (1859)
2025-12-19 03:48:20 - [INFO] - âœ… çœŸå€¼: Arthur Ignatius Conan Doyle
2025-12-19 03:48:20 - [INFO] - âš–ï¸ è£åˆ¤: âœ… è¯­ä¹‰ä¸€è‡´ (è™½ç„¶ F1=0.75)
2025-12-19 03:48:20 - [INFO] - ğŸ“Š æŒ‡æ ‡: F1=0.75 | P=0.75 | R=0.75 | âœ… Sem-Match (è€—æ—¶: 9.91s)
2025-12-19 03:48:20 - [INFO] - ------------------------------------------------------------
2025-12-19 03:48:20 - [INFO] - è¿›åº¦: [216/800] | Query ID: 5a7d19d85542995ed0d165e8
2025-12-19 03:48:20 - [INFO] - â“ é—®é¢˜: The Tennessee Volunteers football team plays as a member for a conference in what city?
2025-12-19 03:48:20 - [INFO] - ğŸ“‹ doc_filter: 10 ä¸ªæ–‡æ¡£
2025-12-19 03:48:29 - [INFO] - ğŸ¤– é¢„æµ‹: Knoxville
2025-12-19 03:48:29 - [INFO] - âœ… çœŸå€¼: Birmingham, Alabama
2025-12-19 03:48:29 - [INFO] - ğŸ“Š æŒ‡æ ‡: F1=0.00 | P=0.00 | R=0.00 | âŒ MISS (è€—æ—¶: 9.35s)
2025-12-19 03:48:29 - [INFO] - ------------------------------------------------------------
2025-12-19 03:48:29 - [INFO] - è¿›åº¦: [217/800] | Query ID: 5ae7ed17554299540e5a56a3
2025-12-19 03:48:29 - [INFO] - â“ é—®é¢˜: Ernest Foot was the best friend of the fighter pilot who had how many victories?
2025-12-19 03:48:29 - [INFO] - ğŸ“‹ doc_filter: 10 ä¸ªæ–‡æ¡£
2025-12-19 03:48:39 - [INFO] - ğŸ¤– é¢„æµ‹: Albert Ball, VC, DSO & Two Bars, MC (44)
2025-12-19 03:48:39 - [INFO] - âœ… çœŸå€¼: 44
2025-12-19 03:48:39 - [INFO] - âš–ï¸ è£åˆ¤: âœ… è¯­ä¹‰ä¸€è‡´ (è™½ç„¶ F1=0.22)
2025-12-19 03:48:39 - [INFO] - ğŸ“Š æŒ‡æ ‡: F1=0.22 | P=0.12 | R=1.00 | âœ… Sem-Match (è€—æ—¶: 9.79s)
2025-12-19 03:48:39 - [INFO] - ------------------------------------------------------------
2025-12-19 03:48:39 - [INFO] - è¿›åº¦: [218/800] | Query ID: 5ab2659e554299340b5254b2
2025-12-19 03:48:39 - [INFO] - â“ é—®é¢˜: From March 631 to April 631, Farrukhzad Khosrau V was the king of an empire that succeeded which empire?
2025-12-19 03:48:39 - [INFO] - ğŸ“‹ doc_filter: 10 ä¸ªæ–‡æ¡£
2025-12-19 03:48:48 - [INFO] - ğŸ¤– é¢„æµ‹: Sasanian
2025-12-19 03:48:48 - [INFO] - âœ… çœŸå€¼: the Parthian Empire
2025-12-19 03:48:48 - [INFO] - âš–ï¸ è£åˆ¤: âœ… è¯­ä¹‰ä¸€è‡´ (è™½ç„¶ F1=0.00)
2025-12-19 03:48:48 - [INFO] - ğŸ“Š æŒ‡æ ‡: F1=0.00 | P=0.00 | R=0.00 | âœ… Sem-Match (è€—æ—¶: 9.27s)
2025-12-19 03:48:48 - [INFO] - ------------------------------------------------------------
2025-12-19 03:48:48 - [INFO] - è¿›åº¦: [219/800] | Query ID: 5abd2eab5542992ac4f38210
2025-12-19 03:48:48 - [INFO] - â“ é—®é¢˜: Which suburb is a soap opera featuring a character named Beverly Marshall set in?
2025-12-19 03:48:48 - [INFO] - ğŸ“‹ doc_filter: 10 ä¸ªæ–‡æ¡£
2025-12-19 03:48:57 - [INFO] - ğŸ¤– é¢„æµ‹: Ramsay Street
2025-12-19 03:48:57 - [INFO] - âœ… çœŸå€¼: Erinsborough
2025-12-19 03:48:57 - [INFO] - âš–ï¸ è£åˆ¤: âœ… è¯­ä¹‰ä¸€è‡´ (è™½ç„¶ F1=0.00)
2025-12-19 03:48:57 - [INFO] - ğŸ“Š æŒ‡æ ‡: F1=0.00 | P=0.00 | R=0.00 | âœ… Sem-Match (è€—æ—¶: 9.32s)
2025-12-19 03:48:57 - [INFO] - ------------------------------------------------------------
2025-12-19 03:48:57 - [INFO] - è¿›åº¦: [220/800] | Query ID: 5abaf3195542996cc5e49f2c
2025-12-19 03:48:57 - [INFO] - â“ é—®é¢˜: Which country did the Falkland Islands beat in the 2010 Commonwealth games that has eleven administrative divisions?
2025-12-19 03:48:57 - [INFO] - ğŸ“‹ doc_filter: 10 ä¸ªæ–‡æ¡£
2025-12-19 03:49:07 - [INFO] - ğŸ¤– é¢„æµ‹: Samoa
2025-12-19 03:49:07 - [INFO] - âœ… çœŸå€¼: Samoa
2025-12-19 03:49:07 - [INFO] - ğŸ“Š æŒ‡æ ‡: F1=1.00 | P=1.00 | R=1.00 | ğŸ‰ High F1 (1.00) (è€—æ—¶: 9.30s)
2025-12-19 03:49:07 - [INFO] - ------------------------------------------------------------
2025-12-19 03:49:07 - [INFO] - è¿›åº¦: [221/800] | Query ID: 5a791a97554299148911f9f2
2025-12-19 03:49:07 - [INFO] - â“ é—®é¢˜: Which Netflix series "Unbreakable" character is Elizabeth Claire Kemper known for playing?
2025-12-19 03:49:07 - [INFO] - ğŸ“‹ doc_filter: 10 ä¸ªæ–‡æ¡£
2025-12-19 03:49:16 - [INFO] - ğŸ¤– é¢„æµ‹: Kimmy Schmidt
2025-12-19 03:49:16 - [INFO] - âœ… çœŸå€¼: Kimberly Couger "Kimmy" Schmidt
2025-12-19 03:49:16 - [INFO] - âš–ï¸ è£åˆ¤: âœ… è¯­ä¹‰ä¸€è‡´ (è™½ç„¶ F1=0.67)
2025-12-19 03:49:16 - [INFO] - ğŸ“Š æŒ‡æ ‡: F1=0.67 | P=1.00 | R=0.50 | âœ… Sem-Match (è€—æ—¶: 9.18s)
2025-12-19 03:49:16 - [INFO] - ------------------------------------------------------------
2025-12-19 03:49:16 - [INFO] - è¿›åº¦: [222/800] | Query ID: 5adf58f15542993a75d264d2
2025-12-19 03:49:16 - [INFO] - â“ é—®é¢˜: Which television series featured an actor who also performed in "The Young Ones"?
2025-12-19 03:49:16 - [INFO] - ğŸ“‹ doc_filter: 10 ä¸ªæ–‡æ¡£
2025-12-19 03:49:25 - [INFO] - ğŸ¤– é¢„æµ‹: Filthy Rich & Catflap
2025-12-19 03:49:25 - [INFO] - âœ… çœŸå€¼: "The Comic Strip Presents..."
2025-12-19 03:49:25 - [INFO] - âš–ï¸ è£åˆ¤: âœ… è¯­ä¹‰ä¸€è‡´ (è™½ç„¶ F1=0.00)
2025-12-19 03:49:25 - [INFO] - ğŸ“Š æŒ‡æ ‡: F1=0.00 | P=0.00 | R=0.00 | âœ… Sem-Match (è€—æ—¶: 9.48s)
2025-12-19 03:49:25 - [INFO] - ------------------------------------------------------------
2025-12-19 03:49:25 - [INFO] - è¿›åº¦: [223/800] | Query ID: 5adc65e85542996e68525350
2025-12-19 03:49:25 - [INFO] - â“ é—®é¢˜: Are both Dafeng District and Dazhou located in the same province?
2025-12-19 03:49:25 - [INFO] - ğŸ“‹ doc_filter: 5 ä¸ªæ–‡æ¡£
2025-12-19 03:49:34 - [INFO] - ğŸ¤– é¢„æµ‹: no
2025-12-19 03:49:34 - [INFO] - âœ… çœŸå€¼: no
2025-12-19 03:49:34 - [INFO] - ğŸ“Š æŒ‡æ ‡: F1=1.00 | P=1.00 | R=1.00 | ğŸ‰ High F1 (1.00) (è€—æ—¶: 8.79s)
2025-12-19 03:49:34 - [INFO] - ------------------------------------------------------------
2025-12-19 03:49:34 - [INFO] - è¿›åº¦: [224/800] | Query ID: 5a87ab9b5542996e4f3088c2
2025-12-19 03:49:34 - [INFO] - â“ é—®é¢˜: In what century did this Native warrior and chief, whose brother Tenskwatawa led the Tippecanoe order of battle, become the primary leader of a large, multi tribal confederacy?
2025-12-19 03:49:34 - [INFO] - ğŸ“‹ doc_filter: 10 ä¸ªæ–‡æ¡£
2025-12-19 03:49:43 - [INFO] - ğŸ¤– é¢„æµ‹: 18th
2025-12-19 03:49:43 - [INFO] - âœ… çœŸå€¼: nineteenth
2025-12-19 03:49:43 - [INFO] - ğŸ“Š æŒ‡æ ‡: F1=0.00 | P=0.00 | R=0.00 | âŒ MISS (è€—æ—¶: 9.38s)
2025-12-19 03:49:43 - [INFO] - ------------------------------------------------------------
2025-12-19 03:49:43 - [INFO] - è¿›åº¦: [225/800] | Query ID: 5a738fe855429908901be2fb
2025-12-19 03:49:43 - [INFO] - â“ é—®é¢˜: What film was written and directed by Joby Harold with music written by Samuel Sim?
2025-12-19 03:49:43 - [INFO] - ğŸ“‹ doc_filter: 10 ä¸ªæ–‡æ¡£
2025-12-19 03:49:53 - [INFO] - ğŸ¤– é¢„æµ‹: Awake (film)
2025-12-19 03:49:53 - [INFO] - âœ… çœŸå€¼: Awake
2025-12-19 03:49:53 - [INFO] - âš–ï¸ è£åˆ¤: âœ… è¯­ä¹‰ä¸€è‡´ (è™½ç„¶ F1=0.67)
2025-12-19 03:49:53 - [INFO] - ğŸ“Š æŒ‡æ ‡: F1=0.67 | P=0.50 | R=1.00 | âœ… Sem-Match (è€—æ—¶: 9.45s)
2025-12-19 03:49:53 - [INFO] - ------------------------------------------------------------
2025-12-19 03:49:53 - [INFO] - è¿›åº¦: [226/800] | Query ID: 5a8c65a1554299585d9e3680
2025-12-19 03:49:53 - [INFO] - â“ é—®é¢˜: What is the name of the ethnic group who settled in Canada in the 17th century that participated in a conflict with Irish Catholic immigrants in the Shiners' War?
2025-12-19 03:49:53 - [INFO] - ğŸ“‹ doc_filter: 10 ä¸ªæ–‡æ¡£
2025-12-19 03:50:02 - [INFO] - ğŸ¤– é¢„æµ‹: French Canadians
2025-12-19 03:50:02 - [INFO] - âœ… çœŸå€¼: French Canadians
2025-12-19 03:50:02 - [INFO] - ğŸ“Š æŒ‡æ ‡: F1=1.00 | P=1.00 | R=1.00 | ğŸ‰ High F1 (1.00) (è€—æ—¶: 9.22s)
2025-12-19 03:50:02 - [INFO] - ------------------------------------------------------------
2025-12-19 03:50:02 - [INFO] - è¿›åº¦: [227/800] | Query ID: 5ac2bbd0554299218029db09
2025-12-19 03:50:02 - [INFO] - â“ é—®é¢˜: The author of The Thing of It Is... is what Nationality?
2025-12-19 03:50:02 - [INFO] - ğŸ“‹ doc_filter: 10 ä¸ªæ–‡æ¡£
2025-12-19 03:50:11 - [INFO] - ğŸ¤– é¢„æµ‹: American
2025-12-19 03:50:11 - [INFO] - âœ… çœŸå€¼: American
2025-12-19 03:50:11 - [INFO] - ğŸ“Š æŒ‡æ ‡: F1=1.00 | P=1.00 | R=1.00 | ğŸ‰ High F1 (1.00) (è€—æ—¶: 8.59s)
2025-12-19 03:50:11 - [INFO] - ------------------------------------------------------------
2025-12-19 03:50:11 - [INFO] - è¿›åº¦: [228/800] | Query ID: 5adf3e355542993a75d26440
2025-12-19 03:50:11 - [INFO] - â“ é—®é¢˜: How long is the bridge in the Ã–resund Region that connect Copenhagen, Denmark and Malmo, Sweden?
2025-12-19 03:50:11 - [INFO] - ğŸ“‹ doc_filter: 10 ä¸ªæ–‡æ¡£
2025-12-19 03:50:20 - [INFO] - ğŸ¤– é¢„æµ‹: 8 km
2025-12-19 03:50:20 - [INFO] - âœ… çœŸå€¼: 8 km
2025-12-19 03:50:20 - [INFO] - ğŸ“Š æŒ‡æ ‡: F1=1.00 | P=1.00 | R=1.00 | ğŸ‰ High F1 (1.00) (è€—æ—¶: 8.86s)
2025-12-19 03:50:20 - [INFO] - ------------------------------------------------------------
2025-12-19 03:50:20 - [INFO] - è¿›åº¦: [229/800] | Query ID: 5ae82ae555429952e35eaa71
2025-12-19 03:50:20 - [INFO] - â“ é—®é¢˜: Martin Patterson "Pat" Hingle was a close friend of an actor who achieved success in what Western TV series? 
2025-12-19 03:50:20 - [INFO] - ğŸ“‹ doc_filter: 10 ä¸ªæ–‡æ¡£
2025-12-19 03:50:29 - [INFO] - ğŸ¤– é¢„æµ‹: Rawhide
2025-12-19 03:50:29 - [INFO] - âœ… çœŸå€¼: Rawhide
2025-12-19 03:50:29 - [INFO] - ğŸ“Š æŒ‡æ ‡: F1=1.00 | P=1.00 | R=1.00 | ğŸ‰ High F1 (1.00) (è€—æ—¶: 8.98s)
2025-12-19 03:50:29 - [INFO] - ------------------------------------------------------------
2025-12-19 03:50:29 - [INFO] - è¿›åº¦: [230/800] | Query ID: 5ac289ff5542996366519a02
2025-12-19 03:50:29 - [INFO] - â“ é—®é¢˜: Is the Marsilea or the Brabejum the genus of more individual species of plants?
2025-12-19 03:50:29 - [INFO] - ğŸ“‹ doc_filter: 10 ä¸ªæ–‡æ¡£
2025-12-19 03:50:38 - [INFO] - ğŸ¤– é¢„æµ‹: Brabejum (1)
2025-12-19 03:50:38 - [INFO] - âœ… çœŸå€¼: Marsilea
2025-12-19 03:50:38 - [INFO] - ğŸ“Š æŒ‡æ ‡: F1=0.00 | P=0.00 | R=0.00 | âŒ MISS (è€—æ—¶: 9.44s)
2025-12-19 03:50:38 - [INFO] - ------------------------------------------------------------
2025-12-19 03:50:38 - [INFO] - è¿›åº¦: [231/800] | Query ID: 5a7a5b3a5542996c55b2dd71
2025-12-19 03:50:38 - [INFO] - â“ é—®é¢˜: What building is opposite the ceremonial meeting place of the Accession Council in the United Kingdom?
2025-12-19 03:50:38 - [INFO] - ğŸ“‹ doc_filter: 10 ä¸ªæ–‡æ¡£
2025-12-19 03:50:47 - [INFO] - ğŸ¤– é¢„æµ‹: St James's Palace
2025-12-19 03:50:47 - [INFO] - âœ… çœŸå€¼: Mark Masons' Hall
2025-12-19 03:50:47 - [INFO] - ğŸ“Š æŒ‡æ ‡: F1=0.00 | P=0.00 | R=0.00 | âŒ MISS (è€—æ—¶: 9.23s)
2025-12-19 03:50:47 - [INFO] - ------------------------------------------------------------
2025-12-19 03:50:47 - [INFO] - è¿›åº¦: [232/800] | Query ID: 5ab8688b55429934fafe6daa
2025-12-19 03:50:47 - [INFO] - â“ é—®é¢˜: What material did a hairdresser from Yorkshire, England invent that was named by his granddaughter?
2025-12-19 03:50:47 - [INFO] - ğŸ“‹ doc_filter: 10 ä¸ªæ–‡æ¡£
2025-12-19 03:50:56 - [INFO] - ğŸ¤– é¢„æµ‹: Starlite
2025-12-19 03:50:56 - [INFO] - âœ… çœŸå€¼: Starlite
2025-12-19 03:50:56 - [INFO] - ğŸ“Š æŒ‡æ ‡: F1=1.00 | P=1.00 | R=1.00 | ğŸ‰ High F1 (1.00) (è€—æ—¶: 9.25s)
2025-12-19 03:50:56 - [INFO] - ------------------------------------------------------------
2025-12-19 03:50:56 - [INFO] - è¿›åº¦: [233/800] | Query ID: 5a7a3a945542996a35c17147
2025-12-19 03:50:56 - [INFO] - â“ é—®é¢˜: One Raffles Place is one of the tallest skyscrapers in the city of Singapore and tallest in the wolrd outside North America until it was succeeded by a Building in city?
2025-12-19 03:50:56 - [INFO] - ğŸ“‹ doc_filter: 10 ä¸ªæ–‡æ¡£
2025-12-19 03:51:06 - [INFO] - ğŸ¤– é¢„æµ‹: One Raffles Place
2025-12-19 03:51:06 - [INFO] - âœ… çœŸå€¼: Hong Kong
2025-12-19 03:51:06 - [INFO] - ğŸ“Š æŒ‡æ ‡: F1=0.00 | P=0.00 | R=0.00 | âŒ MISS (è€—æ—¶: 9.75s)
2025-12-19 03:51:06 - [INFO] - ------------------------------------------------------------
2025-12-19 03:51:06 - [INFO] - è¿›åº¦: [234/800] | Query ID: 5ab9b29c554299743d22ebae
2025-12-19 03:51:06 - [INFO] - â“ é—®é¢˜: Which case came first, Craig v. Boren or United States v. Paramount Pictures, Inc.?
2025-12-19 03:51:06 - [INFO] - ğŸ“‹ doc_filter: 10 ä¸ªæ–‡æ¡£
2025-12-19 03:51:16 - [INFO] - ğŸ¤– é¢„æµ‹: United States v. Paramount Pictures, Inc., 1948
2025-12-19 03:51:16 - [INFO] - âœ… çœŸå€¼: Craig v. Boren
2025-12-19 03:51:16 - [INFO] - ğŸ“Š æŒ‡æ ‡: F1=0.20 | P=0.14 | R=0.33 | âš ï¸ Low F1 (0.20) (è€—æ—¶: 9.87s)
2025-12-19 03:51:16 - [INFO] - ------------------------------------------------------------
2025-12-19 03:51:16 - [INFO] - è¿›åº¦: [235/800] | Query ID: 5a8b63fa55429950cd6afcd7
2025-12-19 03:51:16 - [INFO] - â“ é—®é¢˜: What is the nickname of the city where Darling's Waterfront Pavilion is located?
2025-12-19 03:51:16 - [INFO] - ğŸ“‹ doc_filter: 10 ä¸ªæ–‡æ¡£
2025-12-19 03:51:25 - [INFO] - ğŸ¤– é¢„æµ‹: Queen City
2025-12-19 03:51:25 - [INFO] - âœ… çœŸå€¼: "Queen City"
2025-12-19 03:51:25 - [INFO] - ğŸ“Š æŒ‡æ ‡: F1=1.00 | P=1.00 | R=1.00 | ğŸ‰ High F1 (1.00) (è€—æ—¶: 8.84s)
2025-12-19 03:51:25 - [INFO] - ------------------------------------------------------------
2025-12-19 03:51:25 - [INFO] - è¿›åº¦: [236/800] | Query ID: 5ade51b45542997c77adedf4
2025-12-19 03:51:25 - [INFO] - â“ é—®é¢˜: The Kansas City Wizards have had three home venues in Kansas City in their time.  Which was their first?
2025-12-19 03:51:25 - [INFO] - ğŸ“‹ doc_filter: 10 ä¸ªæ–‡æ¡£
2025-12-19 03:51:34 - [INFO] - ğŸ¤– é¢„æµ‹: Arrowhead Stadium
2025-12-19 03:51:34 - [INFO] - âœ… çœŸå€¼: Arrowhead Stadium
2025-12-19 03:51:34 - [INFO] - ğŸ“Š æŒ‡æ ‡: F1=1.00 | P=1.00 | R=1.00 | ğŸ‰ High F1 (1.00) (è€—æ—¶: 8.83s)
2025-12-19 03:51:34 - [INFO] - ------------------------------------------------------------
2025-12-19 03:51:34 - [INFO] - è¿›åº¦: [237/800] | Query ID: 5ae4c49a5542995dadf24400
2025-12-19 03:51:34 - [INFO] - â“ é—®é¢˜: Henry Hall is known for fighting in the Revolutionary War, and for being the first to successfully cultivate this food found in what type of bogs?
2025-12-19 03:51:34 - [INFO] - ğŸ“‹ doc_filter: 10 ä¸ªæ–‡æ¡£
2025-12-19 03:51:43 - [INFO] - ğŸ¤– é¢„æµ‹: Acidic
2025-12-19 03:51:43 - [INFO] - âœ… çœŸå€¼: acidic
2025-12-19 03:51:43 - [INFO] - ğŸ“Š æŒ‡æ ‡: F1=1.00 | P=1.00 | R=1.00 | ğŸ‰ High F1 (1.00) (è€—æ—¶: 9.10s)
2025-12-19 03:51:43 - [INFO] - ------------------------------------------------------------
2025-12-19 03:51:43 - [INFO] - è¿›åº¦: [238/800] | Query ID: 5a7d3470554299452d57bb56
2025-12-19 03:51:43 - [INFO] - â“ é—®é¢˜: A scam involving a male calling small town fast-food restaurants and pretending to be a police officer to have them strip search employees was turned into a movie of what name?
2025-12-19 03:51:43 - [INFO] - ğŸ“‹ doc_filter: 10 ä¸ªæ–‡æ¡£
2025-12-19 03:51:52 - [INFO] - ğŸ¤– é¢„æµ‹: Compliance
2025-12-19 03:51:52 - [INFO] - âœ… çœŸå€¼: Compliance
2025-12-19 03:51:52 - [INFO] - ğŸ“Š æŒ‡æ ‡: F1=1.00 | P=1.00 | R=1.00 | ğŸ‰ High F1 (1.00) (è€—æ—¶: 8.66s)
2025-12-19 03:51:52 - [INFO] - ------------------------------------------------------------
2025-12-19 03:51:52 - [INFO] - è¿›åº¦: [239/800] | Query ID: 5ae4f2c75542993aec5ec0fb
2025-12-19 03:51:52 - [INFO] - â“ é—®é¢˜: What airport serviced by American Airlines Shuttle, is also the largest airport in the New England region and 17th busiest in the U.S?
2025-12-19 03:51:52 - [INFO] - ğŸ“‹ doc_filter: 10 ä¸ªæ–‡æ¡£
2025-12-19 03:52:00 - [INFO] - ğŸ¤– é¢„æµ‹: Logan International Airport (BOS)
2025-12-19 03:52:00 - [INFO] - âœ… çœŸå€¼: Logan International Airport
2025-12-19 03:52:00 - [INFO] - ğŸ“Š æŒ‡æ ‡: F1=0.86 | P=0.75 | R=1.00 | ğŸ‰ High F1 (0.86) (è€—æ—¶: 8.87s)
2025-12-19 03:52:00 - [INFO] - ------------------------------------------------------------
2025-12-19 03:52:00 - [INFO] - è¿›åº¦: [240/800] | Query ID: 5ab1d7ac554299449642c7e6
2025-12-19 03:52:00 - [INFO] - â“ é—®é¢˜: Which genus has more species, Xanthoceras or Ehretia?
2025-12-19 03:52:00 - [INFO] - ğŸ“‹ doc_filter: 2 ä¸ªæ–‡æ¡£
2025-12-19 03:52:09 - [INFO] - ğŸ¤– é¢„æµ‹: Ehretia
2025-12-19 03:52:09 - [INFO] - âœ… çœŸå€¼: Ehretia
2025-12-19 03:52:09 - [INFO] - ğŸ“Š æŒ‡æ ‡: F1=1.00 | P=1.00 | R=1.00 | ğŸ‰ High F1 (1.00) (è€—æ—¶: 8.67s)
2025-12-19 03:52:09 - [INFO] - ------------------------------------------------------------
2025-12-19 03:52:09 - [INFO] - è¿›åº¦: [241/800] | Query ID: 5a85cead5542991dd0999ea9
2025-12-19 03:52:09 - [INFO] - â“ é—®é¢˜: What arcade game is named after the only player in major league history to have a 0.300 batting average for 7 consecutive seasons?
2025-12-19 03:52:09 - [INFO] - ğŸ“‹ doc_filter: 10 ä¸ªæ–‡æ¡£
2025-12-19 03:52:19 - [INFO] - ğŸ¤– é¢„æµ‹: MVP Baseball 2005
2025-12-19 03:52:19 - [INFO] - âœ… çœŸå€¼: a pinball machine
2025-12-19 03:52:19 - [INFO] - ğŸ“Š æŒ‡æ ‡: F1=0.00 | P=0.00 | R=0.00 | âŒ MISS (è€—æ—¶: 9.83s)
2025-12-19 03:52:19 - [INFO] - ------------------------------------------------------------
2025-12-19 03:52:19 - [INFO] - è¿›åº¦: [242/800] | Query ID: 5a73a7c755429978a71e9068
2025-12-19 03:52:19 - [INFO] - â“ é—®é¢˜: What american actress/singer born in 1956 recorded the song Something there for beauty and the beast?
2025-12-19 03:52:19 - [INFO] - ğŸ“‹ doc_filter: 10 ä¸ªæ–‡æ¡£
2025-12-19 03:52:28 - [INFO] - ğŸ¤– é¢„æµ‹: Robby Benson
2025-12-19 03:52:28 - [INFO] - âœ… çœŸå€¼: Donna Paige Helmintoller
2025-12-19 03:52:28 - [INFO] - ğŸ“Š æŒ‡æ ‡: F1=0.00 | P=0.00 | R=0.00 | âŒ MISS (è€—æ—¶: 9.17s)
2025-12-19 03:52:28 - [INFO] - ------------------------------------------------------------
2025-12-19 03:52:28 - [INFO] - è¿›åº¦: [243/800] | Query ID: 5a7f113d55429934daa2fcbe
2025-12-19 03:52:28 - [INFO] - â“ é—®é¢˜: Which professional baseball player and National 1993 Baseball Hall of Fame inductee is featured in the Greatest Sports Legends anthology? 
2025-12-19 03:52:28 - [INFO] - ğŸ“‹ doc_filter: 10 ä¸ªæ–‡æ¡£
2025-12-19 03:52:37 - [INFO] - ğŸ¤– é¢„æµ‹: Reggie Jackson
2025-12-19 03:52:37 - [INFO] - âœ… çœŸå€¼: Reginald Martinez "Reggie" Jackson
2025-12-19 03:52:37 - [INFO] - âš–ï¸ è£åˆ¤: âœ… è¯­ä¹‰ä¸€è‡´ (è™½ç„¶ F1=0.67)
2025-12-19 03:52:37 - [INFO] - ğŸ“Š æŒ‡æ ‡: F1=0.67 | P=1.00 | R=0.50 | âœ… Sem-Match (è€—æ—¶: 9.12s)
2025-12-19 03:52:37 - [INFO] - ------------------------------------------------------------
2025-12-19 03:52:37 - [INFO] - è¿›åº¦: [244/800] | Query ID: 5ae6828f5542996d980e7bb9
2025-12-19 03:52:37 - [INFO] - â“ é—®é¢˜: Salisbury Woodland Gardens links a zoo with a park designed and built under the watchful eye of who?
2025-12-19 03:52:37 - [INFO] - ğŸ“‹ doc_filter: 10 ä¸ªæ–‡æ¡£
2025-12-19 03:52:46 - [INFO] - ğŸ¤– é¢„æµ‹: Thomas Mawson
2025-12-19 03:52:46 - [INFO] - âœ… çœŸå€¼: Thomas Mawson
2025-12-19 03:52:46 - [INFO] - ğŸ“Š æŒ‡æ ‡: F1=1.00 | P=1.00 | R=1.00 | ğŸ‰ High F1 (1.00) (è€—æ—¶: 9.26s)
2025-12-19 03:52:46 - [INFO] - ------------------------------------------------------------
2025-12-19 03:52:46 - [INFO] - è¿›åº¦: [245/800] | Query ID: 5ab31864554299233954ff06
2025-12-19 03:52:46 - [INFO] - â“ é—®é¢˜: What class of instrument does Apatim Majumdar play?
2025-12-19 03:52:46 - [INFO] - ğŸ“‹ doc_filter: 10 ä¸ªæ–‡æ¡£
2025-12-19 03:52:56 - [INFO] - ğŸ¤– é¢„æµ‹: Sarod
2025-12-19 03:52:56 - [INFO] - âœ… çœŸå€¼: strings
2025-12-19 03:52:56 - [INFO] - ğŸ“Š æŒ‡æ ‡: F1=0.00 | P=0.00 | R=0.00 | âŒ MISS (è€—æ—¶: 9.27s)
2025-12-19 03:52:56 - [INFO] - ------------------------------------------------------------
2025-12-19 03:52:56 - [INFO] - è¿›åº¦: [246/800] | Query ID: 5abe239355429976d4830a7d
2025-12-19 03:52:56 - [INFO] - â“ é—®é¢˜: Jamie Harris is best known for his role as The Hook-Handed Man in a movie directed by who ?
2025-12-19 03:52:56 - [INFO] - ğŸ“‹ doc_filter: 10 ä¸ªæ–‡æ¡£
2025-12-19 03:53:05 - [INFO] - ğŸ¤– é¢„æµ‹: Lemony Snicket's A Series of Unfortunate Events
2025-12-19 03:53:05 - [INFO] - âœ… çœŸå€¼: Brad Silberling
2025-12-19 03:53:05 - [INFO] - ğŸ“Š æŒ‡æ ‡: F1=0.00 | P=0.00 | R=0.00 | âŒ MISS (è€—æ—¶: 9.72s)
2025-12-19 03:53:05 - [INFO] - ------------------------------------------------------------
2025-12-19 03:53:05 - [INFO] - è¿›åº¦: [247/800] | Query ID: 5ac2659b55429963665199a1
2025-12-19 03:53:05 - [INFO] - â“ é—®é¢˜: How many laps did Harry Prowell run during the 10,000 metres race at the 1967 Pan American Games?
2025-12-19 03:53:05 - [INFO] - ğŸ“‹ doc_filter: 10 ä¸ªæ–‡æ¡£
2025-12-19 03:53:22 - [INFO] - ğŸ¤– é¢„æµ‹: 25
2025-12-19 03:53:22 - [INFO] - âœ… çœŸå€¼: 25 laps
2025-12-19 03:53:22 - [INFO] - ğŸ“Š æŒ‡æ ‡: F1=0.67 | P=1.00 | R=0.50 | ğŸ‰ High F1 (0.67) (è€—æ—¶: 16.11s)
2025-12-19 03:53:22 - [INFO] - ------------------------------------------------------------
2025-12-19 03:53:22 - [INFO] - è¿›åº¦: [248/800] | Query ID: 5ae058e855429945ae959331
2025-12-19 03:53:22 - [INFO] - â“ é—®é¢˜: Are  Chrysalis and Look both women's magazines?
2025-12-19 03:53:22 - [INFO] - ğŸ“‹ doc_filter: 10 ä¸ªæ–‡æ¡£
2025-12-19 04:00:02 - [ERROR] - âŒ å¤„ç†å‡ºé”™: Request timed out.
2025-12-19 04:00:02 - [ERROR] - Traceback (most recent call last):
  File "/home/miniconda3/envs/kg2rag/lib/python3.11/site-packages/httpx/_transports/default.py", line 101, in map_httpcore_exceptions
    yield
  File "/home/miniconda3/envs/kg2rag/lib/python3.11/site-packages/httpx/_transports/default.py", line 250, in handle_request
    resp = self._pool.handle_request(req)
           ^^^^^^^^^^^^^^^^^^^^^^^^^^^^^^
  File "/home/miniconda3/envs/kg2rag/lib/python3.11/site-packages/httpcore/_sync/connection_pool.py", line 256, in handle_request
    raise exc from None
  File "/home/miniconda3/envs/kg2rag/lib/python3.11/site-packages/httpcore/_sync/connection_pool.py", line 236, in handle_request
    response = connection.handle_request(
               ^^^^^^^^^^^^^^^^^^^^^^^^^^
  File "/home/miniconda3/envs/kg2rag/lib/python3.11/site-packages/httpcore/_sync/http_proxy.py", line 206, in handle_request
    return self._connection.handle_request(proxy_request)
           ^^^^^^^^^^^^^^^^^^^^^^^^^^^^^^^^^^^^^^^^^^^^^^
  File "/home/miniconda3/envs/kg2rag/lib/python3.11/site-packages/httpcore/_sync/connection.py", line 101, in handle_request
    raise exc
  File "/home/miniconda3/envs/kg2rag/lib/python3.11/site-packages/httpcore/_sync/connection.py", line 78, in handle_request
    stream = self._connect(request)
             ^^^^^^^^^^^^^^^^^^^^^^
  File "/home/miniconda3/envs/kg2rag/lib/python3.11/site-packages/httpcore/_sync/connection.py", line 124, in _connect
    stream = self._network_backend.connect_tcp(**kwargs)
             ^^^^^^^^^^^^^^^^^^^^^^^^^^^^^^^^^^^^^^^^^^^
  File "/home/miniconda3/envs/kg2rag/lib/python3.11/site-packages/httpcore/_backends/sync.py", line 207, in connect_tcp
    with map_exceptions(exc_map):
  File "/home/miniconda3/envs/kg2rag/lib/python3.11/contextlib.py", line 158, in __exit__
    self.gen.throw(typ, value, traceback)
  File "/home/miniconda3/envs/kg2rag/lib/python3.11/site-packages/httpcore/_exceptions.py", line 14, in map_exceptions
    raise to_exc(exc) from exc
httpcore.ConnectTimeout: [Errno 110] Connection timed out

The above exception was the direct cause of the following exception:

Traceback (most recent call last):
  File "/home/miniconda3/envs/kg2rag/lib/python3.11/site-packages/openai/_base_client.py", line 982, in request
    response = self._client.send(
               ^^^^^^^^^^^^^^^^^^
  File "/home/miniconda3/envs/kg2rag/lib/python3.11/site-packages/httpx/_client.py", line 914, in send
    response = self._send_handling_auth(
               ^^^^^^^^^^^^^^^^^^^^^^^^^
  File "/home/miniconda3/envs/kg2rag/lib/python3.11/site-packages/httpx/_client.py", line 942, in _send_handling_auth
    response = self._send_handling_redirects(
               ^^^^^^^^^^^^^^^^^^^^^^^^^^^^^^
  File "/home/miniconda3/envs/kg2rag/lib/python3.11/site-packages/httpx/_client.py", line 979, in _send_handling_redirects
    response = self._send_single_request(request)
               ^^^^^^^^^^^^^^^^^^^^^^^^^^^^^^^^^^
  File "/home/miniconda3/envs/kg2rag/lib/python3.11/site-packages/httpx/_client.py", line 1014, in _send_single_request
    response = transport.handle_request(request)
               ^^^^^^^^^^^^^^^^^^^^^^^^^^^^^^^^^
  File "/home/miniconda3/envs/kg2rag/lib/python3.11/site-packages/httpx/_transports/default.py", line 249, in handle_request
    with map_httpcore_exceptions():
  File "/home/miniconda3/envs/kg2rag/lib/python3.11/contextlib.py", line 158, in __exit__
    self.gen.throw(typ, value, traceback)
  File "/home/miniconda3/envs/kg2rag/lib/python3.11/site-packages/httpx/_transports/default.py", line 118, in map_httpcore_exceptions
    raise mapped_exc(message) from exc
httpx.ConnectTimeout: [Errno 110] Connection timed out

The above exception was the direct cause of the following exception:

Traceback (most recent call last):
  File "/root/KGPRAG/evaluate.py", line 191, in <module>
    prediction = engine.query(
                 ^^^^^^^^^^^^^
  File "/root/KGPRAG/src/engine.py", line 232, in query
    return self.llm.invoke(prompt).content
           ^^^^^^^^^^^^^^^^^^^^^^^
  File "/home/miniconda3/envs/kg2rag/lib/python3.11/site-packages/langchain_core/language_models/chat_models.py", line 170, in invoke
    self.generate_prompt(
  File "/home/miniconda3/envs/kg2rag/lib/python3.11/site-packages/langchain_core/language_models/chat_models.py", line 599, in generate_prompt
    return self.generate(prompt_messages, stop=stop, callbacks=callbacks, **kwargs)
           ^^^^^^^^^^^^^^^^^^^^^^^^^^^^^^^^^^^^^^^^^^^^^^^^^^^^^^^^^^^^^^^^^^^^^^^^
  File "/home/miniconda3/envs/kg2rag/lib/python3.11/site-packages/langchain_core/language_models/chat_models.py", line 456, in generate
    raise e
  File "/home/miniconda3/envs/kg2rag/lib/python3.11/site-packages/langchain_core/language_models/chat_models.py", line 446, in generate
    self._generate_with_cache(
  File "/home/miniconda3/envs/kg2rag/lib/python3.11/site-packages/langchain_core/language_models/chat_models.py", line 671, in _generate_with_cache
    result = self._generate(
             ^^^^^^^^^^^^^^^
  File "/home/miniconda3/envs/kg2rag/lib/python3.11/site-packages/langchain_openai/chat_models/base.py", line 522, in _generate
    response = self.client.create(messages=message_dicts, **params)
               ^^^^^^^^^^^^^^^^^^^^^^^^^^^^^^^^^^^^^^^^^^^^^^^^^^^^
  File "/home/miniconda3/envs/kg2rag/lib/python3.11/site-packages/openai/_utils/_utils.py", line 286, in wrapper
    return func(*args, **kwargs)
           ^^^^^^^^^^^^^^^^^^^^^
  File "/home/miniconda3/envs/kg2rag/lib/python3.11/site-packages/openai/resources/chat/completions/completions.py", line 1147, in create
    return self._post(
           ^^^^^^^^^^^
  File "/home/miniconda3/envs/kg2rag/lib/python3.11/site-packages/openai/_base_client.py", line 1259, in post
    return cast(ResponseT, self.request(cast_to, opts, stream=stream, stream_cls=stream_cls))
                           ^^^^^^^^^^^^^^^^^^^^^^^^^^^^^^^^^^^^^^^^^^^^^^^^^^^^^^^^^^^^^^^^^
  File "/home/miniconda3/envs/kg2rag/lib/python3.11/site-packages/openai/_base_client.py", line 1000, in request
    raise APITimeoutError(request=request) from err
openai.APITimeoutError: Request timed out.

2025-12-19 04:00:02 - [INFO] - ------------------------------------------------------------
2025-12-19 04:00:02 - [INFO] - è¿›åº¦: [249/800] | Query ID: 5a7b8749554299294a54a9db
2025-12-19 04:00:02 - [INFO] - â“ é—®é¢˜: Which author has won more Pulitzer Prizes, Thomas Friedman or Henri Bergson?
2025-12-19 04:00:02 - [INFO] - ğŸ“‹ doc_filter: 10 ä¸ªæ–‡æ¡£
2025-12-19 04:06:41 - [ERROR] - âŒ å¤„ç†å‡ºé”™: Request timed out.
2025-12-19 04:06:41 - [ERROR] - Traceback (most recent call last):
  File "/home/miniconda3/envs/kg2rag/lib/python3.11/site-packages/httpx/_transports/default.py", line 101, in map_httpcore_exceptions
    yield
  File "/home/miniconda3/envs/kg2rag/lib/python3.11/site-packages/httpx/_transports/default.py", line 250, in handle_request
    resp = self._pool.handle_request(req)
           ^^^^^^^^^^^^^^^^^^^^^^^^^^^^^^
  File "/home/miniconda3/envs/kg2rag/lib/python3.11/site-packages/httpcore/_sync/connection_pool.py", line 256, in handle_request
    raise exc from None
  File "/home/miniconda3/envs/kg2rag/lib/python3.11/site-packages/httpcore/_sync/connection_pool.py", line 236, in handle_request
    response = connection.handle_request(
               ^^^^^^^^^^^^^^^^^^^^^^^^^^
  File "/home/miniconda3/envs/kg2rag/lib/python3.11/site-packages/httpcore/_sync/http_proxy.py", line 206, in handle_request
    return self._connection.handle_request(proxy_request)
           ^^^^^^^^^^^^^^^^^^^^^^^^^^^^^^^^^^^^^^^^^^^^^^
  File "/home/miniconda3/envs/kg2rag/lib/python3.11/site-packages/httpcore/_sync/connection.py", line 101, in handle_request
    raise exc
  File "/home/miniconda3/envs/kg2rag/lib/python3.11/site-packages/httpcore/_sync/connection.py", line 78, in handle_request
    stream = self._connect(request)
             ^^^^^^^^^^^^^^^^^^^^^^
  File "/home/miniconda3/envs/kg2rag/lib/python3.11/site-packages/httpcore/_sync/connection.py", line 124, in _connect
    stream = self._network_backend.connect_tcp(**kwargs)
             ^^^^^^^^^^^^^^^^^^^^^^^^^^^^^^^^^^^^^^^^^^^
  File "/home/miniconda3/envs/kg2rag/lib/python3.11/site-packages/httpcore/_backends/sync.py", line 207, in connect_tcp
    with map_exceptions(exc_map):
  File "/home/miniconda3/envs/kg2rag/lib/python3.11/contextlib.py", line 158, in __exit__
    self.gen.throw(typ, value, traceback)
  File "/home/miniconda3/envs/kg2rag/lib/python3.11/site-packages/httpcore/_exceptions.py", line 14, in map_exceptions
    raise to_exc(exc) from exc
httpcore.ConnectTimeout: [Errno 110] Connection timed out

The above exception was the direct cause of the following exception:

Traceback (most recent call last):
  File "/home/miniconda3/envs/kg2rag/lib/python3.11/site-packages/openai/_base_client.py", line 982, in request
    response = self._client.send(
               ^^^^^^^^^^^^^^^^^^
  File "/home/miniconda3/envs/kg2rag/lib/python3.11/site-packages/httpx/_client.py", line 914, in send
    response = self._send_handling_auth(
               ^^^^^^^^^^^^^^^^^^^^^^^^^
  File "/home/miniconda3/envs/kg2rag/lib/python3.11/site-packages/httpx/_client.py", line 942, in _send_handling_auth
    response = self._send_handling_redirects(
               ^^^^^^^^^^^^^^^^^^^^^^^^^^^^^^
  File "/home/miniconda3/envs/kg2rag/lib/python3.11/site-packages/httpx/_client.py", line 979, in _send_handling_redirects
    response = self._send_single_request(request)
               ^^^^^^^^^^^^^^^^^^^^^^^^^^^^^^^^^^
  File "/home/miniconda3/envs/kg2rag/lib/python3.11/site-packages/httpx/_client.py", line 1014, in _send_single_request
    response = transport.handle_request(request)
               ^^^^^^^^^^^^^^^^^^^^^^^^^^^^^^^^^
  File "/home/miniconda3/envs/kg2rag/lib/python3.11/site-packages/httpx/_transports/default.py", line 249, in handle_request
    with map_httpcore_exceptions():
  File "/home/miniconda3/envs/kg2rag/lib/python3.11/contextlib.py", line 158, in __exit__
    self.gen.throw(typ, value, traceback)
  File "/home/miniconda3/envs/kg2rag/lib/python3.11/site-packages/httpx/_transports/default.py", line 118, in map_httpcore_exceptions
    raise mapped_exc(message) from exc
httpx.ConnectTimeout: [Errno 110] Connection timed out

The above exception was the direct cause of the following exception:

Traceback (most recent call last):
  File "/root/KGPRAG/evaluate.py", line 191, in <module>
    prediction = engine.query(
                 ^^^^^^^^^^^^^
  File "/root/KGPRAG/src/engine.py", line 232, in query
    return self.llm.invoke(prompt).content
           ^^^^^^^^^^^^^^^^^^^^^^^
  File "/home/miniconda3/envs/kg2rag/lib/python3.11/site-packages/langchain_core/language_models/chat_models.py", line 170, in invoke
    self.generate_prompt(
  File "/home/miniconda3/envs/kg2rag/lib/python3.11/site-packages/langchain_core/language_models/chat_models.py", line 599, in generate_prompt
    return self.generate(prompt_messages, stop=stop, callbacks=callbacks, **kwargs)
           ^^^^^^^^^^^^^^^^^^^^^^^^^^^^^^^^^^^^^^^^^^^^^^^^^^^^^^^^^^^^^^^^^^^^^^^^
  File "/home/miniconda3/envs/kg2rag/lib/python3.11/site-packages/langchain_core/language_models/chat_models.py", line 456, in generate
    raise e
  File "/home/miniconda3/envs/kg2rag/lib/python3.11/site-packages/langchain_core/language_models/chat_models.py", line 446, in generate
    self._generate_with_cache(
  File "/home/miniconda3/envs/kg2rag/lib/python3.11/site-packages/langchain_core/language_models/chat_models.py", line 671, in _generate_with_cache
    result = self._generate(
             ^^^^^^^^^^^^^^^
  File "/home/miniconda3/envs/kg2rag/lib/python3.11/site-packages/langchain_openai/chat_models/base.py", line 522, in _generate
    response = self.client.create(messages=message_dicts, **params)
               ^^^^^^^^^^^^^^^^^^^^^^^^^^^^^^^^^^^^^^^^^^^^^^^^^^^^
  File "/home/miniconda3/envs/kg2rag/lib/python3.11/site-packages/openai/_utils/_utils.py", line 286, in wrapper
    return func(*args, **kwargs)
           ^^^^^^^^^^^^^^^^^^^^^
  File "/home/miniconda3/envs/kg2rag/lib/python3.11/site-packages/openai/resources/chat/completions/completions.py", line 1147, in create
    return self._post(
           ^^^^^^^^^^^
  File "/home/miniconda3/envs/kg2rag/lib/python3.11/site-packages/openai/_base_client.py", line 1259, in post
    return cast(ResponseT, self.request(cast_to, opts, stream=stream, stream_cls=stream_cls))
                           ^^^^^^^^^^^^^^^^^^^^^^^^^^^^^^^^^^^^^^^^^^^^^^^^^^^^^^^^^^^^^^^^^
  File "/home/miniconda3/envs/kg2rag/lib/python3.11/site-packages/openai/_base_client.py", line 1000, in request
    raise APITimeoutError(request=request) from err
openai.APITimeoutError: Request timed out.

2025-12-19 04:06:41 - [INFO] - ------------------------------------------------------------
2025-12-19 04:06:41 - [INFO] - è¿›åº¦: [250/800] | Query ID: 5a864ff7554299211dda2af2
2025-12-19 04:06:41 - [INFO] - â“ é—®é¢˜: Yoann Lemoine, a French video director, has created music videos for Lana Del Rey, Katy Perry, and an orchestral country pop ballad by which top pop artist?
2025-12-19 04:06:41 - [INFO] - ğŸ“‹ doc_filter: 10 ä¸ªæ–‡æ¡£
2025-12-19 04:13:22 - [ERROR] - âŒ å¤„ç†å‡ºé”™: Request timed out.
2025-12-19 04:13:22 - [ERROR] - Traceback (most recent call last):
  File "/home/miniconda3/envs/kg2rag/lib/python3.11/site-packages/httpx/_transports/default.py", line 101, in map_httpcore_exceptions
    yield
  File "/home/miniconda3/envs/kg2rag/lib/python3.11/site-packages/httpx/_transports/default.py", line 250, in handle_request
    resp = self._pool.handle_request(req)
           ^^^^^^^^^^^^^^^^^^^^^^^^^^^^^^
  File "/home/miniconda3/envs/kg2rag/lib/python3.11/site-packages/httpcore/_sync/connection_pool.py", line 256, in handle_request
    raise exc from None
  File "/home/miniconda3/envs/kg2rag/lib/python3.11/site-packages/httpcore/_sync/connection_pool.py", line 236, in handle_request
    response = connection.handle_request(
               ^^^^^^^^^^^^^^^^^^^^^^^^^^
  File "/home/miniconda3/envs/kg2rag/lib/python3.11/site-packages/httpcore/_sync/http_proxy.py", line 206, in handle_request
    return self._connection.handle_request(proxy_request)
           ^^^^^^^^^^^^^^^^^^^^^^^^^^^^^^^^^^^^^^^^^^^^^^
  File "/home/miniconda3/envs/kg2rag/lib/python3.11/site-packages/httpcore/_sync/connection.py", line 101, in handle_request
    raise exc
  File "/home/miniconda3/envs/kg2rag/lib/python3.11/site-packages/httpcore/_sync/connection.py", line 78, in handle_request
    stream = self._connect(request)
             ^^^^^^^^^^^^^^^^^^^^^^
  File "/home/miniconda3/envs/kg2rag/lib/python3.11/site-packages/httpcore/_sync/connection.py", line 124, in _connect
    stream = self._network_backend.connect_tcp(**kwargs)
             ^^^^^^^^^^^^^^^^^^^^^^^^^^^^^^^^^^^^^^^^^^^
  File "/home/miniconda3/envs/kg2rag/lib/python3.11/site-packages/httpcore/_backends/sync.py", line 207, in connect_tcp
    with map_exceptions(exc_map):
  File "/home/miniconda3/envs/kg2rag/lib/python3.11/contextlib.py", line 158, in __exit__
    self.gen.throw(typ, value, traceback)
  File "/home/miniconda3/envs/kg2rag/lib/python3.11/site-packages/httpcore/_exceptions.py", line 14, in map_exceptions
    raise to_exc(exc) from exc
httpcore.ConnectTimeout: [Errno 110] Connection timed out

The above exception was the direct cause of the following exception:

Traceback (most recent call last):
  File "/home/miniconda3/envs/kg2rag/lib/python3.11/site-packages/openai/_base_client.py", line 982, in request
    response = self._client.send(
               ^^^^^^^^^^^^^^^^^^
  File "/home/miniconda3/envs/kg2rag/lib/python3.11/site-packages/httpx/_client.py", line 914, in send
    response = self._send_handling_auth(
               ^^^^^^^^^^^^^^^^^^^^^^^^^
  File "/home/miniconda3/envs/kg2rag/lib/python3.11/site-packages/httpx/_client.py", line 942, in _send_handling_auth
    response = self._send_handling_redirects(
               ^^^^^^^^^^^^^^^^^^^^^^^^^^^^^^
  File "/home/miniconda3/envs/kg2rag/lib/python3.11/site-packages/httpx/_client.py", line 979, in _send_handling_redirects
    response = self._send_single_request(request)
               ^^^^^^^^^^^^^^^^^^^^^^^^^^^^^^^^^^
  File "/home/miniconda3/envs/kg2rag/lib/python3.11/site-packages/httpx/_client.py", line 1014, in _send_single_request
    response = transport.handle_request(request)
               ^^^^^^^^^^^^^^^^^^^^^^^^^^^^^^^^^
  File "/home/miniconda3/envs/kg2rag/lib/python3.11/site-packages/httpx/_transports/default.py", line 249, in handle_request
    with map_httpcore_exceptions():
  File "/home/miniconda3/envs/kg2rag/lib/python3.11/contextlib.py", line 158, in __exit__
    self.gen.throw(typ, value, traceback)
  File "/home/miniconda3/envs/kg2rag/lib/python3.11/site-packages/httpx/_transports/default.py", line 118, in map_httpcore_exceptions
    raise mapped_exc(message) from exc
httpx.ConnectTimeout: [Errno 110] Connection timed out

The above exception was the direct cause of the following exception:

Traceback (most recent call last):
  File "/root/KGPRAG/evaluate.py", line 191, in <module>
    prediction = engine.query(
                 ^^^^^^^^^^^^^
  File "/root/KGPRAG/src/engine.py", line 232, in query
    return self.llm.invoke(prompt).content
           ^^^^^^^^^^^^^^^^^^^^^^^
  File "/home/miniconda3/envs/kg2rag/lib/python3.11/site-packages/langchain_core/language_models/chat_models.py", line 170, in invoke
    self.generate_prompt(
  File "/home/miniconda3/envs/kg2rag/lib/python3.11/site-packages/langchain_core/language_models/chat_models.py", line 599, in generate_prompt
    return self.generate(prompt_messages, stop=stop, callbacks=callbacks, **kwargs)
           ^^^^^^^^^^^^^^^^^^^^^^^^^^^^^^^^^^^^^^^^^^^^^^^^^^^^^^^^^^^^^^^^^^^^^^^^
  File "/home/miniconda3/envs/kg2rag/lib/python3.11/site-packages/langchain_core/language_models/chat_models.py", line 456, in generate
    raise e
  File "/home/miniconda3/envs/kg2rag/lib/python3.11/site-packages/langchain_core/language_models/chat_models.py", line 446, in generate
    self._generate_with_cache(
  File "/home/miniconda3/envs/kg2rag/lib/python3.11/site-packages/langchain_core/language_models/chat_models.py", line 671, in _generate_with_cache
    result = self._generate(
             ^^^^^^^^^^^^^^^
  File "/home/miniconda3/envs/kg2rag/lib/python3.11/site-packages/langchain_openai/chat_models/base.py", line 522, in _generate
    response = self.client.create(messages=message_dicts, **params)
               ^^^^^^^^^^^^^^^^^^^^^^^^^^^^^^^^^^^^^^^^^^^^^^^^^^^^
  File "/home/miniconda3/envs/kg2rag/lib/python3.11/site-packages/openai/_utils/_utils.py", line 286, in wrapper
    return func(*args, **kwargs)
           ^^^^^^^^^^^^^^^^^^^^^
  File "/home/miniconda3/envs/kg2rag/lib/python3.11/site-packages/openai/resources/chat/completions/completions.py", line 1147, in create
    return self._post(
           ^^^^^^^^^^^
  File "/home/miniconda3/envs/kg2rag/lib/python3.11/site-packages/openai/_base_client.py", line 1259, in post
    return cast(ResponseT, self.request(cast_to, opts, stream=stream, stream_cls=stream_cls))
                           ^^^^^^^^^^^^^^^^^^^^^^^^^^^^^^^^^^^^^^^^^^^^^^^^^^^^^^^^^^^^^^^^^
  File "/home/miniconda3/envs/kg2rag/lib/python3.11/site-packages/openai/_base_client.py", line 1000, in request
    raise APITimeoutError(request=request) from err
openai.APITimeoutError: Request timed out.

2025-12-19 04:13:22 - [INFO] - ------------------------------------------------------------
2025-12-19 04:13:22 - [INFO] - è¿›åº¦: [251/800] | Query ID: 5ae4d3c95542990ba0bbb165
2025-12-19 04:13:22 - [INFO] - â“ é—®é¢˜: In what city can a person find both the Nusretiye Clock Tower and the Eski Imaret Mosque be found?
2025-12-19 04:13:22 - [INFO] - ğŸ“‹ doc_filter: 10 ä¸ªæ–‡æ¡£
